2025-06-14 18:30:58.410 | INFO     | __main__:<module>:210 - Iniciando coleta para acoes_ibov.csv (87 tickers)
2025-06-14 18:31:01.132 | INFO     | __main__:obter_dados_historicos_yahoo:103 - ALOS3.SA - Registros brutos recebidos: 1458
2025-06-14 18:31:01.137 | WARNING  | __main__:obter_dados_historicos_yahoo:117 - ALOS3.SA - 2 linhas removidas por dados essenciais ausentes (OHLC/Adj Close)
2025-06-14 18:31:01.138 | INFO     | __main__:obter_dados_historicos_yahoo:121 - ALOS3.SA - Registros válidos após limpeza e corte até ontem: 1456
2025-06-14 18:31:01.140 | INFO     | __main__:<module>:221 - Atualizados 1456 registros para ALOS3.SA
2025-06-14 18:31:04.670 | INFO     | __main__:obter_dados_historicos_yahoo:103 - ABEV3.SA - Registros brutos recebidos: 2487
2025-06-14 18:31:04.675 | INFO     | __main__:obter_dados_historicos_yahoo:121 - ABEV3.SA - Registros válidos após limpeza e corte até ontem: 2487
2025-06-14 18:31:04.678 | INFO     | __main__:<module>:221 - Atualizados 2487 registros para ABEV3.SA
2025-06-14 18:31:08.234 | INFO     | __main__:obter_dados_historicos_yahoo:103 - ASAI3.SA - Registros brutos recebidos: 1071
2025-06-14 18:31:08.238 | INFO     | __main__:obter_dados_historicos_yahoo:121 - ASAI3.SA - Registros válidos após limpeza e corte até ontem: 1071
2025-06-14 18:31:08.241 | INFO     | __main__:<module>:221 - Atualizados 1071 registros para ASAI3.SA
2025-06-14 18:31:11.543 | INFO     | __main__:obter_dados_historicos_yahoo:103 - AURE3.SA - Registros brutos recebidos: 803
2025-06-14 18:31:11.547 | INFO     | __main__:obter_dados_historicos_yahoo:121 - AURE3.SA - Registros válidos após limpeza e corte até ontem: 803
2025-06-14 18:31:11.549 | INFO     | __main__:<module>:221 - Atualizados 803 registros para AURE3.SA
2025-06-14 18:31:14.426 | INFO     | __main__:obter_dados_historicos_yahoo:103 - AMOB3.SA - Registros brutos recebidos: 121
2025-06-14 18:31:14.429 | INFO     | __main__:obter_dados_historicos_yahoo:121 - AMOB3.SA - Registros válidos após limpeza e corte até ontem: 121
2025-06-14 18:31:14.431 | INFO     | __main__:<module>:221 - Atualizados 121 registros para AMOB3.SA
2025-06-14 18:31:17.478 | INFO     | __main__:obter_dados_historicos_yahoo:103 - AZUL4.SA - Registros brutos recebidos: 2036
2025-06-14 18:31:17.482 | INFO     | __main__:obter_dados_historicos_yahoo:121 - AZUL4.SA - Registros válidos após limpeza e corte até ontem: 2036
2025-06-14 18:31:17.484 | INFO     | __main__:<module>:221 - Atualizados 2036 registros para AZUL4.SA
2025-06-14 18:31:21.181 | INFO     | __main__:obter_dados_historicos_yahoo:103 - AZZA3.SA - Registros brutos recebidos: 2487
2025-06-14 18:31:21.186 | INFO     | __main__:obter_dados_historicos_yahoo:121 - AZZA3.SA - Registros válidos após limpeza e corte até ontem: 2487
2025-06-14 18:31:21.188 | INFO     | __main__:<module>:221 - Atualizados 2487 registros para AZZA3.SA
2025-06-14 18:31:25.572 | INFO     | __main__:obter_dados_historicos_yahoo:103 - B3SA3.SA - Registros brutos recebidos: 2487
2025-06-14 18:31:25.577 | INFO     | __main__:obter_dados_historicos_yahoo:121 - B3SA3.SA - Registros válidos após limpeza e corte até ontem: 2487
2025-06-14 18:31:25.579 | INFO     | __main__:<module>:221 - Atualizados 2487 registros para B3SA3.SA
2025-06-14 18:31:28.936 | INFO     | __main__:obter_dados_historicos_yahoo:103 - BBSE3.SA - Registros brutos recebidos: 2487
2025-06-14 18:31:28.941 | INFO     | __main__:obter_dados_historicos_yahoo:121 - BBSE3.SA - Registros válidos após limpeza e corte até ontem: 2487
2025-06-14 18:31:28.943 | INFO     | __main__:<module>:221 - Atualizados 2487 registros para BBSE3.SA
2025-06-14 18:31:33.020 | INFO     | __main__:obter_dados_historicos_yahoo:103 - BBDC3.SA - Registros brutos recebidos: 2487
2025-06-14 18:31:33.026 | INFO     | __main__:obter_dados_historicos_yahoo:121 - BBDC3.SA - Registros válidos após limpeza e corte até ontem: 2487
2025-06-14 18:31:33.031 | INFO     | __main__:<module>:221 - Atualizados 2487 registros para BBDC3.SA
2025-06-14 18:31:36.677 | INFO     | __main__:obter_dados_historicos_yahoo:103 - BBDC4.SA - Registros brutos recebidos: 2487
2025-06-14 18:31:36.689 | INFO     | __main__:obter_dados_historicos_yahoo:121 - BBDC4.SA - Registros válidos após limpeza e corte até ontem: 2487
2025-06-14 18:31:36.695 | INFO     | __main__:<module>:221 - Atualizados 2487 registros para BBDC4.SA
2025-06-14 18:31:40.709 | INFO     | __main__:obter_dados_historicos_yahoo:103 - BRAP4.SA - Registros brutos recebidos: 2487
2025-06-14 18:31:40.716 | INFO     | __main__:obter_dados_historicos_yahoo:121 - BRAP4.SA - Registros válidos após limpeza e corte até ontem: 2487
2025-06-14 18:31:40.720 | INFO     | __main__:<module>:221 - Atualizados 2487 registros para BRAP4.SA
2025-06-14 18:31:44.828 | INFO     | __main__:obter_dados_historicos_yahoo:103 - BBAS3.SA - Registros brutos recebidos: 2487
2025-06-14 18:31:44.835 | INFO     | __main__:obter_dados_historicos_yahoo:121 - BBAS3.SA - Registros válidos após limpeza e corte até ontem: 2487
2025-06-14 18:31:44.839 | INFO     | __main__:<module>:221 - Atualizados 2487 registros para BBAS3.SA
2025-06-14 18:31:48.468 | INFO     | __main__:obter_dados_historicos_yahoo:103 - BRKM5.SA - Registros brutos recebidos: 2487
2025-06-14 18:31:48.472 | INFO     | __main__:obter_dados_historicos_yahoo:121 - BRKM5.SA - Registros válidos após limpeza e corte até ontem: 2487
2025-06-14 18:31:48.475 | INFO     | __main__:<module>:221 - Atualizados 2487 registros para BRKM5.SA
2025-06-14 18:31:51.755 | INFO     | __main__:obter_dados_historicos_yahoo:103 - BRAV3.SA - Registros brutos recebidos: 1142
2025-06-14 18:31:51.758 | WARNING  | __main__:obter_dados_historicos_yahoo:117 - BRAV3.SA - 2 linhas removidas por dados essenciais ausentes (OHLC/Adj Close)
2025-06-14 18:31:51.759 | INFO     | __main__:obter_dados_historicos_yahoo:121 - BRAV3.SA - Registros válidos após limpeza e corte até ontem: 1140
2025-06-14 18:31:51.762 | INFO     | __main__:<module>:221 - Atualizados 1140 registros para BRAV3.SA
2025-06-14 18:31:55.577 | INFO     | __main__:obter_dados_historicos_yahoo:103 - BRFS3.SA - Registros brutos recebidos: 2487
2025-06-14 18:31:55.581 | INFO     | __main__:obter_dados_historicos_yahoo:121 - BRFS3.SA - Registros válidos após limpeza e corte até ontem: 2487
2025-06-14 18:31:55.584 | INFO     | __main__:<module>:221 - Atualizados 2487 registros para BRFS3.SA
2025-06-14 18:31:59.492 | INFO     | __main__:obter_dados_historicos_yahoo:103 - BPAC11.SA - Registros brutos recebidos: 2066
2025-06-14 18:31:59.497 | INFO     | __main__:obter_dados_historicos_yahoo:121 - BPAC11.SA - Registros válidos após limpeza e corte até ontem: 2066
2025-06-14 18:31:59.500 | INFO     | __main__:<module>:221 - Atualizados 2066 registros para BPAC11.SA
2025-06-14 18:32:03.015 | INFO     | __main__:obter_dados_historicos_yahoo:103 - CXSE3.SA - Registros brutos recebidos: 1029
2025-06-14 18:32:03.019 | INFO     | __main__:obter_dados_historicos_yahoo:121 - CXSE3.SA - Registros válidos após limpeza e corte até ontem: 1029
2025-06-14 18:32:03.021 | INFO     | __main__:<module>:221 - Atualizados 1029 registros para CXSE3.SA
2025-06-14 18:32:07.154 | INFO     | __main__:obter_dados_historicos_yahoo:103 - CRFB3.SA - Registros brutos recebidos: 1966
2025-06-14 18:32:07.158 | WARNING  | __main__:obter_dados_historicos_yahoo:117 - CRFB3.SA - 9 linhas removidas por dados essenciais ausentes (OHLC/Adj Close)
2025-06-14 18:32:07.159 | INFO     | __main__:obter_dados_historicos_yahoo:121 - CRFB3.SA - Registros válidos após limpeza e corte até ontem: 1957
2025-06-14 18:32:07.162 | INFO     | __main__:<module>:221 - Atualizados 1957 registros para CRFB3.SA
2025-06-14 18:32:10.847 | INFO     | __main__:obter_dados_historicos_yahoo:103 - CCRO3.SA - Registros brutos recebidos: 2487
2025-06-14 18:32:10.851 | INFO     | __main__:obter_dados_historicos_yahoo:121 - CCRO3.SA - Registros válidos após limpeza e corte até ontem: 2487
2025-06-14 18:32:10.854 | INFO     | __main__:<module>:221 - Atualizados 2487 registros para CCRO3.SA
2025-06-14 18:32:14.591 | INFO     | __main__:obter_dados_historicos_yahoo:103 - CMIG4.SA - Registros brutos recebidos: 2487
2025-06-14 18:32:14.596 | INFO     | __main__:obter_dados_historicos_yahoo:121 - CMIG4.SA - Registros válidos após limpeza e corte até ontem: 2487
2025-06-14 18:32:14.599 | INFO     | __main__:<module>:221 - Atualizados 2487 registros para CMIG4.SA
2025-06-14 18:32:18.229 | INFO     | __main__:obter_dados_historicos_yahoo:103 - COGN3.SA - Registros brutos recebidos: 2487
2025-06-14 18:32:18.233 | INFO     | __main__:obter_dados_historicos_yahoo:121 - COGN3.SA - Registros válidos após limpeza e corte até ontem: 2487
2025-06-14 18:32:18.235 | INFO     | __main__:<module>:221 - Atualizados 2487 registros para COGN3.SA
2025-06-14 18:32:21.299 | INFO     | __main__:obter_dados_historicos_yahoo:103 - CPLE6.SA - Registros brutos recebidos: 2487
2025-06-14 18:32:21.303 | INFO     | __main__:obter_dados_historicos_yahoo:121 - CPLE6.SA - Registros válidos após limpeza e corte até ontem: 2487
2025-06-14 18:32:21.306 | INFO     | __main__:<module>:221 - Atualizados 2487 registros para CPLE6.SA
2025-06-14 18:32:25.427 | INFO     | __main__:obter_dados_historicos_yahoo:103 - CSAN3.SA - Registros brutos recebidos: 2487
2025-06-14 18:32:25.433 | INFO     | __main__:obter_dados_historicos_yahoo:121 - CSAN3.SA - Registros válidos após limpeza e corte até ontem: 2487
2025-06-14 18:32:25.435 | INFO     | __main__:<module>:221 - Atualizados 2487 registros para CSAN3.SA
2025-06-14 18:32:29.245 | INFO     | __main__:obter_dados_historicos_yahoo:103 - CPFE3.SA - Registros brutos recebidos: 2487
2025-06-14 18:32:29.249 | INFO     | __main__:obter_dados_historicos_yahoo:121 - CPFE3.SA - Registros válidos após limpeza e corte até ontem: 2487
2025-06-14 18:32:29.251 | INFO     | __main__:<module>:221 - Atualizados 2487 registros para CPFE3.SA
2025-06-14 18:32:32.932 | INFO     | __main__:obter_dados_historicos_yahoo:103 - CMIN3.SA - Registros brutos recebidos: 1076
2025-06-14 18:32:32.935 | INFO     | __main__:obter_dados_historicos_yahoo:121 - CMIN3.SA - Registros válidos após limpeza e corte até ontem: 1076
2025-06-14 18:32:32.937 | INFO     | __main__:<module>:221 - Atualizados 1076 registros para CMIN3.SA
2025-06-14 18:32:36.762 | INFO     | __main__:obter_dados_historicos_yahoo:103 - CVCB3.SA - Registros brutos recebidos: 2487
2025-06-14 18:32:36.767 | INFO     | __main__:obter_dados_historicos_yahoo:121 - CVCB3.SA - Registros válidos após limpeza e corte até ontem: 2487
2025-06-14 18:32:36.769 | INFO     | __main__:<module>:221 - Atualizados 2487 registros para CVCB3.SA
2025-06-14 18:32:40.438 | INFO     | __main__:obter_dados_historicos_yahoo:103 - CYRE3.SA - Registros brutos recebidos: 2487
2025-06-14 18:32:40.442 | INFO     | __main__:obter_dados_historicos_yahoo:121 - CYRE3.SA - Registros válidos após limpeza e corte até ontem: 2487
2025-06-14 18:32:40.444 | INFO     | __main__:<module>:221 - Atualizados 2487 registros para CYRE3.SA
2025-06-14 18:32:43.421 | INFO     | __main__:obter_dados_historicos_yahoo:103 - ELET3.SA - Registros brutos recebidos: 2487
2025-06-14 18:32:43.425 | INFO     | __main__:obter_dados_historicos_yahoo:121 - ELET3.SA - Registros válidos após limpeza e corte até ontem: 2487
2025-06-14 18:32:43.428 | INFO     | __main__:<module>:221 - Atualizados 2487 registros para ELET3.SA
2025-06-14 18:32:47.150 | INFO     | __main__:obter_dados_historicos_yahoo:103 - ELET6.SA - Registros brutos recebidos: 2487
2025-06-14 18:32:47.174 | INFO     | __main__:obter_dados_historicos_yahoo:121 - ELET6.SA - Registros válidos após limpeza e corte até ontem: 2487
2025-06-14 18:32:47.177 | INFO     | __main__:<module>:221 - Atualizados 2487 registros para ELET6.SA
2025-06-14 18:32:50.904 | INFO     | __main__:obter_dados_historicos_yahoo:103 - EMBR3.SA - Registros brutos recebidos: 2487
2025-06-14 18:32:50.908 | INFO     | __main__:obter_dados_historicos_yahoo:121 - EMBR3.SA - Registros válidos após limpeza e corte até ontem: 2487
2025-06-14 18:32:50.911 | INFO     | __main__:<module>:221 - Atualizados 2487 registros para EMBR3.SA
2025-06-14 18:32:53.894 | INFO     | __main__:obter_dados_historicos_yahoo:103 - ENGI11.SA - Registros brutos recebidos: 2487
2025-06-14 18:32:53.898 | INFO     | __main__:obter_dados_historicos_yahoo:121 - ENGI11.SA - Registros válidos após limpeza e corte até ontem: 2487
2025-06-14 18:32:53.901 | INFO     | __main__:<module>:221 - Atualizados 2487 registros para ENGI11.SA
2025-06-14 18:32:57.820 | INFO     | __main__:obter_dados_historicos_yahoo:103 - ENEV3.SA - Registros brutos recebidos: 2487
2025-06-14 18:32:57.824 | INFO     | __main__:obter_dados_historicos_yahoo:121 - ENEV3.SA - Registros válidos após limpeza e corte até ontem: 2487
2025-06-14 18:32:57.827 | INFO     | __main__:<module>:221 - Atualizados 2487 registros para ENEV3.SA
2025-06-14 18:33:01.405 | INFO     | __main__:obter_dados_historicos_yahoo:103 - EGIE3.SA - Registros brutos recebidos: 2487
2025-06-14 18:33:01.410 | INFO     | __main__:obter_dados_historicos_yahoo:121 - EGIE3.SA - Registros válidos após limpeza e corte até ontem: 2487
2025-06-14 18:33:01.414 | INFO     | __main__:<module>:221 - Atualizados 2487 registros para EGIE3.SA
2025-06-14 18:33:05.333 | INFO     | __main__:obter_dados_historicos_yahoo:103 - EQTL3.SA - Registros brutos recebidos: 2487
2025-06-14 18:33:05.337 | INFO     | __main__:obter_dados_historicos_yahoo:121 - EQTL3.SA - Registros válidos após limpeza e corte até ontem: 2487
2025-06-14 18:33:05.340 | INFO     | __main__:<module>:221 - Atualizados 2487 registros para EQTL3.SA
2025-06-14 18:33:09.001 | INFO     | __main__:obter_dados_historicos_yahoo:103 - FLRY3.SA - Registros brutos recebidos: 2487
2025-06-14 18:33:09.004 | INFO     | __main__:obter_dados_historicos_yahoo:121 - FLRY3.SA - Registros válidos após limpeza e corte até ontem: 2487
2025-06-14 18:33:09.007 | INFO     | __main__:<module>:221 - Atualizados 2487 registros para FLRY3.SA
2025-06-14 18:33:12.323 | INFO     | __main__:obter_dados_historicos_yahoo:103 - GGBR4.SA - Registros brutos recebidos: 2487
2025-06-14 18:33:12.328 | INFO     | __main__:obter_dados_historicos_yahoo:121 - GGBR4.SA - Registros válidos após limpeza e corte até ontem: 2487
2025-06-14 18:33:12.330 | INFO     | __main__:<module>:221 - Atualizados 2487 registros para GGBR4.SA
2025-06-14 18:33:16.196 | INFO     | __main__:obter_dados_historicos_yahoo:103 - GOAU4.SA - Registros brutos recebidos: 2487
2025-06-14 18:33:16.200 | INFO     | __main__:obter_dados_historicos_yahoo:121 - GOAU4.SA - Registros válidos após limpeza e corte até ontem: 2487
2025-06-14 18:33:16.202 | INFO     | __main__:<module>:221 - Atualizados 2487 registros para GOAU4.SA
2025-06-14 18:33:19.687 | INFO     | __main__:obter_dados_historicos_yahoo:103 - NTCO3.SA - Registros brutos recebidos: 1363
2025-06-14 18:33:19.691 | INFO     | __main__:obter_dados_historicos_yahoo:121 - NTCO3.SA - Registros válidos após limpeza e corte até ontem: 1363
2025-06-14 18:33:19.693 | INFO     | __main__:<module>:221 - Atualizados 1363 registros para NTCO3.SA
2025-06-14 18:33:23.177 | INFO     | __main__:obter_dados_historicos_yahoo:103 - HAPV3.SA - Registros brutos recebidos: 1771
2025-06-14 18:33:23.181 | INFO     | __main__:obter_dados_historicos_yahoo:121 - HAPV3.SA - Registros válidos após limpeza e corte até ontem: 1771
2025-06-14 18:33:23.183 | INFO     | __main__:<module>:221 - Atualizados 1771 registros para HAPV3.SA
2025-06-14 18:33:26.872 | INFO     | __main__:obter_dados_historicos_yahoo:103 - HYPE3.SA - Registros brutos recebidos: 2487
2025-06-14 18:33:26.876 | INFO     | __main__:obter_dados_historicos_yahoo:121 - HYPE3.SA - Registros válidos após limpeza e corte até ontem: 2487
2025-06-14 18:33:26.880 | INFO     | __main__:<module>:221 - Atualizados 2487 registros para HYPE3.SA
2025-06-14 18:33:30.329 | INFO     | __main__:obter_dados_historicos_yahoo:103 - IGTI11.SA - Registros brutos recebidos: 889
2025-06-14 18:33:30.331 | INFO     | __main__:obter_dados_historicos_yahoo:121 - IGTI11.SA - Registros válidos após limpeza e corte até ontem: 889
2025-06-14 18:33:30.334 | INFO     | __main__:<module>:221 - Atualizados 889 registros para IGTI11.SA
2025-06-14 18:33:34.001 | INFO     | __main__:obter_dados_historicos_yahoo:103 - IRBR3.SA - Registros brutos recebidos: 1960
2025-06-14 18:33:34.005 | INFO     | __main__:obter_dados_historicos_yahoo:121 - IRBR3.SA - Registros válidos após limpeza e corte até ontem: 1960
2025-06-14 18:33:34.008 | INFO     | __main__:<module>:221 - Atualizados 1960 registros para IRBR3.SA
2025-06-14 18:33:37.659 | INFO     | __main__:obter_dados_historicos_yahoo:103 - ISAE4.SA - Registros brutos recebidos: 2487
2025-06-14 18:33:37.668 | WARNING  | __main__:obter_dados_historicos_yahoo:117 - ISAE4.SA - 11 linhas removidas por dados essenciais ausentes (OHLC/Adj Close)
2025-06-14 18:33:37.670 | INFO     | __main__:obter_dados_historicos_yahoo:121 - ISAE4.SA - Registros válidos após limpeza e corte até ontem: 2476
2025-06-14 18:33:37.676 | INFO     | __main__:<module>:221 - Atualizados 2476 registros para ISAE4.SA
2025-06-14 18:33:41.759 | INFO     | __main__:obter_dados_historicos_yahoo:103 - ITSA4.SA - Registros brutos recebidos: 2487
2025-06-14 18:33:41.766 | INFO     | __main__:obter_dados_historicos_yahoo:121 - ITSA4.SA - Registros válidos após limpeza e corte até ontem: 2487
2025-06-14 18:33:41.770 | INFO     | __main__:<module>:221 - Atualizados 2487 registros para ITSA4.SA
2025-06-14 18:33:45.599 | INFO     | __main__:obter_dados_historicos_yahoo:103 - ITUB4.SA - Registros brutos recebidos: 2487
2025-06-14 18:33:45.606 | INFO     | __main__:obter_dados_historicos_yahoo:121 - ITUB4.SA - Registros válidos após limpeza e corte até ontem: 2487
2025-06-14 18:33:45.611 | INFO     | __main__:<module>:221 - Atualizados 2487 registros para ITUB4.SA
2025-06-14 18:33:49.205 | INFO     | __main__:obter_dados_historicos_yahoo:103 - JBSS3.SA - Registros brutos recebidos: 2487
2025-06-14 18:33:49.209 | INFO     | __main__:obter_dados_historicos_yahoo:121 - JBSS3.SA - Registros válidos após limpeza e corte até ontem: 2487
2025-06-14 18:33:49.212 | INFO     | __main__:<module>:221 - Atualizados 2487 registros para JBSS3.SA
2025-06-14 18:33:52.595 | INFO     | __main__:obter_dados_historicos_yahoo:103 - KLBN11.SA - Registros brutos recebidos: 2487
2025-06-14 18:33:52.599 | INFO     | __main__:obter_dados_historicos_yahoo:121 - KLBN11.SA - Registros válidos após limpeza e corte até ontem: 2487
2025-06-14 18:33:52.604 | INFO     | __main__:<module>:221 - Atualizados 2487 registros para KLBN11.SA
2025-06-14 18:33:56.667 | INFO     | __main__:obter_dados_historicos_yahoo:103 - RENT3.SA - Registros brutos recebidos: 2487
2025-06-14 18:33:56.670 | INFO     | __main__:obter_dados_historicos_yahoo:121 - RENT3.SA - Registros válidos após limpeza e corte até ontem: 2487
2025-06-14 18:33:56.673 | INFO     | __main__:<module>:221 - Atualizados 2487 registros para RENT3.SA
2025-06-14 18:34:00.562 | INFO     | __main__:obter_dados_historicos_yahoo:103 - LREN3.SA - Registros brutos recebidos: 2487
2025-06-14 18:34:00.566 | INFO     | __main__:obter_dados_historicos_yahoo:121 - LREN3.SA - Registros válidos após limpeza e corte até ontem: 2487
2025-06-14 18:34:00.570 | INFO     | __main__:<module>:221 - Atualizados 2487 registros para LREN3.SA
2025-06-14 18:34:04.470 | INFO     | __main__:obter_dados_historicos_yahoo:103 - LWSA3.SA - Registros brutos recebidos: 1331
2025-06-14 18:34:04.473 | INFO     | __main__:obter_dados_historicos_yahoo:121 - LWSA3.SA - Registros válidos após limpeza e corte até ontem: 1331
2025-06-14 18:34:04.476 | INFO     | __main__:<module>:221 - Atualizados 1331 registros para LWSA3.SA
2025-06-14 18:34:08.081 | INFO     | __main__:obter_dados_historicos_yahoo:103 - MGLU3.SA - Registros brutos recebidos: 2487
2025-06-14 18:34:08.086 | INFO     | __main__:obter_dados_historicos_yahoo:121 - MGLU3.SA - Registros válidos após limpeza e corte até ontem: 2487
2025-06-14 18:34:08.091 | INFO     | __main__:<module>:221 - Atualizados 2487 registros para MGLU3.SA
2025-06-14 18:34:11.847 | INFO     | __main__:obter_dados_historicos_yahoo:103 - POMO4.SA - Registros brutos recebidos: 2487
2025-06-14 18:34:11.850 | INFO     | __main__:obter_dados_historicos_yahoo:121 - POMO4.SA - Registros válidos após limpeza e corte até ontem: 2487
2025-06-14 18:34:11.853 | INFO     | __main__:<module>:221 - Atualizados 2487 registros para POMO4.SA
2025-06-14 18:34:15.271 | INFO     | __main__:obter_dados_historicos_yahoo:103 - MRFG3.SA - Registros brutos recebidos: 2487
2025-06-14 18:34:15.275 | INFO     | __main__:obter_dados_historicos_yahoo:121 - MRFG3.SA - Registros válidos após limpeza e corte até ontem: 2487
2025-06-14 18:34:15.278 | INFO     | __main__:<module>:221 - Atualizados 2487 registros para MRFG3.SA
2025-06-14 18:34:18.837 | INFO     | __main__:obter_dados_historicos_yahoo:103 - BEEF3.SA - Registros brutos recebidos: 2487
2025-06-14 18:34:18.841 | INFO     | __main__:obter_dados_historicos_yahoo:121 - BEEF3.SA - Registros válidos após limpeza e corte até ontem: 2487
2025-06-14 18:34:18.843 | INFO     | __main__:<module>:221 - Atualizados 2487 registros para BEEF3.SA
2025-06-14 18:34:22.862 | INFO     | __main__:obter_dados_historicos_yahoo:103 - MRVE3.SA - Registros brutos recebidos: 2487
2025-06-14 18:34:22.866 | INFO     | __main__:obter_dados_historicos_yahoo:121 - MRVE3.SA - Registros válidos após limpeza e corte até ontem: 2487
2025-06-14 18:34:22.868 | INFO     | __main__:<module>:221 - Atualizados 2487 registros para MRVE3.SA
2025-06-14 18:34:26.460 | INFO     | __main__:obter_dados_historicos_yahoo:103 - MULT3.SA - Registros brutos recebidos: 2487
2025-06-14 18:34:26.463 | INFO     | __main__:obter_dados_historicos_yahoo:121 - MULT3.SA - Registros válidos após limpeza e corte até ontem: 2487
2025-06-14 18:34:26.466 | INFO     | __main__:<module>:221 - Atualizados 2487 registros para MULT3.SA
2025-06-14 18:34:37.190 | INFO     | __main__:obter_dados_historicos_yahoo:103 - PCAR3.SA - Registros brutos recebidos: 2487
2025-06-14 18:34:37.195 | INFO     | __main__:obter_dados_historicos_yahoo:121 - PCAR3.SA - Registros válidos após limpeza e corte até ontem: 2487
2025-06-14 18:34:37.198 | INFO     | __main__:<module>:221 - Atualizados 2487 registros para PCAR3.SA
2025-06-14 18:34:40.744 | INFO     | __main__:obter_dados_historicos_yahoo:103 - PETR3.SA - Registros brutos recebidos: 2487
2025-06-14 18:34:40.749 | INFO     | __main__:obter_dados_historicos_yahoo:121 - PETR3.SA - Registros válidos após limpeza e corte até ontem: 2487
2025-06-14 18:34:40.752 | INFO     | __main__:<module>:221 - Atualizados 2487 registros para PETR3.SA
2025-06-14 18:34:44.247 | INFO     | __main__:obter_dados_historicos_yahoo:103 - PETR4.SA - Registros brutos recebidos: 2487
2025-06-14 18:34:44.252 | INFO     | __main__:obter_dados_historicos_yahoo:121 - PETR4.SA - Registros válidos após limpeza e corte até ontem: 2487
2025-06-14 18:34:44.254 | INFO     | __main__:<module>:221 - Atualizados 2487 registros para PETR4.SA
2025-06-14 18:34:47.937 | INFO     | __main__:obter_dados_historicos_yahoo:103 - RECV3.SA - Registros brutos recebidos: 1026
2025-06-14 18:34:47.940 | INFO     | __main__:obter_dados_historicos_yahoo:121 - RECV3.SA - Registros válidos após limpeza e corte até ontem: 1026
2025-06-14 18:34:47.942 | INFO     | __main__:<module>:221 - Atualizados 1026 registros para RECV3.SA
2025-06-14 18:34:51.659 | INFO     | __main__:obter_dados_historicos_yahoo:103 - PRIO3.SA - Registros brutos recebidos: 2487
2025-06-14 18:34:51.663 | INFO     | __main__:obter_dados_historicos_yahoo:121 - PRIO3.SA - Registros válidos após limpeza e corte até ontem: 2487
2025-06-14 18:34:51.666 | INFO     | __main__:<module>:221 - Atualizados 2487 registros para PRIO3.SA
2025-06-14 18:34:54.843 | INFO     | __main__:obter_dados_historicos_yahoo:103 - PETZ3.SA - Registros brutos recebidos: 1180
2025-06-14 18:34:54.846 | INFO     | __main__:obter_dados_historicos_yahoo:121 - PETZ3.SA - Registros válidos após limpeza e corte até ontem: 1180
2025-06-14 18:34:54.848 | INFO     | __main__:<module>:221 - Atualizados 1180 registros para PETZ3.SA
2025-06-14 18:34:58.319 | INFO     | __main__:obter_dados_historicos_yahoo:103 - PSSA3.SA - Registros brutos recebidos: 2487
2025-06-14 18:34:58.322 | INFO     | __main__:obter_dados_historicos_yahoo:121 - PSSA3.SA - Registros válidos após limpeza e corte até ontem: 2487
2025-06-14 18:34:58.325 | INFO     | __main__:<module>:221 - Atualizados 2487 registros para PSSA3.SA
2025-06-14 18:35:01.818 | INFO     | __main__:obter_dados_historicos_yahoo:103 - RADL3.SA - Registros brutos recebidos: 2487
2025-06-14 18:35:01.822 | INFO     | __main__:obter_dados_historicos_yahoo:121 - RADL3.SA - Registros válidos após limpeza e corte até ontem: 2487
2025-06-14 18:35:01.824 | INFO     | __main__:<module>:221 - Atualizados 2487 registros para RADL3.SA
2025-06-14 18:35:05.307 | INFO     | __main__:obter_dados_historicos_yahoo:103 - RAIZ4.SA - Registros brutos recebidos: 962
2025-06-14 18:35:05.311 | INFO     | __main__:obter_dados_historicos_yahoo:121 - RAIZ4.SA - Registros válidos após limpeza e corte até ontem: 962
2025-06-14 18:35:05.313 | INFO     | __main__:<module>:221 - Atualizados 962 registros para RAIZ4.SA
2025-06-14 18:35:09.128 | INFO     | __main__:obter_dados_historicos_yahoo:103 - RDOR3.SA - Registros brutos recebidos: 1118
2025-06-14 18:35:09.131 | INFO     | __main__:obter_dados_historicos_yahoo:121 - RDOR3.SA - Registros válidos após limpeza e corte até ontem: 1118
2025-06-14 18:35:09.133 | INFO     | __main__:<module>:221 - Atualizados 1118 registros para RDOR3.SA
2025-06-14 18:35:12.805 | INFO     | __main__:obter_dados_historicos_yahoo:103 - RAIL3.SA - Registros brutos recebidos: 2487
2025-06-14 18:35:12.810 | INFO     | __main__:obter_dados_historicos_yahoo:121 - RAIL3.SA - Registros válidos após limpeza e corte até ontem: 2487
2025-06-14 18:35:12.812 | INFO     | __main__:<module>:221 - Atualizados 2487 registros para RAIL3.SA
2025-06-14 18:35:16.380 | INFO     | __main__:obter_dados_historicos_yahoo:103 - SBSP3.SA - Registros brutos recebidos: 2487
2025-06-14 18:35:16.383 | INFO     | __main__:obter_dados_historicos_yahoo:121 - SBSP3.SA - Registros válidos após limpeza e corte até ontem: 2487
2025-06-14 18:35:16.386 | INFO     | __main__:<module>:221 - Atualizados 2487 registros para SBSP3.SA
2025-06-14 18:35:19.653 | INFO     | __main__:obter_dados_historicos_yahoo:103 - SANB11.SA - Registros brutos recebidos: 2487
2025-06-14 18:35:19.657 | INFO     | __main__:obter_dados_historicos_yahoo:121 - SANB11.SA - Registros válidos após limpeza e corte até ontem: 2487
2025-06-14 18:35:19.660 | INFO     | __main__:<module>:221 - Atualizados 2487 registros para SANB11.SA
2025-06-14 18:35:23.189 | INFO     | __main__:obter_dados_historicos_yahoo:103 - STBP3.SA - Registros brutos recebidos: 2487
2025-06-14 18:35:23.193 | INFO     | __main__:obter_dados_historicos_yahoo:121 - STBP3.SA - Registros válidos após limpeza e corte até ontem: 2487
2025-06-14 18:35:23.195 | INFO     | __main__:<module>:221 - Atualizados 2487 registros para STBP3.SA
2025-06-14 18:35:26.771 | INFO     | __main__:obter_dados_historicos_yahoo:103 - SMTO3.SA - Registros brutos recebidos: 2487
2025-06-14 18:35:26.776 | INFO     | __main__:obter_dados_historicos_yahoo:121 - SMTO3.SA - Registros válidos após limpeza e corte até ontem: 2487
2025-06-14 18:35:26.779 | INFO     | __main__:<module>:221 - Atualizados 2487 registros para SMTO3.SA
2025-06-14 18:35:30.448 | INFO     | __main__:obter_dados_historicos_yahoo:103 - CSNA3.SA - Registros brutos recebidos: 2487
2025-06-14 18:35:30.453 | INFO     | __main__:obter_dados_historicos_yahoo:121 - CSNA3.SA - Registros válidos após limpeza e corte até ontem: 2487
2025-06-14 18:35:30.456 | INFO     | __main__:<module>:221 - Atualizados 2487 registros para CSNA3.SA
2025-06-14 18:35:33.811 | INFO     | __main__:obter_dados_historicos_yahoo:103 - SLCE3.SA - Registros brutos recebidos: 2487
2025-06-14 18:35:33.816 | INFO     | __main__:obter_dados_historicos_yahoo:121 - SLCE3.SA - Registros válidos após limpeza e corte até ontem: 2487
2025-06-14 18:35:33.819 | INFO     | __main__:<module>:221 - Atualizados 2487 registros para SLCE3.SA
2025-06-14 18:35:37.593 | INFO     | __main__:obter_dados_historicos_yahoo:103 - SUZB3.SA - Registros brutos recebidos: 2487
2025-06-14 18:35:37.608 | INFO     | __main__:obter_dados_historicos_yahoo:121 - SUZB3.SA - Registros válidos após limpeza e corte até ontem: 2487
2025-06-14 18:35:37.622 | INFO     | __main__:<module>:221 - Atualizados 2487 registros para SUZB3.SA
2025-06-14 18:35:41.184 | INFO     | __main__:obter_dados_historicos_yahoo:103 - TAEE11.SA - Registros brutos recebidos: 2487
2025-06-14 18:35:41.191 | INFO     | __main__:obter_dados_historicos_yahoo:121 - TAEE11.SA - Registros válidos após limpeza e corte até ontem: 2487
2025-06-14 18:35:41.196 | INFO     | __main__:<module>:221 - Atualizados 2487 registros para TAEE11.SA
2025-06-14 18:35:44.969 | INFO     | __main__:obter_dados_historicos_yahoo:103 - VIVT3.SA - Registros brutos recebidos: 2487
2025-06-14 18:35:44.977 | INFO     | __main__:obter_dados_historicos_yahoo:121 - VIVT3.SA - Registros válidos após limpeza e corte até ontem: 2487
2025-06-14 18:35:44.983 | INFO     | __main__:<module>:221 - Atualizados 2487 registros para VIVT3.SA
2025-06-14 18:35:48.695 | INFO     | __main__:obter_dados_historicos_yahoo:103 - TIMS3.SA - Registros brutos recebidos: 2487
2025-06-14 18:35:48.701 | INFO     | __main__:obter_dados_historicos_yahoo:121 - TIMS3.SA - Registros válidos após limpeza e corte até ontem: 2487
2025-06-14 18:35:48.704 | INFO     | __main__:<module>:221 - Atualizados 2487 registros para TIMS3.SA
2025-06-14 18:35:53.404 | INFO     | __main__:obter_dados_historicos_yahoo:103 - TOTS3.SA - Registros brutos recebidos: 2487
2025-06-14 18:35:53.409 | INFO     | __main__:obter_dados_historicos_yahoo:121 - TOTS3.SA - Registros válidos após limpeza e corte até ontem: 2487
2025-06-14 18:35:53.412 | INFO     | __main__:<module>:221 - Atualizados 2487 registros para TOTS3.SA
2025-06-14 18:35:56.994 | INFO     | __main__:obter_dados_historicos_yahoo:103 - UGPA3.SA - Registros brutos recebidos: 2487
2025-06-14 18:35:56.999 | INFO     | __main__:obter_dados_historicos_yahoo:121 - UGPA3.SA - Registros válidos após limpeza e corte até ontem: 2487
2025-06-14 18:35:57.002 | INFO     | __main__:<module>:221 - Atualizados 2487 registros para UGPA3.SA
2025-06-14 18:36:01.081 | INFO     | __main__:obter_dados_historicos_yahoo:103 - USIM5.SA - Registros brutos recebidos: 2487
2025-06-14 18:36:01.089 | INFO     | __main__:obter_dados_historicos_yahoo:121 - USIM5.SA - Registros válidos após limpeza e corte até ontem: 2487
2025-06-14 18:36:01.094 | INFO     | __main__:<module>:221 - Atualizados 2487 registros para USIM5.SA
2025-06-14 18:36:04.570 | INFO     | __main__:obter_dados_historicos_yahoo:103 - VALE3.SA - Registros brutos recebidos: 2487
2025-06-14 18:36:04.601 | INFO     | __main__:obter_dados_historicos_yahoo:121 - VALE3.SA - Registros válidos após limpeza e corte até ontem: 2487
2025-06-14 18:36:04.605 | INFO     | __main__:<module>:221 - Atualizados 2487 registros para VALE3.SA
2025-06-14 18:36:07.898 | INFO     | __main__:obter_dados_historicos_yahoo:103 - VAMO3.SA - Registros brutos recebidos: 1088
2025-06-14 18:36:07.902 | INFO     | __main__:obter_dados_historicos_yahoo:121 - VAMO3.SA - Registros válidos após limpeza e corte até ontem: 1088
2025-06-14 18:36:07.905 | INFO     | __main__:<module>:221 - Atualizados 1088 registros para VAMO3.SA
2025-06-14 18:36:11.470 | INFO     | __main__:obter_dados_historicos_yahoo:103 - VBBR3.SA - Registros brutos recebidos: 1801
2025-06-14 18:36:11.474 | INFO     | __main__:obter_dados_historicos_yahoo:121 - VBBR3.SA - Registros válidos após limpeza e corte até ontem: 1801
2025-06-14 18:36:11.477 | INFO     | __main__:<module>:221 - Atualizados 1801 registros para VBBR3.SA
2025-06-14 18:36:15.007 | INFO     | __main__:obter_dados_historicos_yahoo:103 - VIVA3.SA - Registros brutos recebidos: 1409
2025-06-14 18:36:15.010 | INFO     | __main__:obter_dados_historicos_yahoo:121 - VIVA3.SA - Registros válidos após limpeza e corte até ontem: 1409
2025-06-14 18:36:15.013 | INFO     | __main__:<module>:221 - Atualizados 1409 registros para VIVA3.SA
2025-06-14 18:36:19.338 | INFO     | __main__:obter_dados_historicos_yahoo:103 - WEGE3.SA - Registros brutos recebidos: 2487
2025-06-14 18:36:19.343 | INFO     | __main__:obter_dados_historicos_yahoo:121 - WEGE3.SA - Registros válidos após limpeza e corte até ontem: 2487
2025-06-14 18:36:19.346 | INFO     | __main__:<module>:221 - Atualizados 2487 registros para WEGE3.SA
2025-06-14 18:36:23.272 | INFO     | __main__:obter_dados_historicos_yahoo:103 - YDUQ3.SA - Registros brutos recebidos: 2487
2025-06-14 18:36:23.276 | INFO     | __main__:obter_dados_historicos_yahoo:121 - YDUQ3.SA - Registros válidos após limpeza e corte até ontem: 2487
2025-06-14 18:36:23.278 | INFO     | __main__:<module>:221 - Atualizados 2487 registros para YDUQ3.SA
2025-06-14 18:36:27.146 | INFO     | __main__:<module>:241 - Arquivo salvo: dados\acoes_ibov.csv (190297 registros)
2025-06-14 18:36:27.150 | INFO     | __main__:<module>:210 - Iniciando coleta para bdrs.csv (36 tickers)
2025-06-14 18:36:30.045 | INFO     | __main__:obter_dados_historicos_yahoo:103 - JPMC34.SA - Registros brutos recebidos: 2487
2025-06-14 18:36:30.049 | INFO     | __main__:obter_dados_historicos_yahoo:121 - JPMC34.SA - Registros válidos após limpeza e corte até ontem: 2487
2025-06-14 18:36:30.052 | INFO     | __main__:<module>:221 - Atualizados 2487 registros para JPMC34.SA
2025-06-14 18:36:33.252 | INFO     | __main__:obter_dados_historicos_yahoo:103 - BKNG34.SA - Registros brutos recebidos: 1510
2025-06-14 18:36:33.255 | INFO     | __main__:obter_dados_historicos_yahoo:121 - BKNG34.SA - Registros válidos após limpeza e corte até ontem: 1510
2025-06-14 18:36:33.257 | INFO     | __main__:<module>:221 - Atualizados 1510 registros para BKNG34.SA
2025-06-14 18:36:36.453 | INFO     | __main__:obter_dados_historicos_yahoo:103 - BERK34.SA - Registros brutos recebidos: 2487
2025-06-14 18:36:36.460 | INFO     | __main__:obter_dados_historicos_yahoo:121 - BERK34.SA - Registros válidos após limpeza e corte até ontem: 2487
2025-06-14 18:36:36.465 | INFO     | __main__:<module>:221 - Atualizados 2487 registros para BERK34.SA
2025-06-14 18:36:40.733 | INFO     | __main__:obter_dados_historicos_yahoo:103 - TSMC34.SA - Registros brutos recebidos: 1399
2025-06-14 18:36:40.737 | INFO     | __main__:obter_dados_historicos_yahoo:121 - TSMC34.SA - Registros válidos após limpeza e corte até ontem: 1399
2025-06-14 18:36:40.740 | INFO     | __main__:<module>:221 - Atualizados 1399 registros para TSMC34.SA
2025-06-14 18:36:44.474 | INFO     | __main__:obter_dados_historicos_yahoo:103 - NFLX34.SA - Registros brutos recebidos: 2487
2025-06-14 18:36:44.479 | INFO     | __main__:obter_dados_historicos_yahoo:121 - NFLX34.SA - Registros válidos após limpeza e corte até ontem: 2487
2025-06-14 18:36:44.481 | INFO     | __main__:<module>:221 - Atualizados 2487 registros para NFLX34.SA
2025-06-14 18:36:48.302 | INFO     | __main__:obter_dados_historicos_yahoo:103 - GOGL34.SA - Registros brutos recebidos: 2268
2025-06-14 18:36:48.305 | INFO     | __main__:obter_dados_historicos_yahoo:121 - GOGL34.SA - Registros válidos após limpeza e corte até ontem: 2268
2025-06-14 18:36:48.307 | INFO     | __main__:<module>:221 - Atualizados 2268 registros para GOGL34.SA
2025-06-14 18:36:51.792 | INFO     | __main__:obter_dados_historicos_yahoo:103 - MELI34.SA - Registros brutos recebidos: 1494
2025-06-14 18:36:51.796 | INFO     | __main__:obter_dados_historicos_yahoo:121 - MELI34.SA - Registros válidos após limpeza e corte até ontem: 1494
2025-06-14 18:36:51.799 | INFO     | __main__:<module>:221 - Atualizados 1494 registros para MELI34.SA
2025-06-14 18:36:55.184 | INFO     | __main__:obter_dados_historicos_yahoo:103 - M1TA34.SA - Registros brutos recebidos: 2487
2025-06-14 18:36:55.188 | INFO     | __main__:obter_dados_historicos_yahoo:121 - M1TA34.SA - Registros válidos após limpeza e corte até ontem: 2487
2025-06-14 18:36:55.190 | INFO     | __main__:<module>:221 - Atualizados 2487 registros para M1TA34.SA
2025-06-14 18:36:58.483 | INFO     | __main__:obter_dados_historicos_yahoo:103 - RIGG34.SA - Registros brutos recebidos: 2209
2025-06-14 18:36:58.487 | INFO     | __main__:obter_dados_historicos_yahoo:121 - RIGG34.SA - Registros válidos após limpeza e corte até ontem: 2209
2025-06-14 18:36:58.489 | INFO     | __main__:<module>:221 - Atualizados 2209 registros para RIGG34.SA
2025-06-14 18:37:01.746 | INFO     | __main__:obter_dados_historicos_yahoo:103 - CHVX34.SA - Registros brutos recebidos: 2487
2025-06-14 18:37:01.753 | INFO     | __main__:obter_dados_historicos_yahoo:121 - CHVX34.SA - Registros válidos após limpeza e corte até ontem: 2487
2025-06-14 18:37:01.758 | INFO     | __main__:<module>:221 - Atualizados 2487 registros para CHVX34.SA
2025-06-14 18:37:05.197 | INFO     | __main__:obter_dados_historicos_yahoo:103 - INBR32.SA - Registros brutos recebidos: 697
2025-06-14 18:37:05.200 | INFO     | __main__:obter_dados_historicos_yahoo:121 - INBR32.SA - Registros válidos após limpeza e corte até ontem: 697
2025-06-14 18:37:05.202 | INFO     | __main__:<module>:221 - Atualizados 697 registros para INBR32.SA
2025-06-14 18:37:10.065 | INFO     | __main__:obter_dados_historicos_yahoo:103 - TSLA34.SA - Registros brutos recebidos: 2091
2025-06-14 18:37:10.069 | INFO     | __main__:obter_dados_historicos_yahoo:121 - TSLA34.SA - Registros válidos após limpeza e corte até ontem: 2091
2025-06-14 18:37:10.073 | INFO     | __main__:<module>:221 - Atualizados 2091 registros para TSLA34.SA
2025-06-14 18:37:13.768 | INFO     | __main__:obter_dados_historicos_yahoo:103 - MSFT34.SA - Registros brutos recebidos: 2487
2025-06-14 18:37:13.771 | INFO     | __main__:obter_dados_historicos_yahoo:121 - MSFT34.SA - Registros válidos após limpeza e corte até ontem: 2487
2025-06-14 18:37:13.774 | INFO     | __main__:<module>:221 - Atualizados 2487 registros para MSFT34.SA
2025-06-14 18:37:18.027 | INFO     | __main__:obter_dados_historicos_yahoo:103 - IVVB11.SA - Registros brutos recebidos: 2487
2025-06-14 18:37:18.030 | WARNING  | __main__:obter_dados_historicos_yahoo:117 - IVVB11.SA - 27 linhas removidas por dados essenciais ausentes (OHLC/Adj Close)
2025-06-14 18:37:18.031 | INFO     | __main__:obter_dados_historicos_yahoo:121 - IVVB11.SA - Registros válidos após limpeza e corte até ontem: 2460
2025-06-14 18:37:18.034 | INFO     | __main__:<module>:221 - Atualizados 2460 registros para IVVB11.SA
2025-06-14 18:37:22.139 | INFO     | __main__:obter_dados_historicos_yahoo:103 - VISA34.SA - Registros brutos recebidos: 2487
2025-06-14 18:37:22.144 | INFO     | __main__:obter_dados_historicos_yahoo:121 - VISA34.SA - Registros válidos após limpeza e corte até ontem: 2487
2025-06-14 18:37:22.148 | INFO     | __main__:<module>:221 - Atualizados 2487 registros para VISA34.SA
2025-06-14 18:37:26.063 | INFO     | __main__:obter_dados_historicos_yahoo:103 - BOAC34.SA - Registros brutos recebidos: 2487
2025-06-14 18:37:26.067 | INFO     | __main__:obter_dados_historicos_yahoo:121 - BOAC34.SA - Registros válidos após limpeza e corte até ontem: 2487
2025-06-14 18:37:26.069 | INFO     | __main__:<module>:221 - Atualizados 2487 registros para BOAC34.SA
2025-06-14 18:37:29.634 | INFO     | __main__:obter_dados_historicos_yahoo:103 - GMCO34.SA - Registros brutos recebidos: 2150
2025-06-14 18:37:29.637 | INFO     | __main__:obter_dados_historicos_yahoo:121 - GMCO34.SA - Registros válidos após limpeza e corte até ontem: 2150
2025-06-14 18:37:29.639 | INFO     | __main__:<module>:221 - Atualizados 2150 registros para GMCO34.SA
2025-06-14 18:37:33.152 | INFO     | __main__:obter_dados_historicos_yahoo:103 - COCA34.SA - Registros brutos recebidos: 2487
2025-06-14 18:37:33.156 | INFO     | __main__:obter_dados_historicos_yahoo:121 - COCA34.SA - Registros válidos após limpeza e corte até ontem: 2487
2025-06-14 18:37:33.159 | INFO     | __main__:<module>:221 - Atualizados 2487 registros para COCA34.SA
2025-06-14 18:37:36.917 | INFO     | __main__:obter_dados_historicos_yahoo:103 - MSCD34.SA - Registros brutos recebidos: 2487
2025-06-14 18:37:36.924 | INFO     | __main__:obter_dados_historicos_yahoo:121 - MSCD34.SA - Registros válidos após limpeza e corte até ontem: 2487
2025-06-14 18:37:36.931 | INFO     | __main__:<module>:221 - Atualizados 2487 registros para MSCD34.SA
2025-06-14 18:37:40.644 | INFO     | __main__:obter_dados_historicos_yahoo:103 - HOME34.SA - Registros brutos recebidos: 2487
2025-06-14 18:37:40.650 | INFO     | __main__:obter_dados_historicos_yahoo:121 - HOME34.SA - Registros válidos após limpeza e corte até ontem: 2487
2025-06-14 18:37:40.654 | INFO     | __main__:<module>:221 - Atualizados 2487 registros para HOME34.SA
2025-06-14 18:37:44.746 | INFO     | __main__:obter_dados_historicos_yahoo:103 - AMGN34.SA - Registros brutos recebidos: 2487
2025-06-14 18:37:44.752 | INFO     | __main__:obter_dados_historicos_yahoo:121 - AMGN34.SA - Registros válidos após limpeza e corte até ontem: 2487
2025-06-14 18:37:44.756 | INFO     | __main__:<module>:221 - Atualizados 2487 registros para AMGN34.SA
2025-06-14 18:37:48.618 | INFO     | __main__:obter_dados_historicos_yahoo:103 - AMZO34.SA - Registros brutos recebidos: 2487
2025-06-14 18:37:48.622 | INFO     | __main__:obter_dados_historicos_yahoo:121 - AMZO34.SA - Registros válidos após limpeza e corte até ontem: 2487
2025-06-14 18:37:48.625 | INFO     | __main__:<module>:221 - Atualizados 2487 registros para AMZO34.SA
2025-06-14 18:37:52.044 | INFO     | __main__:obter_dados_historicos_yahoo:103 - JNJB34.SA - Registros brutos recebidos: 2487
2025-06-14 18:37:52.049 | INFO     | __main__:obter_dados_historicos_yahoo:121 - JNJB34.SA - Registros válidos após limpeza e corte até ontem: 2487
2025-06-14 18:37:52.053 | INFO     | __main__:<module>:221 - Atualizados 2487 registros para JNJB34.SA
2025-06-14 18:37:55.927 | INFO     | __main__:obter_dados_historicos_yahoo:103 - SSFO34.SA - Registros brutos recebidos: 2256
2025-06-14 18:37:55.930 | INFO     | __main__:obter_dados_historicos_yahoo:121 - SSFO34.SA - Registros válidos após limpeza e corte até ontem: 2256
2025-06-14 18:37:55.933 | INFO     | __main__:<module>:221 - Atualizados 2256 registros para SSFO34.SA
2025-06-14 18:37:59.437 | INFO     | __main__:obter_dados_historicos_yahoo:103 - NVDC34.SA - Registros brutos recebidos: 1516
2025-06-14 18:37:59.441 | INFO     | __main__:obter_dados_historicos_yahoo:121 - NVDC34.SA - Registros válidos após limpeza e corte até ontem: 1516
2025-06-14 18:37:59.443 | INFO     | __main__:<module>:221 - Atualizados 1516 registros para NVDC34.SA
2025-06-14 18:38:03.417 | INFO     | __main__:obter_dados_historicos_yahoo:103 - AAPL34.SA - Registros brutos recebidos: 2487
2025-06-14 18:38:03.421 | INFO     | __main__:obter_dados_historicos_yahoo:121 - AAPL34.SA - Registros válidos após limpeza e corte até ontem: 2487
2025-06-14 18:38:03.423 | INFO     | __main__:<module>:221 - Atualizados 2487 registros para AAPL34.SA
2025-06-14 18:38:06.762 | INFO     | __main__:obter_dados_historicos_yahoo:103 - CMCS34.SA - Registros brutos recebidos: 2487
2025-06-14 18:38:06.766 | INFO     | __main__:obter_dados_historicos_yahoo:121 - CMCS34.SA - Registros válidos após limpeza e corte até ontem: 2487
2025-06-14 18:38:06.769 | INFO     | __main__:<module>:221 - Atualizados 2487 registros para CMCS34.SA
2025-06-14 18:38:10.595 | INFO     | __main__:obter_dados_historicos_yahoo:103 - VERZ34.SA - Registros brutos recebidos: 2487
2025-06-14 18:38:10.599 | INFO     | __main__:obter_dados_historicos_yahoo:121 - VERZ34.SA - Registros válidos após limpeza e corte até ontem: 2487
2025-06-14 18:38:10.601 | INFO     | __main__:<module>:221 - Atualizados 2487 registros para VERZ34.SA
2025-06-14 18:38:14.317 | INFO     | __main__:obter_dados_historicos_yahoo:103 - UNHH34.SA - Registros brutos recebidos: 1490
2025-06-14 18:38:14.321 | INFO     | __main__:obter_dados_historicos_yahoo:121 - UNHH34.SA - Registros válidos após limpeza e corte até ontem: 1490
2025-06-14 18:38:14.324 | INFO     | __main__:<module>:221 - Atualizados 1490 registros para UNHH34.SA
2025-06-14 18:38:17.902 | INFO     | __main__:obter_dados_historicos_yahoo:103 - DISB34.SA - Registros brutos recebidos: 2487
2025-06-14 18:38:17.906 | INFO     | __main__:obter_dados_historicos_yahoo:121 - DISB34.SA - Registros válidos após limpeza e corte até ontem: 2487
2025-06-14 18:38:17.908 | INFO     | __main__:<module>:221 - Atualizados 2487 registros para DISB34.SA
2025-06-14 18:38:20.695 | INFO     | __main__:obter_dados_historicos_yahoo:103 - AIRB34.SA - Registros brutos recebidos: 1089
2025-06-14 18:38:20.698 | INFO     | __main__:obter_dados_historicos_yahoo:121 - AIRB34.SA - Registros válidos após limpeza e corte até ontem: 1089
2025-06-14 18:38:20.701 | INFO     | __main__:<module>:221 - Atualizados 1089 registros para AIRB34.SA
2025-06-14 18:38:24.312 | INFO     | __main__:obter_dados_historicos_yahoo:103 - PFIZ34.SA - Registros brutos recebidos: 2487
2025-06-14 18:38:24.316 | INFO     | __main__:obter_dados_historicos_yahoo:121 - PFIZ34.SA - Registros válidos após limpeza e corte até ontem: 2487
2025-06-14 18:38:24.319 | INFO     | __main__:<module>:221 - Atualizados 2487 registros para PFIZ34.SA
2025-06-14 18:38:28.546 | INFO     | __main__:obter_dados_historicos_yahoo:103 - AURA33.SA - Registros brutos recebidos: 1230
2025-06-14 18:38:28.549 | INFO     | __main__:obter_dados_historicos_yahoo:121 - AURA33.SA - Registros válidos após limpeza e corte até ontem: 1230
2025-06-14 18:38:28.552 | INFO     | __main__:<module>:221 - Atualizados 1230 registros para AURA33.SA
2025-06-14 18:38:32.071 | INFO     | __main__:obter_dados_historicos_yahoo:103 - NIKE34.SA - Registros brutos recebidos: 2487
2025-06-14 18:38:32.075 | INFO     | __main__:obter_dados_historicos_yahoo:121 - NIKE34.SA - Registros válidos após limpeza e corte até ontem: 2487
2025-06-14 18:38:32.078 | INFO     | __main__:<module>:221 - Atualizados 2487 registros para NIKE34.SA
2025-06-14 18:38:35.962 | INFO     | __main__:obter_dados_historicos_yahoo:103 - ITLC34.SA - Registros brutos recebidos: 2487
2025-06-14 18:38:35.966 | INFO     | __main__:obter_dados_historicos_yahoo:121 - ITLC34.SA - Registros válidos após limpeza e corte até ontem: 2487
2025-06-14 18:38:35.969 | INFO     | __main__:<module>:221 - Atualizados 2487 registros para ITLC34.SA
2025-06-14 18:38:39.482 | INFO     | __main__:obter_dados_historicos_yahoo:103 - BABA34.SA - Registros brutos recebidos: 1374
2025-06-14 18:38:39.486 | INFO     | __main__:obter_dados_historicos_yahoo:121 - BABA34.SA - Registros válidos após limpeza e corte até ontem: 1374
2025-06-14 18:38:39.488 | INFO     | __main__:<module>:221 - Atualizados 1374 registros para BABA34.SA
2025-06-14 18:38:41.706 | INFO     | __main__:<module>:241 - Arquivo salvo: dados\bdrs.csv (77460 registros)
2025-06-14 18:38:41.709 | INFO     | __main__:<module>:210 - Iniciando coleta para commodities.csv (7 tickers)
2025-06-14 18:38:44.350 | INFO     | __main__:obter_dados_historicos_yahoo:103 - BZ=F - Registros brutos recebidos: 2517
2025-06-14 18:38:44.354 | WARNING  | __main__:obter_dados_historicos_yahoo:117 - BZ=F - 3 linhas removidas por dados essenciais ausentes (OHLC/Adj Close)
2025-06-14 18:38:44.355 | INFO     | __main__:obter_dados_historicos_yahoo:121 - BZ=F - Registros válidos após limpeza e corte até ontem: 2514
2025-06-14 18:38:44.357 | INFO     | __main__:<module>:221 - Atualizados 2514 registros para BZ=F
2025-06-14 18:38:48.439 | INFO     | __main__:obter_dados_historicos_yahoo:103 - GC=F - Registros brutos recebidos: 2517
2025-06-14 18:38:48.442 | WARNING  | __main__:obter_dados_historicos_yahoo:117 - GC=F - 5 linhas removidas por dados essenciais ausentes (OHLC/Adj Close)
2025-06-14 18:38:48.443 | INFO     | __main__:obter_dados_historicos_yahoo:121 - GC=F - Registros válidos após limpeza e corte até ontem: 2512
2025-06-14 18:38:48.445 | INFO     | __main__:<module>:221 - Atualizados 2512 registros para GC=F
2025-06-14 18:38:51.760 | INFO     | __main__:obter_dados_historicos_yahoo:103 - SI=F - Registros brutos recebidos: 2517
2025-06-14 18:38:51.765 | WARNING  | __main__:obter_dados_historicos_yahoo:117 - SI=F - 5 linhas removidas por dados essenciais ausentes (OHLC/Adj Close)
2025-06-14 18:38:51.766 | INFO     | __main__:obter_dados_historicos_yahoo:121 - SI=F - Registros válidos após limpeza e corte até ontem: 2512
2025-06-14 18:38:51.769 | INFO     | __main__:<module>:221 - Atualizados 2512 registros para SI=F
2025-06-14 18:38:55.974 | INFO     | __main__:obter_dados_historicos_yahoo:103 - ZS=F - Registros brutos recebidos: 2517
2025-06-14 18:38:55.978 | WARNING  | __main__:obter_dados_historicos_yahoo:117 - ZS=F - 4 linhas removidas por dados essenciais ausentes (OHLC/Adj Close)
2025-06-14 18:38:55.979 | INFO     | __main__:obter_dados_historicos_yahoo:121 - ZS=F - Registros válidos após limpeza e corte até ontem: 2513
2025-06-14 18:38:55.986 | INFO     | __main__:<module>:221 - Atualizados 2513 registros para ZS=F
2025-06-14 18:38:59.535 | INFO     | __main__:obter_dados_historicos_yahoo:103 - ZC=F - Registros brutos recebidos: 2517
2025-06-14 18:38:59.539 | WARNING  | __main__:obter_dados_historicos_yahoo:117 - ZC=F - 6 linhas removidas por dados essenciais ausentes (OHLC/Adj Close)
2025-06-14 18:38:59.540 | INFO     | __main__:obter_dados_historicos_yahoo:121 - ZC=F - Registros válidos após limpeza e corte até ontem: 2511
2025-06-14 18:38:59.543 | INFO     | __main__:<module>:221 - Atualizados 2511 registros para ZC=F
2025-06-14 18:39:02.978 | INFO     | __main__:obter_dados_historicos_yahoo:103 - KC=F - Registros brutos recebidos: 2517
2025-06-14 18:39:02.981 | WARNING  | __main__:obter_dados_historicos_yahoo:117 - KC=F - 3 linhas removidas por dados essenciais ausentes (OHLC/Adj Close)
2025-06-14 18:39:02.982 | INFO     | __main__:obter_dados_historicos_yahoo:121 - KC=F - Registros válidos após limpeza e corte até ontem: 2514
2025-06-14 18:39:02.984 | INFO     | __main__:<module>:221 - Atualizados 2514 registros para KC=F
2025-06-14 18:39:08.528 | INFO     | __main__:obter_dados_historicos_yahoo:103 - LE=F - Registros brutos recebidos: 2517
2025-06-14 18:39:08.532 | WARNING  | __main__:obter_dados_historicos_yahoo:117 - LE=F - 4 linhas removidas por dados essenciais ausentes (OHLC/Adj Close)
2025-06-14 18:39:08.533 | INFO     | __main__:obter_dados_historicos_yahoo:121 - LE=F - Registros válidos após limpeza e corte até ontem: 2513
2025-06-14 18:39:08.537 | INFO     | __main__:<module>:221 - Atualizados 2513 registros para LE=F
2025-06-14 18:39:09.733 | INFO     | __main__:<module>:241 - Arquivo salvo: dados\commodities.csv (17589 registros)
2025-06-14 18:39:09.734 | INFO     | __main__:<module>:210 - Iniciando coleta para moedas.csv (2 tickers)
2025-06-14 18:39:12.384 | INFO     | __main__:obter_dados_historicos_yahoo:103 - USDBRL=X - Registros brutos recebidos: 2609
2025-06-14 18:39:12.388 | WARNING  | __main__:obter_dados_historicos_yahoo:117 - USDBRL=X - 6 linhas removidas por dados essenciais ausentes (OHLC/Adj Close)
2025-06-14 18:39:12.389 | INFO     | __main__:obter_dados_historicos_yahoo:121 - USDBRL=X - Registros válidos após limpeza e corte até ontem: 2603
2025-06-14 18:39:12.391 | INFO     | __main__:<module>:221 - Atualizados 2603 registros para USDBRL=X
2025-06-14 18:39:15.936 | INFO     | __main__:obter_dados_historicos_yahoo:103 - EURBRL=X - Registros brutos recebidos: 2609
2025-06-14 18:39:15.940 | WARNING  | __main__:obter_dados_historicos_yahoo:117 - EURBRL=X - 6 linhas removidas por dados essenciais ausentes (OHLC/Adj Close)
2025-06-14 18:39:15.942 | INFO     | __main__:obter_dados_historicos_yahoo:121 - EURBRL=X - Registros válidos após limpeza e corte até ontem: 2603
2025-06-14 18:39:15.944 | INFO     | __main__:<module>:221 - Atualizados 2603 registros para EURBRL=X
2025-06-14 18:39:16.952 | INFO     | __main__:<module>:236 - Coluna Volume removida de moedas.csv (todos zeros)
2025-06-14 18:39:17.022 | INFO     | __main__:<module>:241 - Arquivo salvo: dados\moedas.csv (5206 registros)
2025-06-14 18:39:17.023 | INFO     | __main__:<module>:210 - Iniciando coleta para criptos.csv (14 tickers)
2025-06-14 18:39:20.421 | INFO     | __main__:obter_dados_historicos_yahoo:103 - BTC-USD - Registros brutos recebidos: 3651
2025-06-14 18:39:20.427 | INFO     | __main__:obter_dados_historicos_yahoo:121 - BTC-USD - Registros válidos após limpeza e corte até ontem: 3651
2025-06-14 18:39:20.431 | INFO     | __main__:<module>:221 - Atualizados 3651 registros para BTC-USD
2025-06-14 18:39:24.069 | INFO     | __main__:obter_dados_historicos_yahoo:103 - ETH-USD - Registros brutos recebidos: 2775
2025-06-14 18:39:24.095 | INFO     | __main__:obter_dados_historicos_yahoo:121 - ETH-USD - Registros válidos após limpeza e corte até ontem: 2775
2025-06-14 18:39:24.096 | INFO     | __main__:<module>:221 - Atualizados 2775 registros para ETH-USD
2025-06-14 18:39:27.926 | INFO     | __main__:obter_dados_historicos_yahoo:103 - BNB-USD - Registros brutos recebidos: 2775
2025-06-14 18:39:27.930 | INFO     | __main__:obter_dados_historicos_yahoo:121 - BNB-USD - Registros válidos após limpeza e corte até ontem: 2775
2025-06-14 18:39:27.932 | INFO     | __main__:<module>:221 - Atualizados 2775 registros para BNB-USD
2025-06-14 18:39:31.730 | INFO     | __main__:obter_dados_historicos_yahoo:103 - SOL-USD - Registros brutos recebidos: 1892
2025-06-14 18:39:31.734 | INFO     | __main__:obter_dados_historicos_yahoo:121 - SOL-USD - Registros válidos após limpeza e corte até ontem: 1892
2025-06-14 18:39:31.737 | INFO     | __main__:<module>:221 - Atualizados 1892 registros para SOL-USD
2025-06-14 18:39:35.683 | INFO     | __main__:obter_dados_historicos_yahoo:103 - XRP-USD - Registros brutos recebidos: 2775
2025-06-14 18:39:35.686 | INFO     | __main__:obter_dados_historicos_yahoo:121 - XRP-USD - Registros válidos após limpeza e corte até ontem: 2775
2025-06-14 18:39:35.689 | INFO     | __main__:<module>:221 - Atualizados 2775 registros para XRP-USD
2025-06-14 18:39:39.323 | INFO     | __main__:obter_dados_historicos_yahoo:103 - ADA-USD - Registros brutos recebidos: 2775
2025-06-14 18:39:39.331 | INFO     | __main__:obter_dados_historicos_yahoo:121 - ADA-USD - Registros válidos após limpeza e corte até ontem: 2775
2025-06-14 18:39:39.336 | INFO     | __main__:<module>:221 - Atualizados 2775 registros para ADA-USD
2025-06-14 18:39:43.433 | INFO     | __main__:obter_dados_historicos_yahoo:103 - DOGE-USD - Registros brutos recebidos: 2775
2025-06-14 18:39:43.446 | INFO     | __main__:obter_dados_historicos_yahoo:121 - DOGE-USD - Registros válidos após limpeza e corte até ontem: 2775
2025-06-14 18:39:43.453 | INFO     | __main__:<module>:221 - Atualizados 2775 registros para DOGE-USD
2025-06-14 18:39:47.129 | INFO     | __main__:obter_dados_historicos_yahoo:103 - AVAX-USD - Registros brutos recebidos: 1798
2025-06-14 18:39:47.135 | WARNING  | __main__:obter_dados_historicos_yahoo:117 - AVAX-USD - 69 linhas removidas por dados essenciais ausentes (OHLC/Adj Close)
2025-06-14 18:39:47.137 | INFO     | __main__:obter_dados_historicos_yahoo:121 - AVAX-USD - Registros válidos após limpeza e corte até ontem: 1729
2025-06-14 18:39:47.142 | INFO     | __main__:<module>:221 - Atualizados 1729 registros para AVAX-USD
2025-06-14 18:39:51.175 | INFO     | __main__:obter_dados_historicos_yahoo:103 - DOT-USD - Registros brutos recebidos: 1760
2025-06-14 18:39:51.179 | INFO     | __main__:obter_dados_historicos_yahoo:121 - DOT-USD - Registros válidos após limpeza e corte até ontem: 1760
2025-06-14 18:39:51.182 | INFO     | __main__:<module>:221 - Atualizados 1760 registros para DOT-USD
2025-06-14 18:39:55.024 | INFO     | __main__:obter_dados_historicos_yahoo:103 - MATIC-USD - Registros brutos recebidos: 2239
2025-06-14 18:39:55.029 | WARNING  | __main__:obter_dados_historicos_yahoo:117 - MATIC-USD - 81 linhas removidas por dados essenciais ausentes (OHLC/Adj Close)
2025-06-14 18:39:55.031 | INFO     | __main__:obter_dados_historicos_yahoo:121 - MATIC-USD - Registros válidos após limpeza e corte até ontem: 2158
2025-06-14 18:39:55.034 | INFO     | __main__:<module>:221 - Atualizados 2158 registros para MATIC-USD
2025-06-14 18:39:59.362 | INFO     | __main__:obter_dados_historicos_yahoo:103 - LTC-USD - Registros brutos recebidos: 3651
2025-06-14 18:39:59.369 | INFO     | __main__:obter_dados_historicos_yahoo:121 - LTC-USD - Registros válidos após limpeza e corte até ontem: 3651
2025-06-14 18:39:59.372 | INFO     | __main__:<module>:221 - Atualizados 3651 registros para LTC-USD
2025-06-14 18:40:03.313 | INFO     | __main__:obter_dados_historicos_yahoo:103 - LINK-USD - Registros brutos recebidos: 2775
2025-06-14 18:40:03.317 | INFO     | __main__:obter_dados_historicos_yahoo:121 - LINK-USD - Registros válidos após limpeza e corte até ontem: 2775
2025-06-14 18:40:03.320 | INFO     | __main__:<module>:221 - Atualizados 2775 registros para LINK-USD
2025-06-14 18:40:07.080 | INFO     | __main__:obter_dados_historicos_yahoo:103 - TON-USD - Registros brutos recebidos: 1751
2025-06-14 18:40:07.085 | INFO     | __main__:obter_dados_historicos_yahoo:121 - TON-USD - Registros válidos após limpeza e corte até ontem: 1751
2025-06-14 18:40:07.089 | INFO     | __main__:<module>:221 - Atualizados 1751 registros para TON-USD
2025-06-14 18:40:10.920 | INFO     | __main__:obter_dados_historicos_yahoo:103 - NEAR-USD - Registros brutos recebidos: 1705
2025-06-14 18:40:10.923 | INFO     | __main__:obter_dados_historicos_yahoo:121 - NEAR-USD - Registros válidos após limpeza e corte até ontem: 1705
2025-06-14 18:40:10.926 | INFO     | __main__:<module>:221 - Atualizados 1705 registros para NEAR-USD
2025-06-14 18:40:12.395 | INFO     | __main__:<module>:241 - Arquivo salvo: dados\criptos.csv (34947 registros)
2025-06-14 18:40:12.397 | INFO     | __main__:<module>:210 - Iniciando coleta para juros.csv (5 tickers)
2025-06-14 18:40:15.193 | INFO     | __main__:obter_dados_historicos_yahoo:103 - ^IRX - Registros brutos recebidos: 2608
2025-06-14 18:40:15.198 | WARNING  | __main__:obter_dados_historicos_yahoo:117 - ^IRX - 95 linhas removidas por dados essenciais ausentes (OHLC/Adj Close)
2025-06-14 18:40:15.198 | INFO     | __main__:obter_dados_historicos_yahoo:121 - ^IRX - Registros válidos após limpeza e corte até ontem: 2513
2025-06-14 18:40:15.201 | INFO     | __main__:<module>:221 - Atualizados 2513 registros para ^IRX
2025-06-14 18:40:19.064 | INFO     | __main__:obter_dados_historicos_yahoo:103 - ^FVX - Registros brutos recebidos: 2608
2025-06-14 18:40:19.070 | WARNING  | __main__:obter_dados_historicos_yahoo:117 - ^FVX - 95 linhas removidas por dados essenciais ausentes (OHLC/Adj Close)
2025-06-14 18:40:19.072 | INFO     | __main__:obter_dados_historicos_yahoo:121 - ^FVX - Registros válidos após limpeza e corte até ontem: 2513
2025-06-14 18:40:19.075 | INFO     | __main__:<module>:221 - Atualizados 2513 registros para ^FVX
2025-06-14 18:40:22.615 | INFO     | __main__:obter_dados_historicos_yahoo:103 - ^TNX - Registros brutos recebidos: 2608
2025-06-14 18:40:22.619 | WARNING  | __main__:obter_dados_historicos_yahoo:117 - ^TNX - 95 linhas removidas por dados essenciais ausentes (OHLC/Adj Close)
2025-06-14 18:40:22.620 | INFO     | __main__:obter_dados_historicos_yahoo:121 - ^TNX - Registros válidos após limpeza e corte até ontem: 2513
2025-06-14 18:40:22.623 | INFO     | __main__:<module>:221 - Atualizados 2513 registros para ^TNX
2025-06-14 18:40:25.944 | INFO     | __main__:obter_dados_historicos_yahoo:103 - ^TYX - Registros brutos recebidos: 2608
2025-06-14 18:40:25.948 | WARNING  | __main__:obter_dados_historicos_yahoo:117 - ^TYX - 95 linhas removidas por dados essenciais ausentes (OHLC/Adj Close)
2025-06-14 18:40:25.949 | INFO     | __main__:obter_dados_historicos_yahoo:121 - ^TYX - Registros válidos após limpeza e corte até ontem: 2513
2025-06-14 18:40:25.952 | INFO     | __main__:<module>:221 - Atualizados 2513 registros para ^TYX
2025-06-14 18:40:29.742 | INFO     | __main__:obter_dados_historicos_yahoo:103 - EDV - Registros brutos recebidos: 2514
2025-06-14 18:40:29.747 | INFO     | __main__:obter_dados_historicos_yahoo:121 - EDV - Registros válidos após limpeza e corte até ontem: 2514
2025-06-14 18:40:29.750 | INFO     | __main__:<module>:221 - Atualizados 2514 registros para EDV
2025-06-14 18:40:30.951 | INFO     | __main__:<module>:241 - Arquivo salvo: dados\juros.csv (12566 registros)
2025-06-14 18:40:30.951 | INFO     | __main__:<module>:245 - Coleta completa!
2025-06-14 18:48:30.986 | INFO     | __main__:<module>:55 - Iniciando selic_meta (BCB Séries 4189)
2025-06-14 18:48:33.294 | INFO     | __main__:<module>:70 - Salvo 121 novos registros em dados/juros_brasil_selic_meta.csv
2025-06-14 18:48:33.296 | INFO     | __main__:<module>:55 - Iniciando cdi_over (BCB Séries 4390)
2025-06-14 18:48:33.909 | INFO     | __main__:<module>:70 - Salvo 121 novos registros em dados/juros_brasil_cdi_over.csv
