2025-06-05 11:15:48.439 | INFO     | __main__:<module>:115 - Iniciando seleção de features com Optuna + SHAP...
2025-06-05 11:15:48.772 | INFO     | __main__:carregar_dados:47 - criptos.csv: 50 features válidas após limpeza.
2025-06-05 11:16:14.186 | INFO     | __main__:selecionar_features_com_optuna:98 - Melhor número de features: 23
2025-06-05 11:16:16.973 | INFO     | __main__:selecionar_features_com_optuna:107 - Acurácia: 0.7565 | AUC: 0.8421
2025-06-05 11:16:16.974 | INFO     | __main__:<module>:130 - Features selecionadas para criptos.csv: ['Return_1d', 'Volume_lag5', 'Return_1d_lag1', 'Volume', 'Return_5d', 'Volume_lag3', 'Return_1d_lag3', 'Return_1d_lag5', 'Volatility_5d', 'RSI_14_lag1', 'Return_1d_lag2', 'Return_20d', 'RSI_14_lag2', 'MACD_Signal', 'Volatility_20d', 'RSI_14', 'RSI_14_lag3', 'Volume_lag2', 'Bollinger_Width', 'RSI_14_lag5', 'MACD_Histogram', 'SMA_200', 'ATR']
2025-06-05 11:16:17.002 | WARNING  | __main__:carregar_dados:46 - Removendo colunas com preenchimento insuficiente: ['Volume_lag3', 'Volume_lag2', 'OBV', 'Volume_lag1', 'Volume', 'Volume_lag5']
2025-06-05 11:16:17.002 | INFO     | __main__:carregar_dados:47 - moedas.csv: 44 features válidas após limpeza.
2025-06-05 11:16:20.443 | INFO     | __main__:selecionar_features_com_optuna:98 - Melhor número de features: 10
2025-06-05 11:16:20.806 | INFO     | __main__:selecionar_features_com_optuna:107 - Acurácia: 0.6030 | AUC: 0.6372
2025-06-05 11:16:20.807 | INFO     | __main__:<module>:130 - Features selecionadas para moedas.csv: ['High', 'Return_1d', 'Adj Close', 'MACD_Histogram', 'Return_1d_lag1', 'Open', 'Return_1d_lag3', 'Return_5d', 'Low', 'RSI_14']
2025-06-05 11:16:21.429 | INFO     | __main__:carregar_dados:47 - bdrs.csv: 50 features válidas após limpeza.
2025-06-05 11:17:12.550 | INFO     | __main__:selecionar_features_com_optuna:98 - Melhor número de features: 26
2025-06-05 11:17:17.861 | INFO     | __main__:selecionar_features_com_optuna:107 - Acurácia: 0.7048 | AUC: 0.7786
2025-06-05 11:17:17.862 | INFO     | __main__:<module>:130 - Features selecionadas para bdrs.csv: ['Volume_lag2', 'Return_1d', 'Volume_lag1', 'ATR', 'Volume_lag3', 'RSI_14_lag3', 'Volume', 'SMA_200', 'SMA_100', 'Volume_lag5', 'Volatility_5d', 'RSI_14_lag5', 'Bollinger_Width', 'Low', 'Volatility_20d', 'Return_1d_lag1', 'RSI_14', 'Return_1d_lag5', 'RSI_14_lag2', 'Return_5d', 'MACD_lag5', 'Return_1d_lag3', 'EMA_200', 'MACD_lag2', 'RSI_14_lag1', 'Sharpe_20d']
2025-06-05 11:17:17.930 | INFO     | __main__:carregar_dados:47 - juros.csv: 50 features válidas após limpeza.
2025-06-05 11:17:23.739 | INFO     | __main__:selecionar_features_com_optuna:98 - Melhor número de features: 28
2025-06-05 11:17:24.406 | INFO     | __main__:selecionar_features_com_optuna:107 - Acurácia: 0.5843 | AUC: 0.6202
2025-06-05 11:17:24.408 | INFO     | __main__:<module>:130 - Features selecionadas para juros.csv: ['Return_1d_lag1', 'Return_1d', 'ATR', 'Return_1d_lag2', 'Return_1d_lag3', 'RSI_14', 'RSI_14_lag1', 'Sharpe_20d', 'MACD_Signal', 'RSI_14_lag3', 'RSI_14_lag5', 'Volatility_5d', 'Return_5d', 'Bollinger_Width', 'Return_1d_lag5', 'Open', 'RSI_14_lag2', 'MACD_Histogram', 'SMA_200', 'Volatility_20d', 'MACD_lag5', 'SMA_100', 'MACD', 'EMA_200', 'MACD_lag2', 'Return_20d', 'MACD_lag1', 'Adj Close_lag2']
2025-06-05 11:17:25.987 | INFO     | __main__:carregar_dados:47 - acoes_ibov.csv: 50 features válidas após limpeza.
2025-06-05 11:19:31.238 | INFO     | __main__:selecionar_features_com_optuna:98 - Melhor número de features: 27
2025-06-05 11:19:43.884 | INFO     | __main__:selecionar_features_com_optuna:107 - Acurácia: 0.6094 | AUC: 0.6609
2025-06-05 11:19:43.886 | INFO     | __main__:<module>:130 - Features selecionadas para acoes_ibov.csv: ['Volume_lag5', 'Return_1d_lag1', 'Volume_lag2', 'Return_1d', 'Low', 'RSI_14_lag2', 'Adj Close_lag3', 'Volatility_20d', 'Return_1d_lag5', 'Volume', 'Return_5d', 'MACD_Histogram', 'RSI_14_lag1', 'MACD_Signal', 'Return_1d_lag2', 'Sharpe_20d', 'ATR', 'Return_1d_lag3', 'SMA_200', 'EMA_200', 'Volume_lag1', 'RSI_14', 'MACD_lag1', 'MACD', 'RSI_14_lag3', 'MACD_lag5', 'Volatility_5d']
2025-06-05 11:19:44.057 | INFO     | __main__:carregar_dados:47 - commodities.csv: 50 features válidas após limpeza.
2025-06-05 11:19:56.868 | INFO     | __main__:selecionar_features_com_optuna:98 - Melhor número de features: 24
2025-06-05 11:19:58.211 | INFO     | __main__:selecionar_features_com_optuna:107 - Acurácia: 0.8586 | AUC: 0.9361
2025-06-05 11:19:58.212 | INFO     | __main__:<module>:130 - Features selecionadas para commodities.csv: ['Return_1d', 'Return_1d_lag1', 'Return_5d', 'Return_1d_lag3', 'Volatility_20d', 'Volume', 'RSI_14_lag2', 'MACD_Histogram', 'Return_1d_lag5', 'MACD_lag5', 'RSI_14', 'Return_1d_lag2', 'Bollinger_Width', 'RSI_14_lag3', 'Sharpe_20d', 'RSI_14_lag1', 'Volume_lag2', 'Volume_lag1', 'Volume_lag5', 'ATR', 'Volatility_5d', 'MACD', 'Volume_lag3', 'Return_20d']
2025-06-05 11:19:58.212 | INFO     | __main__:<module>:139 - Seleção de features concluída com Optuna + SHAP.
