2025-06-07 12:43:15.671 | INFO     | __main__:<module>:118 - Iniciando pipeline de forecasting DEEP (ML models)...
2025-06-07 12:43:21.415 | INFO     | __main__:<module>:135 - Iniciando acoes_ibov.csv | ABEV3.SA
2025-06-07 12:44:16.316 | INFO     | __main__:<module>:194 - acoes_ibov.csv | ABEV3.SA | RandomForest -> MSE: 0.024660, MAE: 0.124656
2025-06-07 12:44:18.096 | INFO     | __main__:<module>:203 - acoes_ibov.csv | ABEV3.SA | XGBoost -> MSE: 0.032136, MAE: 0.143039
2025-06-07 12:44:18.582 | INFO     | __main__:<module>:212 - acoes_ibov.csv | ABEV3.SA | LSTM -> MSE: 0.020647, MAE: 0.107088
2025-06-07 12:44:19.121 | INFO     | __main__:<module>:135 - Iniciando acoes_ibov.csv | ALOS3.SA
2025-06-07 12:45:00.207 | INFO     | __main__:<module>:194 - acoes_ibov.csv | ALOS3.SA | RandomForest -> MSE: 0.066688, MAE: 0.216896
2025-06-07 12:45:00.684 | INFO     | __main__:<module>:203 - acoes_ibov.csv | ALOS3.SA | XGBoost -> MSE: 0.068259, MAE: 0.204372
2025-06-07 12:45:01.170 | INFO     | __main__:<module>:212 - acoes_ibov.csv | ALOS3.SA | LSTM -> MSE: 0.068746, MAE: 0.222542
2025-06-07 12:45:01.678 | INFO     | __main__:<module>:135 - Iniciando acoes_ibov.csv | AMOB3.SA
2025-06-07 12:45:07.110 | INFO     | __main__:<module>:194 - acoes_ibov.csv | AMOB3.SA | RandomForest -> MSE: 0.369909, MAE: 0.507833
2025-06-07 12:45:07.626 | INFO     | __main__:<module>:203 - acoes_ibov.csv | AMOB3.SA | XGBoost -> MSE: 0.408729, MAE: 0.497484
2025-06-07 12:45:08.071 | INFO     | __main__:<module>:212 - acoes_ibov.csv | AMOB3.SA | LSTM -> MSE: 0.352512, MAE: 0.498401
2025-06-07 12:45:08.562 | INFO     | __main__:<module>:135 - Iniciando acoes_ibov.csv | ASAI3.SA
2025-06-07 12:45:34.851 | INFO     | __main__:<module>:194 - acoes_ibov.csv | ASAI3.SA | RandomForest -> MSE: 0.302889, MAE: 0.443446
2025-06-07 12:45:35.329 | INFO     | __main__:<module>:203 - acoes_ibov.csv | ASAI3.SA | XGBoost -> MSE: 0.920132, MAE: 0.758192
2025-06-07 12:45:35.761 | INFO     | __main__:<module>:212 - acoes_ibov.csv | ASAI3.SA | LSTM -> MSE: 0.105615, MAE: 0.246739
2025-06-07 12:45:36.309 | INFO     | __main__:<module>:135 - Iniciando acoes_ibov.csv | AURE3.SA
2025-06-07 12:45:54.934 | INFO     | __main__:<module>:194 - acoes_ibov.csv | AURE3.SA | RandomForest -> MSE: 0.223118, MAE: 0.428835
2025-06-07 12:45:55.734 | INFO     | __main__:<module>:203 - acoes_ibov.csv | AURE3.SA | XGBoost -> MSE: 0.453541, MAE: 0.620979
2025-06-07 12:45:56.212 | INFO     | __main__:<module>:212 - acoes_ibov.csv | AURE3.SA | LSTM -> MSE: 0.106412, MAE: 0.272026
2025-06-07 12:45:56.710 | INFO     | __main__:<module>:135 - Iniciando acoes_ibov.csv | AZUL4.SA
2025-06-07 12:46:48.299 | INFO     | __main__:<module>:194 - acoes_ibov.csv | AZUL4.SA | RandomForest -> MSE: 6.776893, MAE: 2.587633
2025-06-07 12:46:48.861 | INFO     | __main__:<module>:203 - acoes_ibov.csv | AZUL4.SA | XGBoost -> MSE: 6.777208, MAE: 2.587694
2025-06-07 12:46:49.407 | INFO     | __main__:<module>:212 - acoes_ibov.csv | AZUL4.SA | LSTM -> MSE: 0.037103, MAE: 0.126403
2025-06-07 12:46:50.058 | INFO     | __main__:<module>:135 - Iniciando acoes_ibov.csv | AZZA3.SA
2025-06-07 12:47:52.289 | INFO     | __main__:<module>:194 - acoes_ibov.csv | AZZA3.SA | RandomForest -> MSE: 3.360446, MAE: 1.354329
2025-06-07 12:47:52.793 | INFO     | __main__:<module>:203 - acoes_ibov.csv | AZZA3.SA | XGBoost -> MSE: 2.791658, MAE: 1.174091
2025-06-07 12:47:53.301 | INFO     | __main__:<module>:212 - acoes_ibov.csv | AZZA3.SA | LSTM -> MSE: 3.283581, MAE: 1.340945
2025-06-07 12:47:53.838 | INFO     | __main__:<module>:135 - Iniciando acoes_ibov.csv | B3SA3.SA
2025-06-07 12:48:48.371 | INFO     | __main__:<module>:194 - acoes_ibov.csv | B3SA3.SA | RandomForest -> MSE: 0.105262, MAE: 0.220094
2025-06-07 12:48:48.980 | INFO     | __main__:<module>:203 - acoes_ibov.csv | B3SA3.SA | XGBoost -> MSE: 0.128929, MAE: 0.273608
2025-06-07 12:48:49.516 | INFO     | __main__:<module>:212 - acoes_ibov.csv | B3SA3.SA | LSTM -> MSE: 0.107043, MAE: 0.245582
2025-06-07 12:48:50.135 | INFO     | __main__:<module>:135 - Iniciando acoes_ibov.csv | BBAS3.SA
2025-06-07 12:49:48.657 | INFO     | __main__:<module>:194 - acoes_ibov.csv | BBAS3.SA | RandomForest -> MSE: 0.624976, MAE: 0.588436
2025-06-07 12:49:49.169 | INFO     | __main__:<module>:203 - acoes_ibov.csv | BBAS3.SA | XGBoost -> MSE: 0.664515, MAE: 0.595745
2025-06-07 12:49:49.626 | INFO     | __main__:<module>:212 - acoes_ibov.csv | BBAS3.SA | LSTM -> MSE: 0.625259, MAE: 0.489648
2025-06-07 12:49:50.163 | INFO     | __main__:<module>:135 - Iniciando acoes_ibov.csv | BBDC3.SA
2025-06-07 12:50:57.202 | INFO     | __main__:<module>:194 - acoes_ibov.csv | BBDC3.SA | RandomForest -> MSE: 0.134942, MAE: 0.219991
2025-06-07 12:50:57.677 | INFO     | __main__:<module>:203 - acoes_ibov.csv | BBDC3.SA | XGBoost -> MSE: 0.161649, MAE: 0.255417
2025-06-07 12:50:58.143 | INFO     | __main__:<module>:212 - acoes_ibov.csv | BBDC3.SA | LSTM -> MSE: 0.108840, MAE: 0.179592
2025-06-07 12:50:58.655 | INFO     | __main__:<module>:135 - Iniciando acoes_ibov.csv | BBDC4.SA
2025-06-07 12:52:06.938 | INFO     | __main__:<module>:194 - acoes_ibov.csv | BBDC4.SA | RandomForest -> MSE: 0.214088, MAE: 0.248808
2025-06-07 12:52:07.455 | INFO     | __main__:<module>:203 - acoes_ibov.csv | BBDC4.SA | XGBoost -> MSE: 0.269564, MAE: 0.280813
2025-06-07 12:52:07.924 | INFO     | __main__:<module>:212 - acoes_ibov.csv | BBDC4.SA | LSTM -> MSE: 0.209068, MAE: 0.264655
2025-06-07 12:52:08.462 | INFO     | __main__:<module>:135 - Iniciando acoes_ibov.csv | BBSE3.SA
2025-06-07 12:53:19.479 | INFO     | __main__:<module>:194 - acoes_ibov.csv | BBSE3.SA | RandomForest -> MSE: 3.239273, MAE: 1.252017
2025-06-07 12:53:19.959 | INFO     | __main__:<module>:203 - acoes_ibov.csv | BBSE3.SA | XGBoost -> MSE: 2.924307, MAE: 1.240866
2025-06-07 12:53:20.454 | INFO     | __main__:<module>:212 - acoes_ibov.csv | BBSE3.SA | LSTM -> MSE: 0.597996, MAE: 0.501382
2025-06-07 12:53:21.005 | INFO     | __main__:<module>:135 - Iniciando acoes_ibov.csv | BEEF3.SA
2025-06-07 12:54:14.043 | INFO     | __main__:<module>:194 - acoes_ibov.csv | BEEF3.SA | RandomForest -> MSE: 0.047710, MAE: 0.180546
2025-06-07 12:54:14.525 | INFO     | __main__:<module>:203 - acoes_ibov.csv | BEEF3.SA | XGBoost -> MSE: 0.101667, MAE: 0.247213
2025-06-07 12:54:14.963 | INFO     | __main__:<module>:212 - acoes_ibov.csv | BEEF3.SA | LSTM -> MSE: 0.036894, MAE: 0.142500
2025-06-07 12:54:15.476 | INFO     | __main__:<module>:135 - Iniciando acoes_ibov.csv | BPAC11.SA
2025-06-07 12:55:12.520 | INFO     | __main__:<module>:194 - acoes_ibov.csv | BPAC11.SA | RandomForest -> MSE: 9.701535, MAE: 2.875235
2025-06-07 12:55:12.950 | INFO     | __main__:<module>:203 - acoes_ibov.csv | BPAC11.SA | XGBoost -> MSE: 10.129184, MAE: 2.970991
2025-06-07 12:55:13.404 | INFO     | __main__:<module>:212 - acoes_ibov.csv | BPAC11.SA | LSTM -> MSE: 0.628317, MAE: 0.643592
2025-06-07 12:55:13.909 | INFO     | __main__:<module>:135 - Iniciando acoes_ibov.csv | BRAP4.SA
2025-06-07 12:56:20.265 | INFO     | __main__:<module>:194 - acoes_ibov.csv | BRAP4.SA | RandomForest -> MSE: 0.037293, MAE: 0.142113
2025-06-07 12:56:20.506 | INFO     | __main__:<module>:203 - acoes_ibov.csv | BRAP4.SA | XGBoost -> MSE: 0.076168, MAE: 0.216964
2025-06-07 12:56:20.729 | INFO     | __main__:<module>:212 - acoes_ibov.csv | BRAP4.SA | LSTM -> MSE: 0.162681, MAE: 0.356791
2025-06-07 12:56:20.993 | INFO     | __main__:<module>:135 - Iniciando acoes_ibov.csv | BRAV3.SA
2025-06-07 12:56:38.525 | INFO     | __main__:<module>:194 - acoes_ibov.csv | BRAV3.SA | RandomForest -> MSE: 0.475893, MAE: 0.541227
2025-06-07 12:56:38.745 | INFO     | __main__:<module>:203 - acoes_ibov.csv | BRAV3.SA | XGBoost -> MSE: 0.721066, MAE: 0.709234
2025-06-07 12:56:38.965 | INFO     | __main__:<module>:212 - acoes_ibov.csv | BRAV3.SA | LSTM -> MSE: 0.296654, MAE: 0.462999
2025-06-07 12:56:39.225 | INFO     | __main__:<module>:135 - Iniciando acoes_ibov.csv | BRFS3.SA
2025-06-07 12:57:19.360 | INFO     | __main__:<module>:194 - acoes_ibov.csv | BRFS3.SA | RandomForest -> MSE: 0.356712, MAE: 0.434318
2025-06-07 12:57:19.621 | INFO     | __main__:<module>:203 - acoes_ibov.csv | BRFS3.SA | XGBoost -> MSE: 0.288134, MAE: 0.414577
2025-06-07 12:57:19.868 | INFO     | __main__:<module>:212 - acoes_ibov.csv | BRFS3.SA | LSTM -> MSE: 0.337903, MAE: 0.435449
2025-06-07 12:57:20.137 | INFO     | __main__:<module>:135 - Iniciando acoes_ibov.csv | BRKM5.SA
2025-06-07 12:57:59.415 | INFO     | __main__:<module>:194 - acoes_ibov.csv | BRKM5.SA | RandomForest -> MSE: 0.168028, MAE: 0.336729
2025-06-07 12:57:59.687 | INFO     | __main__:<module>:203 - acoes_ibov.csv | BRKM5.SA | XGBoost -> MSE: 0.279895, MAE: 0.400645
2025-06-07 12:57:59.893 | INFO     | __main__:<module>:212 - acoes_ibov.csv | BRKM5.SA | LSTM -> MSE: 0.200205, MAE: 0.366825
2025-06-07 12:58:00.157 | INFO     | __main__:<module>:135 - Iniciando acoes_ibov.csv | CCRO3.SA
2025-06-07 12:58:35.345 | INFO     | __main__:<module>:194 - acoes_ibov.csv | CCRO3.SA | RandomForest -> MSE: 0.050601, MAE: 0.164894
2025-06-07 12:58:35.617 | INFO     | __main__:<module>:203 - acoes_ibov.csv | CCRO3.SA | XGBoost -> MSE: 0.047801, MAE: 0.171942
2025-06-07 12:58:35.834 | INFO     | __main__:<module>:212 - acoes_ibov.csv | CCRO3.SA | LSTM -> MSE: 0.048313, MAE: 0.171031
2025-06-07 12:58:36.084 | INFO     | __main__:<module>:135 - Iniciando acoes_ibov.csv | CMIG4.SA
2025-06-07 12:59:16.888 | INFO     | __main__:<module>:194 - acoes_ibov.csv | CMIG4.SA | RandomForest -> MSE: 0.030059, MAE: 0.136347
2025-06-07 12:59:17.140 | INFO     | __main__:<module>:203 - acoes_ibov.csv | CMIG4.SA | XGBoost -> MSE: 0.031993, MAE: 0.148210
2025-06-07 12:59:17.341 | INFO     | __main__:<module>:212 - acoes_ibov.csv | CMIG4.SA | LSTM -> MSE: 0.028610, MAE: 0.140105
2025-06-07 12:59:17.586 | INFO     | __main__:<module>:135 - Iniciando acoes_ibov.csv | CMIN3.SA
2025-06-07 12:59:34.170 | INFO     | __main__:<module>:194 - acoes_ibov.csv | CMIN3.SA | RandomForest -> MSE: 0.010006, MAE: 0.072456
2025-06-07 12:59:34.396 | INFO     | __main__:<module>:203 - acoes_ibov.csv | CMIN3.SA | XGBoost -> MSE: 0.012779, MAE: 0.080705
2025-06-07 12:59:34.626 | INFO     | __main__:<module>:212 - acoes_ibov.csv | CMIN3.SA | LSTM -> MSE: 0.022420, MAE: 0.121978
2025-06-07 12:59:34.879 | INFO     | __main__:<module>:135 - Iniciando acoes_ibov.csv | COGN3.SA
2025-06-07 13:00:09.201 | INFO     | __main__:<module>:194 - acoes_ibov.csv | COGN3.SA | RandomForest -> MSE: 0.009927, MAE: 0.077273
2025-06-07 13:00:09.764 | INFO     | __main__:<module>:203 - acoes_ibov.csv | COGN3.SA | XGBoost -> MSE: 0.009226, MAE: 0.075673
2025-06-07 13:00:09.965 | INFO     | __main__:<module>:212 - acoes_ibov.csv | COGN3.SA | LSTM -> MSE: 0.036141, MAE: 0.173002
2025-06-07 13:00:10.194 | INFO     | __main__:<module>:135 - Iniciando acoes_ibov.csv | CPFE3.SA
2025-06-07 13:00:49.275 | INFO     | __main__:<module>:194 - acoes_ibov.csv | CPFE3.SA | RandomForest -> MSE: 9.761042, MAE: 2.797750
2025-06-07 13:00:49.667 | INFO     | __main__:<module>:203 - acoes_ibov.csv | CPFE3.SA | XGBoost -> MSE: 9.617874, MAE: 2.794771
2025-06-07 13:00:50.026 | INFO     | __main__:<module>:212 - acoes_ibov.csv | CPFE3.SA | LSTM -> MSE: 0.323253, MAE: 0.450043
2025-06-07 13:00:50.428 | INFO     | __main__:<module>:135 - Iniciando acoes_ibov.csv | CPLE6.SA
2025-06-07 13:01:29.956 | INFO     | __main__:<module>:194 - acoes_ibov.csv | CPLE6.SA | RandomForest -> MSE: 3.656169, MAE: 1.859849
2025-06-07 13:01:30.217 | INFO     | __main__:<module>:203 - acoes_ibov.csv | CPLE6.SA | XGBoost -> MSE: 3.880537, MAE: 1.919221
2025-06-07 13:01:30.426 | INFO     | __main__:<module>:212 - acoes_ibov.csv | CPLE6.SA | LSTM -> MSE: 0.032236, MAE: 0.148855
2025-06-07 13:01:30.674 | INFO     | __main__:<module>:135 - Iniciando acoes_ibov.csv | CRFB3.SA
2025-06-07 13:02:01.204 | INFO     | __main__:<module>:194 - acoes_ibov.csv | CRFB3.SA | RandomForest -> MSE: 0.104422, MAE: 0.292015
2025-06-07 13:02:01.434 | INFO     | __main__:<module>:203 - acoes_ibov.csv | CRFB3.SA | XGBoost -> MSE: 0.266515, MAE: 0.400614
2025-06-07 13:02:01.662 | INFO     | __main__:<module>:212 - acoes_ibov.csv | CRFB3.SA | LSTM -> MSE: 0.004734, MAE: 0.050009
2025-06-07 13:02:01.965 | INFO     | __main__:<module>:135 - Iniciando acoes_ibov.csv | CSAN3.SA
2025-06-07 13:02:37.606 | INFO     | __main__:<module>:194 - acoes_ibov.csv | CSAN3.SA | RandomForest -> MSE: 0.038140, MAE: 0.153917
2025-06-07 13:02:37.871 | INFO     | __main__:<module>:203 - acoes_ibov.csv | CSAN3.SA | XGBoost -> MSE: 0.042656, MAE: 0.164080
2025-06-07 13:02:38.079 | INFO     | __main__:<module>:212 - acoes_ibov.csv | CSAN3.SA | LSTM -> MSE: 0.028906, MAE: 0.139471
2025-06-07 13:02:38.335 | INFO     | __main__:<module>:135 - Iniciando acoes_ibov.csv | CSNA3.SA
2025-06-07 13:03:09.635 | INFO     | __main__:<module>:194 - acoes_ibov.csv | CSNA3.SA | RandomForest -> MSE: 0.049369, MAE: 0.130150
2025-06-07 13:03:09.902 | INFO     | __main__:<module>:203 - acoes_ibov.csv | CSNA3.SA | XGBoost -> MSE: 0.091402, MAE: 0.189510
2025-06-07 13:03:10.121 | INFO     | __main__:<module>:212 - acoes_ibov.csv | CSNA3.SA | LSTM -> MSE: 0.073787, MAE: 0.211010
2025-06-07 13:03:10.385 | INFO     | __main__:<module>:135 - Iniciando acoes_ibov.csv | CVCB3.SA
2025-06-07 13:03:41.169 | INFO     | __main__:<module>:194 - acoes_ibov.csv | CVCB3.SA | RandomForest -> MSE: 0.009747, MAE: 0.075471
2025-06-07 13:03:41.456 | INFO     | __main__:<module>:203 - acoes_ibov.csv | CVCB3.SA | XGBoost -> MSE: 0.013504, MAE: 0.091869
2025-06-07 13:03:41.683 | INFO     | __main__:<module>:212 - acoes_ibov.csv | CVCB3.SA | LSTM -> MSE: 0.098005, MAE: 0.294771
2025-06-07 13:03:41.939 | INFO     | __main__:<module>:135 - Iniciando acoes_ibov.csv | CXSE3.SA
2025-06-07 13:03:58.637 | INFO     | __main__:<module>:194 - acoes_ibov.csv | CXSE3.SA | RandomForest -> MSE: 0.251738, MAE: 0.384819
2025-06-07 13:03:58.865 | INFO     | __main__:<module>:203 - acoes_ibov.csv | CXSE3.SA | XGBoost -> MSE: 0.666942, MAE: 0.678853
2025-06-07 13:03:59.409 | INFO     | __main__:<module>:212 - acoes_ibov.csv | CXSE3.SA | LSTM -> MSE: 0.057034, MAE: 0.188418
2025-06-07 13:03:59.641 | INFO     | __main__:<module>:135 - Iniciando acoes_ibov.csv | CYRE3.SA
2025-06-07 13:04:39.396 | INFO     | __main__:<module>:194 - acoes_ibov.csv | CYRE3.SA | RandomForest -> MSE: 0.278436, MAE: 0.406104
2025-06-07 13:04:39.606 | INFO     | __main__:<module>:203 - acoes_ibov.csv | CYRE3.SA | XGBoost -> MSE: 0.559174, MAE: 0.562779
2025-06-07 13:04:39.819 | INFO     | __main__:<module>:212 - acoes_ibov.csv | CYRE3.SA | LSTM -> MSE: 0.367317, MAE: 0.506252
2025-06-07 13:04:40.057 | INFO     | __main__:<module>:135 - Iniciando acoes_ibov.csv | EGIE3.SA
2025-06-07 13:05:22.907 | INFO     | __main__:<module>:194 - acoes_ibov.csv | EGIE3.SA | RandomForest -> MSE: 0.297523, MAE: 0.437270
2025-06-07 13:05:23.135 | INFO     | __main__:<module>:203 - acoes_ibov.csv | EGIE3.SA | XGBoost -> MSE: 0.285341, MAE: 0.447912
2025-06-07 13:05:23.356 | INFO     | __main__:<module>:212 - acoes_ibov.csv | EGIE3.SA | LSTM -> MSE: 0.252621, MAE: 0.418509
2025-06-07 13:05:23.608 | INFO     | __main__:<module>:135 - Iniciando acoes_ibov.csv | ELET3.SA
2025-06-07 13:05:57.772 | INFO     | __main__:<module>:194 - acoes_ibov.csv | ELET3.SA | RandomForest -> MSE: 0.217027, MAE: 0.354947
2025-06-07 13:05:58.023 | INFO     | __main__:<module>:203 - acoes_ibov.csv | ELET3.SA | XGBoost -> MSE: 0.381954, MAE: 0.451839
2025-06-07 13:05:58.300 | INFO     | __main__:<module>:212 - acoes_ibov.csv | ELET3.SA | LSTM -> MSE: 0.250574, MAE: 0.383050
2025-06-07 13:05:58.639 | INFO     | __main__:<module>:135 - Iniciando acoes_ibov.csv | ELET6.SA
2025-06-07 13:06:38.396 | INFO     | __main__:<module>:194 - acoes_ibov.csv | ELET6.SA | RandomForest -> MSE: 0.767526, MAE: 0.719947
2025-06-07 13:06:38.663 | INFO     | __main__:<module>:203 - acoes_ibov.csv | ELET6.SA | XGBoost -> MSE: 0.493792, MAE: 0.537996
2025-06-07 13:06:38.879 | INFO     | __main__:<module>:212 - acoes_ibov.csv | ELET6.SA | LSTM -> MSE: 0.334889, MAE: 0.440591
2025-06-07 13:06:39.139 | INFO     | __main__:<module>:135 - Iniciando acoes_ibov.csv | EMBR3.SA
2025-06-07 13:07:08.219 | INFO     | __main__:<module>:194 - acoes_ibov.csv | EMBR3.SA | RandomForest -> MSE: 8.918885, MAE: 2.351077
2025-06-07 13:07:08.478 | INFO     | __main__:<module>:203 - acoes_ibov.csv | EMBR3.SA | XGBoost -> MSE: 55.932429, MAE: 7.258284
2025-06-07 13:07:08.684 | INFO     | __main__:<module>:212 - acoes_ibov.csv | EMBR3.SA | LSTM -> MSE: 1.416506, MAE: 0.971823
2025-06-07 13:07:08.935 | INFO     | __main__:<module>:135 - Iniciando acoes_ibov.csv | ENEV3.SA
2025-06-07 13:07:44.918 | INFO     | __main__:<module>:194 - acoes_ibov.csv | ENEV3.SA | RandomForest -> MSE: 0.046911, MAE: 0.171851
2025-06-07 13:07:45.191 | INFO     | __main__:<module>:203 - acoes_ibov.csv | ENEV3.SA | XGBoost -> MSE: 0.057752, MAE: 0.186550
2025-06-07 13:07:45.405 | INFO     | __main__:<module>:212 - acoes_ibov.csv | ENEV3.SA | LSTM -> MSE: 0.051437, MAE: 0.182218
2025-06-07 13:07:45.657 | INFO     | __main__:<module>:135 - Iniciando acoes_ibov.csv | ENGI11.SA
2025-06-07 13:08:16.231 | INFO     | __main__:<module>:194 - acoes_ibov.csv | ENGI11.SA | RandomForest -> MSE: 0.509399, MAE: 0.542246
2025-06-07 13:08:16.525 | INFO     | __main__:<module>:203 - acoes_ibov.csv | ENGI11.SA | XGBoost -> MSE: 0.644547, MAE: 0.542210
2025-06-07 13:08:16.752 | INFO     | __main__:<module>:212 - acoes_ibov.csv | ENGI11.SA | LSTM -> MSE: 0.593933, MAE: 0.624671
2025-06-07 13:08:17.010 | INFO     | __main__:<module>:135 - Iniciando acoes_ibov.csv | EQTL3.SA
2025-06-07 13:08:58.607 | INFO     | __main__:<module>:194 - acoes_ibov.csv | EQTL3.SA | RandomForest -> MSE: 6.341098, MAE: 2.449022
2025-06-07 13:08:58.872 | INFO     | __main__:<module>:203 - acoes_ibov.csv | EQTL3.SA | XGBoost -> MSE: 8.327181, MAE: 2.788316
2025-06-07 13:08:59.089 | INFO     | __main__:<module>:212 - acoes_ibov.csv | EQTL3.SA | LSTM -> MSE: 0.688649, MAE: 0.718701
2025-06-07 13:08:59.333 | INFO     | __main__:<module>:135 - Iniciando acoes_ibov.csv | FLRY3.SA
2025-06-07 13:09:26.754 | INFO     | __main__:<module>:194 - acoes_ibov.csv | FLRY3.SA | RandomForest -> MSE: 0.068126, MAE: 0.207745
2025-06-07 13:09:27.013 | INFO     | __main__:<module>:203 - acoes_ibov.csv | FLRY3.SA | XGBoost -> MSE: 0.057167, MAE: 0.193952
2025-06-07 13:09:27.216 | INFO     | __main__:<module>:212 - acoes_ibov.csv | FLRY3.SA | LSTM -> MSE: 0.040385, MAE: 0.157539
2025-06-07 13:09:27.467 | INFO     | __main__:<module>:135 - Iniciando acoes_ibov.csv | GGBR4.SA
2025-06-07 13:10:08.475 | INFO     | __main__:<module>:194 - acoes_ibov.csv | GGBR4.SA | RandomForest -> MSE: 0.101449, MAE: 0.249047
2025-06-07 13:10:08.744 | INFO     | __main__:<module>:203 - acoes_ibov.csv | GGBR4.SA | XGBoost -> MSE: 0.127913, MAE: 0.264222
2025-06-07 13:10:08.959 | INFO     | __main__:<module>:212 - acoes_ibov.csv | GGBR4.SA | LSTM -> MSE: 0.104329, MAE: 0.277708
2025-06-07 13:10:09.206 | INFO     | __main__:<module>:135 - Iniciando acoes_ibov.csv | GOAU4.SA
2025-06-07 13:10:38.972 | INFO     | __main__:<module>:194 - acoes_ibov.csv | GOAU4.SA | RandomForest -> MSE: 0.023855, MAE: 0.116794
2025-06-07 13:10:39.236 | INFO     | __main__:<module>:203 - acoes_ibov.csv | GOAU4.SA | XGBoost -> MSE: 0.032478, MAE: 0.140152
2025-06-07 13:10:39.449 | INFO     | __main__:<module>:212 - acoes_ibov.csv | GOAU4.SA | LSTM -> MSE: 0.027774, MAE: 0.132458
2025-06-07 13:10:39.693 | INFO     | __main__:<module>:135 - Iniciando acoes_ibov.csv | HAPV3.SA
2025-06-07 13:11:10.910 | INFO     | __main__:<module>:194 - acoes_ibov.csv | HAPV3.SA | RandomForest -> MSE: 2.186749, MAE: 1.074617
2025-06-07 13:11:11.129 | INFO     | __main__:<module>:203 - acoes_ibov.csv | HAPV3.SA | XGBoost -> MSE: 3.674735, MAE: 1.558495
2025-06-07 13:11:11.337 | INFO     | __main__:<module>:212 - acoes_ibov.csv | HAPV3.SA | LSTM -> MSE: 2.775998, MAE: 1.404599
2025-06-07 13:11:11.574 | INFO     | __main__:<module>:135 - Iniciando acoes_ibov.csv | HYPE3.SA
2025-06-07 13:11:50.708 | INFO     | __main__:<module>:194 - acoes_ibov.csv | HYPE3.SA | RandomForest -> MSE: 0.340745, MAE: 0.482661
2025-06-07 13:11:50.992 | INFO     | __main__:<module>:203 - acoes_ibov.csv | HYPE3.SA | XGBoost -> MSE: 0.373040, MAE: 0.475150
2025-06-07 13:11:51.227 | INFO     | __main__:<module>:212 - acoes_ibov.csv | HYPE3.SA | LSTM -> MSE: 0.276019, MAE: 0.400050
2025-06-07 13:11:51.520 | INFO     | __main__:<module>:135 - Iniciando acoes_ibov.csv | IGTI11.SA
2025-06-07 13:12:03.250 | INFO     | __main__:<module>:194 - acoes_ibov.csv | IGTI11.SA | RandomForest -> MSE: 0.146113, MAE: 0.286354
2025-06-07 13:12:03.472 | INFO     | __main__:<module>:203 - acoes_ibov.csv | IGTI11.SA | XGBoost -> MSE: 0.121264, MAE: 0.272118
2025-06-07 13:12:03.683 | INFO     | __main__:<module>:212 - acoes_ibov.csv | IGTI11.SA | LSTM -> MSE: 0.167940, MAE: 0.315253
2025-06-07 13:12:03.953 | INFO     | __main__:<module>:135 - Iniciando acoes_ibov.csv | IRBR3.SA
2025-06-07 13:12:27.312 | INFO     | __main__:<module>:194 - acoes_ibov.csv | IRBR3.SA | RandomForest -> MSE: 1.523261, MAE: 0.866683
2025-06-07 13:12:27.607 | INFO     | __main__:<module>:203 - acoes_ibov.csv | IRBR3.SA | XGBoost -> MSE: 3.417090, MAE: 1.485163
2025-06-07 13:12:27.849 | INFO     | __main__:<module>:212 - acoes_ibov.csv | IRBR3.SA | LSTM -> MSE: 1.178253, MAE: 0.858563
2025-06-07 13:12:28.157 | INFO     | __main__:<module>:135 - Iniciando acoes_ibov.csv | ISAE4.SA
2025-06-07 13:13:03.546 | INFO     | __main__:<module>:194 - acoes_ibov.csv | ISAE4.SA | RandomForest -> MSE: 0.103091, MAE: 0.237711
2025-06-07 13:13:03.777 | INFO     | __main__:<module>:203 - acoes_ibov.csv | ISAE4.SA | XGBoost -> MSE: 0.146517, MAE: 0.275832
2025-06-07 13:13:03.999 | INFO     | __main__:<module>:212 - acoes_ibov.csv | ISAE4.SA | LSTM -> MSE: 0.150122, MAE: 0.307208
2025-06-07 13:13:04.250 | INFO     | __main__:<module>:135 - Iniciando acoes_ibov.csv | ITSA4.SA
2025-06-07 13:13:43.965 | INFO     | __main__:<module>:194 - acoes_ibov.csv | ITSA4.SA | RandomForest -> MSE: 1.175210, MAE: 1.045843
2025-06-07 13:13:44.241 | INFO     | __main__:<module>:203 - acoes_ibov.csv | ITSA4.SA | XGBoost -> MSE: 1.237379, MAE: 1.075002
2025-06-07 13:13:44.470 | INFO     | __main__:<module>:212 - acoes_ibov.csv | ITSA4.SA | LSTM -> MSE: 0.031459, MAE: 0.145980
2025-06-07 13:13:44.734 | INFO     | __main__:<module>:135 - Iniciando acoes_ibov.csv | ITUB4.SA
2025-06-07 13:14:25.773 | INFO     | __main__:<module>:194 - acoes_ibov.csv | ITUB4.SA | RandomForest -> MSE: 13.733456, MAE: 3.498140
2025-06-07 13:14:25.987 | INFO     | __main__:<module>:203 - acoes_ibov.csv | ITUB4.SA | XGBoost -> MSE: 14.148460, MAE: 3.560269
2025-06-07 13:14:26.203 | INFO     | __main__:<module>:212 - acoes_ibov.csv | ITUB4.SA | LSTM -> MSE: 0.298820, MAE: 0.395246
2025-06-07 13:14:26.483 | INFO     | __main__:<module>:135 - Iniciando acoes_ibov.csv | JBSS3.SA
2025-06-07 13:15:10.811 | INFO     | __main__:<module>:194 - acoes_ibov.csv | JBSS3.SA | RandomForest -> MSE: 18.186994, MAE: 3.901167
2025-06-07 13:15:11.090 | INFO     | __main__:<module>:203 - acoes_ibov.csv | JBSS3.SA | XGBoost -> MSE: 21.349412, MAE: 4.287368
2025-06-07 13:15:11.289 | INFO     | __main__:<module>:212 - acoes_ibov.csv | JBSS3.SA | LSTM -> MSE: 0.841794, MAE: 0.713693
2025-06-07 13:15:11.539 | INFO     | __main__:<module>:135 - Iniciando acoes_ibov.csv | KLBN11.SA
2025-06-07 13:15:47.412 | INFO     | __main__:<module>:194 - acoes_ibov.csv | KLBN11.SA | RandomForest -> MSE: 0.061522, MAE: 0.194270
2025-06-07 13:15:47.691 | INFO     | __main__:<module>:203 - acoes_ibov.csv | KLBN11.SA | XGBoost -> MSE: 0.089231, MAE: 0.216207
2025-06-07 13:15:47.922 | INFO     | __main__:<module>:212 - acoes_ibov.csv | KLBN11.SA | LSTM -> MSE: 0.077892, MAE: 0.213234
2025-06-07 13:15:48.191 | INFO     | __main__:<module>:135 - Iniciando acoes_ibov.csv | LREN3.SA
2025-06-07 13:16:25.834 | INFO     | __main__:<module>:194 - acoes_ibov.csv | LREN3.SA | RandomForest -> MSE: 0.204785, MAE: 0.336747
2025-06-07 13:16:26.107 | INFO     | __main__:<module>:203 - acoes_ibov.csv | LREN3.SA | XGBoost -> MSE: 0.204042, MAE: 0.351089
2025-06-07 13:16:26.333 | INFO     | __main__:<module>:212 - acoes_ibov.csv | LREN3.SA | LSTM -> MSE: 0.243694, MAE: 0.405167
2025-06-07 13:16:26.587 | INFO     | __main__:<module>:135 - Iniciando acoes_ibov.csv | LWSA3.SA
2025-06-07 13:16:51.508 | INFO     | __main__:<module>:194 - acoes_ibov.csv | LWSA3.SA | RandomForest -> MSE: 0.028498, MAE: 0.142826
2025-06-07 13:16:51.883 | INFO     | __main__:<module>:203 - acoes_ibov.csv | LWSA3.SA | XGBoost -> MSE: 0.024119, MAE: 0.127915
2025-06-07 13:16:52.156 | INFO     | __main__:<module>:212 - acoes_ibov.csv | LWSA3.SA | LSTM -> MSE: 0.031877, MAE: 0.144908
2025-06-07 13:16:52.448 | INFO     | __main__:<module>:135 - Iniciando acoes_ibov.csv | MGLU3.SA
2025-06-07 13:17:24.208 | INFO     | __main__:<module>:194 - acoes_ibov.csv | MGLU3.SA | RandomForest -> MSE: 0.147946, MAE: 0.333805
2025-06-07 13:17:24.476 | INFO     | __main__:<module>:203 - acoes_ibov.csv | MGLU3.SA | XGBoost -> MSE: 0.136165, MAE: 0.321754
2025-06-07 13:17:24.688 | INFO     | __main__:<module>:212 - acoes_ibov.csv | MGLU3.SA | LSTM -> MSE: 0.659102, MAE: 0.698958
2025-06-07 13:17:24.933 | INFO     | __main__:<module>:135 - Iniciando acoes_ibov.csv | MRFG3.SA
2025-06-07 13:18:03.293 | INFO     | __main__:<module>:194 - acoes_ibov.csv | MRFG3.SA | RandomForest -> MSE: 42.579447, MAE: 6.157007
2025-06-07 13:18:03.547 | INFO     | __main__:<module>:203 - acoes_ibov.csv | MRFG3.SA | XGBoost -> MSE: 52.280867, MAE: 6.900011
2025-06-07 13:18:03.762 | INFO     | __main__:<module>:212 - acoes_ibov.csv | MRFG3.SA | LSTM -> MSE: 1.014279, MAE: 0.669308
2025-06-07 13:18:04.012 | INFO     | __main__:<module>:135 - Iniciando acoes_ibov.csv | MRVE3.SA
2025-06-07 13:18:45.254 | INFO     | __main__:<module>:194 - acoes_ibov.csv | MRVE3.SA | RandomForest -> MSE: 0.052031, MAE: 0.162258
2025-06-07 13:18:45.592 | INFO     | __main__:<module>:203 - acoes_ibov.csv | MRVE3.SA | XGBoost -> MSE: 0.049851, MAE: 0.177921
2025-06-07 13:18:45.939 | INFO     | __main__:<module>:212 - acoes_ibov.csv | MRVE3.SA | LSTM -> MSE: 0.040514, MAE: 0.142326
2025-06-07 13:18:46.377 | INFO     | __main__:<module>:135 - Iniciando acoes_ibov.csv | MULT3.SA
2025-06-07 13:19:23.730 | INFO     | __main__:<module>:194 - acoes_ibov.csv | MULT3.SA | RandomForest -> MSE: 0.136998, MAE: 0.295819
2025-06-07 13:19:23.989 | INFO     | __main__:<module>:203 - acoes_ibov.csv | MULT3.SA | XGBoost -> MSE: 0.153008, MAE: 0.323712
2025-06-07 13:19:24.199 | INFO     | __main__:<module>:212 - acoes_ibov.csv | MULT3.SA | LSTM -> MSE: 0.311392, MAE: 0.460677
2025-06-07 13:19:24.439 | INFO     | __main__:<module>:135 - Iniciando acoes_ibov.csv | NTCO3.SA
2025-06-07 13:19:42.983 | INFO     | __main__:<module>:194 - acoes_ibov.csv | NTCO3.SA | RandomForest -> MSE: 0.598758, MAE: 0.578432
2025-06-07 13:19:43.210 | INFO     | __main__:<module>:203 - acoes_ibov.csv | NTCO3.SA | XGBoost -> MSE: 1.522262, MAE: 0.990377
2025-06-07 13:19:43.434 | INFO     | __main__:<module>:212 - acoes_ibov.csv | NTCO3.SA | LSTM -> MSE: 0.214435, MAE: 0.384128
2025-06-07 13:19:43.688 | INFO     | __main__:<module>:135 - Iniciando acoes_ibov.csv | PCAR3.SA
2025-06-07 13:20:19.068 | INFO     | __main__:<module>:194 - acoes_ibov.csv | PCAR3.SA | RandomForest -> MSE: 0.032774, MAE: 0.108068
2025-06-07 13:20:19.340 | INFO     | __main__:<module>:203 - acoes_ibov.csv | PCAR3.SA | XGBoost -> MSE: 0.045185, MAE: 0.142049
2025-06-07 13:20:19.554 | INFO     | __main__:<module>:212 - acoes_ibov.csv | PCAR3.SA | LSTM -> MSE: 0.055464, MAE: 0.147007
2025-06-07 13:20:19.813 | INFO     | __main__:<module>:135 - Iniciando acoes_ibov.csv | PETR3.SA
2025-06-07 13:20:54.166 | INFO     | __main__:<module>:194 - acoes_ibov.csv | PETR3.SA | RandomForest -> MSE: 0.307398, MAE: 0.430819
2025-06-07 13:20:54.428 | INFO     | __main__:<module>:203 - acoes_ibov.csv | PETR3.SA | XGBoost -> MSE: 0.416637, MAE: 0.490271
2025-06-07 13:20:54.641 | INFO     | __main__:<module>:212 - acoes_ibov.csv | PETR3.SA | LSTM -> MSE: 0.255852, MAE: 0.419267
2025-06-07 13:20:54.880 | INFO     | __main__:<module>:135 - Iniciando acoes_ibov.csv | PETR4.SA
2025-06-07 13:21:39.167 | INFO     | __main__:<module>:194 - acoes_ibov.csv | PETR4.SA | RandomForest -> MSE: 0.173384, MAE: 0.324185
2025-06-07 13:21:39.446 | INFO     | __main__:<module>:203 - acoes_ibov.csv | PETR4.SA | XGBoost -> MSE: 0.343315, MAE: 0.459070
2025-06-07 13:21:39.684 | INFO     | __main__:<module>:212 - acoes_ibov.csv | PETR4.SA | LSTM -> MSE: 0.156600, MAE: 0.306257
2025-06-07 13:21:39.949 | INFO     | __main__:<module>:135 - Iniciando acoes_ibov.csv | PETZ3.SA
2025-06-07 13:22:01.214 | INFO     | __main__:<module>:194 - acoes_ibov.csv | PETZ3.SA | RandomForest -> MSE: 0.023074, MAE: 0.116703
2025-06-07 13:22:01.490 | INFO     | __main__:<module>:203 - acoes_ibov.csv | PETZ3.SA | XGBoost -> MSE: 0.021120, MAE: 0.111533
2025-06-07 13:22:01.747 | INFO     | __main__:<module>:212 - acoes_ibov.csv | PETZ3.SA | LSTM -> MSE: 0.034430, MAE: 0.146079
2025-06-07 13:22:02.041 | INFO     | __main__:<module>:135 - Iniciando acoes_ibov.csv | POMO4.SA
2025-06-07 13:22:49.144 | INFO     | __main__:<module>:194 - acoes_ibov.csv | POMO4.SA | RandomForest -> MSE: 0.040876, MAE: 0.164461
2025-06-07 13:22:49.548 | INFO     | __main__:<module>:203 - acoes_ibov.csv | POMO4.SA | XGBoost -> MSE: 0.042557, MAE: 0.157141
2025-06-07 13:22:49.881 | INFO     | __main__:<module>:212 - acoes_ibov.csv | POMO4.SA | LSTM -> MSE: 0.035078, MAE: 0.149494
2025-06-07 13:22:50.266 | INFO     | __main__:<module>:135 - Iniciando acoes_ibov.csv | PRIO3.SA
2025-06-07 13:23:25.094 | INFO     | __main__:<module>:194 - acoes_ibov.csv | PRIO3.SA | RandomForest -> MSE: 1.018779, MAE: 0.797186
2025-06-07 13:23:25.360 | INFO     | __main__:<module>:203 - acoes_ibov.csv | PRIO3.SA | XGBoost -> MSE: 0.883349, MAE: 0.733168
2025-06-07 13:23:25.612 | INFO     | __main__:<module>:212 - acoes_ibov.csv | PRIO3.SA | LSTM -> MSE: 0.632449, MAE: 0.585482
2025-06-07 13:23:25.903 | INFO     | __main__:<module>:135 - Iniciando acoes_ibov.csv | PSSA3.SA
2025-06-07 13:24:12.646 | INFO     | __main__:<module>:194 - acoes_ibov.csv | PSSA3.SA | RandomForest -> MSE: 63.928614, MAE: 7.207093
2025-06-07 13:24:12.862 | INFO     | __main__:<module>:203 - acoes_ibov.csv | PSSA3.SA | XGBoost -> MSE: 69.781559, MAE: 7.616634
2025-06-07 13:24:13.075 | INFO     | __main__:<module>:212 - acoes_ibov.csv | PSSA3.SA | LSTM -> MSE: 1.086219, MAE: 0.794431
2025-06-07 13:24:13.328 | INFO     | __main__:<module>:135 - Iniciando acoes_ibov.csv | RADL3.SA
2025-06-07 13:24:57.984 | INFO     | __main__:<module>:194 - acoes_ibov.csv | RADL3.SA | RandomForest -> MSE: 0.472275, MAE: 0.432853
2025-06-07 13:24:58.199 | INFO     | __main__:<module>:203 - acoes_ibov.csv | RADL3.SA | XGBoost -> MSE: 0.590359, MAE: 0.515179
2025-06-07 13:24:58.411 | INFO     | __main__:<module>:212 - acoes_ibov.csv | RADL3.SA | LSTM -> MSE: 0.495941, MAE: 0.412748
2025-06-07 13:24:58.654 | INFO     | __main__:<module>:135 - Iniciando acoes_ibov.csv | RAIL3.SA
2025-06-07 13:25:31.007 | INFO     | __main__:<module>:194 - acoes_ibov.csv | RAIL3.SA | RandomForest -> MSE: 0.254483, MAE: 0.380720
2025-06-07 13:25:31.229 | INFO     | __main__:<module>:203 - acoes_ibov.csv | RAIL3.SA | XGBoost -> MSE: 0.251923, MAE: 0.417731
2025-06-07 13:25:31.442 | INFO     | __main__:<module>:212 - acoes_ibov.csv | RAIL3.SA | LSTM -> MSE: 0.215406, MAE: 0.363646
2025-06-07 13:25:31.692 | INFO     | __main__:<module>:135 - Iniciando acoes_ibov.csv | RAIZ4.SA
2025-06-07 13:25:49.039 | INFO     | __main__:<module>:194 - acoes_ibov.csv | RAIZ4.SA | RandomForest -> MSE: 0.008610, MAE: 0.070123
2025-06-07 13:25:49.281 | INFO     | __main__:<module>:203 - acoes_ibov.csv | RAIZ4.SA | XGBoost -> MSE: 0.011041, MAE: 0.075749
2025-06-07 13:25:49.519 | INFO     | __main__:<module>:212 - acoes_ibov.csv | RAIZ4.SA | LSTM -> MSE: 0.007010, MAE: 0.048068
2025-06-07 13:25:49.790 | INFO     | __main__:<module>:135 - Iniciando acoes_ibov.csv | RDOR3.SA
2025-06-07 13:26:10.889 | INFO     | __main__:<module>:194 - acoes_ibov.csv | RDOR3.SA | RandomForest -> MSE: 1.463302, MAE: 1.021797
2025-06-07 13:26:11.116 | INFO     | __main__:<module>:203 - acoes_ibov.csv | RDOR3.SA | XGBoost -> MSE: 2.229893, MAE: 1.290138
2025-06-07 13:26:11.329 | INFO     | __main__:<module>:212 - acoes_ibov.csv | RDOR3.SA | LSTM -> MSE: 0.597820, MAE: 0.617000
2025-06-07 13:26:11.580 | INFO     | __main__:<module>:135 - Iniciando acoes_ibov.csv | RECV3.SA
2025-06-07 13:26:29.910 | INFO     | __main__:<module>:194 - acoes_ibov.csv | RECV3.SA | RandomForest -> MSE: 0.151504, MAE: 0.333817
2025-06-07 13:26:30.142 | INFO     | __main__:<module>:203 - acoes_ibov.csv | RECV3.SA | XGBoost -> MSE: 0.158123, MAE: 0.346154
2025-06-07 13:26:30.364 | INFO     | __main__:<module>:212 - acoes_ibov.csv | RECV3.SA | LSTM -> MSE: 0.154937, MAE: 0.312131
2025-06-07 13:26:30.611 | INFO     | __main__:<module>:135 - Iniciando acoes_ibov.csv | RENT3.SA
2025-06-07 13:27:01.979 | INFO     | __main__:<module>:194 - acoes_ibov.csv | RENT3.SA | RandomForest -> MSE: 0.868093, MAE: 0.688601
2025-06-07 13:27:02.274 | INFO     | __main__:<module>:203 - acoes_ibov.csv | RENT3.SA | XGBoost -> MSE: 1.311757, MAE: 0.948615
2025-06-07 13:27:02.573 | INFO     | __main__:<module>:212 - acoes_ibov.csv | RENT3.SA | LSTM -> MSE: 1.048163, MAE: 0.811566
2025-06-07 13:27:02.877 | INFO     | __main__:<module>:135 - Iniciando acoes_ibov.csv | SANB11.SA
2025-06-07 13:27:41.505 | INFO     | __main__:<module>:194 - acoes_ibov.csv | SANB11.SA | RandomForest -> MSE: 0.229629, MAE: 0.350639
2025-06-07 13:27:41.768 | INFO     | __main__:<module>:203 - acoes_ibov.csv | SANB11.SA | XGBoost -> MSE: 0.240347, MAE: 0.395873
2025-06-07 13:27:41.985 | INFO     | __main__:<module>:212 - acoes_ibov.csv | SANB11.SA | LSTM -> MSE: 0.176065, MAE: 0.317908
2025-06-07 13:27:42.243 | INFO     | __main__:<module>:135 - Iniciando acoes_ibov.csv | SBSP3.SA
2025-06-07 13:28:26.821 | INFO     | __main__:<module>:194 - acoes_ibov.csv | SBSP3.SA | RandomForest -> MSE: 387.425517, MAE: 19.567563
2025-06-07 13:28:27.068 | INFO     | __main__:<module>:203 - acoes_ibov.csv | SBSP3.SA | XGBoost -> MSE: 448.459111, MAE: 21.069483
2025-06-07 13:28:27.260 | INFO     | __main__:<module>:212 - acoes_ibov.csv | SBSP3.SA | LSTM -> MSE: 2.223075, MAE: 1.080414
2025-06-07 13:28:27.494 | INFO     | __main__:<module>:135 - Iniciando acoes_ibov.csv | SLCE3.SA
2025-06-07 13:29:12.372 | INFO     | __main__:<module>:194 - acoes_ibov.csv | SLCE3.SA | RandomForest -> MSE: 0.077424, MAE: 0.226155
2025-06-07 13:29:12.633 | INFO     | __main__:<module>:203 - acoes_ibov.csv | SLCE3.SA | XGBoost -> MSE: 0.069566, MAE: 0.232134
2025-06-07 13:29:12.841 | INFO     | __main__:<module>:212 - acoes_ibov.csv | SLCE3.SA | LSTM -> MSE: 0.075193, MAE: 0.230505
2025-06-07 13:29:13.089 | INFO     | __main__:<module>:135 - Iniciando acoes_ibov.csv | SMTO3.SA
2025-06-07 13:29:41.930 | INFO     | __main__:<module>:194 - acoes_ibov.csv | SMTO3.SA | RandomForest -> MSE: 0.253935, MAE: 0.396920
2025-06-07 13:29:42.152 | INFO     | __main__:<module>:203 - acoes_ibov.csv | SMTO3.SA | XGBoost -> MSE: 0.307030, MAE: 0.439821
2025-06-07 13:29:42.390 | INFO     | __main__:<module>:212 - acoes_ibov.csv | SMTO3.SA | LSTM -> MSE: 0.301643, MAE: 0.393432
2025-06-07 13:29:42.649 | INFO     | __main__:<module>:135 - Iniciando acoes_ibov.csv | STBP3.SA
2025-06-07 13:30:26.826 | INFO     | __main__:<module>:194 - acoes_ibov.csv | STBP3.SA | RandomForest -> MSE: 0.016696, MAE: 0.096187
2025-06-07 13:30:27.056 | INFO     | __main__:<module>:203 - acoes_ibov.csv | STBP3.SA | XGBoost -> MSE: 0.032875, MAE: 0.163998
2025-06-07 13:30:27.264 | INFO     | __main__:<module>:212 - acoes_ibov.csv | STBP3.SA | LSTM -> MSE: 0.016089, MAE: 0.124920
2025-06-07 13:30:27.517 | INFO     | __main__:<module>:135 - Iniciando acoes_ibov.csv | SUZB3.SA
2025-06-07 13:31:06.149 | INFO     | __main__:<module>:194 - acoes_ibov.csv | SUZB3.SA | RandomForest -> MSE: 0.892636, MAE: 0.675211
2025-06-07 13:31:06.378 | INFO     | __main__:<module>:203 - acoes_ibov.csv | SUZB3.SA | XGBoost -> MSE: 1.050866, MAE: 0.761380
2025-06-07 13:31:06.621 | INFO     | __main__:<module>:212 - acoes_ibov.csv | SUZB3.SA | LSTM -> MSE: 1.118480, MAE: 0.736578
2025-06-07 13:31:06.895 | INFO     | __main__:<module>:135 - Iniciando acoes_ibov.csv | TAEE11.SA
2025-06-07 13:31:36.318 | INFO     | __main__:<module>:194 - acoes_ibov.csv | TAEE11.SA | RandomForest -> MSE: 2.096998, MAE: 1.368254
2025-06-07 13:31:36.646 | INFO     | __main__:<module>:203 - acoes_ibov.csv | TAEE11.SA | XGBoost -> MSE: 2.579992, MAE: 1.532622
2025-06-07 13:31:36.921 | INFO     | __main__:<module>:212 - acoes_ibov.csv | TAEE11.SA | LSTM -> MSE: 0.215978, MAE: 0.379070
2025-06-07 13:31:37.218 | INFO     | __main__:<module>:135 - Iniciando acoes_ibov.csv | TIMS3.SA
2025-06-07 13:32:18.511 | INFO     | __main__:<module>:194 - acoes_ibov.csv | TIMS3.SA | RandomForest -> MSE: 6.323113, MAE: 2.463452
2025-06-07 13:32:18.774 | INFO     | __main__:<module>:203 - acoes_ibov.csv | TIMS3.SA | XGBoost -> MSE: 7.630074, MAE: 2.712436
2025-06-07 13:32:18.993 | INFO     | __main__:<module>:212 - acoes_ibov.csv | TIMS3.SA | LSTM -> MSE: 0.130587, MAE: 0.271679
2025-06-07 13:32:19.261 | INFO     | __main__:<module>:135 - Iniciando acoes_ibov.csv | TOTS3.SA
2025-06-07 13:33:01.446 | INFO     | __main__:<module>:194 - acoes_ibov.csv | TOTS3.SA | RandomForest -> MSE: 18.236729, MAE: 3.614083
2025-06-07 13:33:01.697 | INFO     | __main__:<module>:203 - acoes_ibov.csv | TOTS3.SA | XGBoost -> MSE: 19.986605, MAE: 3.841689
2025-06-07 13:33:01.944 | INFO     | __main__:<module>:212 - acoes_ibov.csv | TOTS3.SA | LSTM -> MSE: 0.506346, MAE: 0.575015
2025-06-07 13:33:02.233 | INFO     | __main__:<module>:135 - Iniciando acoes_ibov.csv | UGPA3.SA
2025-06-07 13:33:43.280 | INFO     | __main__:<module>:194 - acoes_ibov.csv | UGPA3.SA | RandomForest -> MSE: 0.211349, MAE: 0.347875
2025-06-07 13:33:43.492 | INFO     | __main__:<module>:203 - acoes_ibov.csv | UGPA3.SA | XGBoost -> MSE: 0.190758, MAE: 0.317726
2025-06-07 13:33:43.698 | INFO     | __main__:<module>:212 - acoes_ibov.csv | UGPA3.SA | LSTM -> MSE: 0.173064, MAE: 0.314059
2025-06-07 13:33:43.963 | INFO     | __main__:<module>:135 - Iniciando acoes_ibov.csv | USIM5.SA
2025-06-07 13:34:27.978 | INFO     | __main__:<module>:194 - acoes_ibov.csv | USIM5.SA | RandomForest -> MSE: 0.016610, MAE: 0.101141
2025-06-07 13:34:28.251 | INFO     | __main__:<module>:203 - acoes_ibov.csv | USIM5.SA | XGBoost -> MSE: 0.019929, MAE: 0.116841
2025-06-07 13:34:28.469 | INFO     | __main__:<module>:212 - acoes_ibov.csv | USIM5.SA | LSTM -> MSE: 0.010683, MAE: 0.081053
2025-06-07 13:34:28.726 | INFO     | __main__:<module>:135 - Iniciando acoes_ibov.csv | VALE3.SA
2025-06-07 13:35:15.129 | INFO     | __main__:<module>:194 - acoes_ibov.csv | VALE3.SA | RandomForest -> MSE: 0.565221, MAE: 0.561036
2025-06-07 13:35:15.346 | INFO     | __main__:<module>:203 - acoes_ibov.csv | VALE3.SA | XGBoost -> MSE: 0.733720, MAE: 0.721668
2025-06-07 13:35:15.574 | INFO     | __main__:<module>:212 - acoes_ibov.csv | VALE3.SA | LSTM -> MSE: 0.774245, MAE: 0.769237
2025-06-07 13:35:15.836 | INFO     | __main__:<module>:135 - Iniciando acoes_ibov.csv | VAMO3.SA
2025-06-07 13:35:32.141 | INFO     | __main__:<module>:194 - acoes_ibov.csv | VAMO3.SA | RandomForest -> MSE: 0.049495, MAE: 0.184258
2025-06-07 13:35:32.424 | INFO     | __main__:<module>:203 - acoes_ibov.csv | VAMO3.SA | XGBoost -> MSE: 0.075153, MAE: 0.236602
2025-06-07 13:35:32.680 | INFO     | __main__:<module>:212 - acoes_ibov.csv | VAMO3.SA | LSTM -> MSE: 0.072741, MAE: 0.234445
2025-06-07 13:35:32.973 | INFO     | __main__:<module>:135 - Iniciando acoes_ibov.csv | VBBR3.SA
2025-06-07 13:36:08.281 | INFO     | __main__:<module>:194 - acoes_ibov.csv | VBBR3.SA | RandomForest -> MSE: 0.097897, MAE: 0.242136
2025-06-07 13:36:08.543 | INFO     | __main__:<module>:203 - acoes_ibov.csv | VBBR3.SA | XGBoost -> MSE: 0.108736, MAE: 0.270965
2025-06-07 13:36:08.748 | INFO     | __main__:<module>:212 - acoes_ibov.csv | VBBR3.SA | LSTM -> MSE: 0.104591, MAE: 0.249485
2025-06-07 13:36:08.995 | INFO     | __main__:<module>:135 - Iniciando acoes_ibov.csv | VIVA3.SA
2025-06-07 13:36:36.009 | INFO     | __main__:<module>:194 - acoes_ibov.csv | VIVA3.SA | RandomForest -> MSE: 0.271389, MAE: 0.431479
2025-06-07 13:36:36.280 | INFO     | __main__:<module>:203 - acoes_ibov.csv | VIVA3.SA | XGBoost -> MSE: 0.353205, MAE: 0.481650
2025-06-07 13:36:36.531 | INFO     | __main__:<module>:212 - acoes_ibov.csv | VIVA3.SA | LSTM -> MSE: 0.413902, MAE: 0.534483
2025-06-07 13:36:36.813 | INFO     | __main__:<module>:135 - Iniciando acoes_ibov.csv | VIVT3.SA
2025-06-07 13:37:25.429 | INFO     | __main__:<module>:194 - acoes_ibov.csv | VIVT3.SA | RandomForest -> MSE: 3.331740, MAE: 1.715323
2025-06-07 13:37:25.731 | INFO     | __main__:<module>:203 - acoes_ibov.csv | VIVT3.SA | XGBoost -> MSE: 3.374111, MAE: 1.726370
2025-06-07 13:37:25.968 | INFO     | __main__:<module>:212 - acoes_ibov.csv | VIVT3.SA | LSTM -> MSE: 0.143294, MAE: 0.310833
2025-06-07 13:37:26.233 | INFO     | __main__:<module>:135 - Iniciando acoes_ibov.csv | WEGE3.SA
2025-06-07 13:38:04.562 | INFO     | __main__:<module>:194 - acoes_ibov.csv | WEGE3.SA | RandomForest -> MSE: 4.410100, MAE: 1.525425
2025-06-07 13:38:04.820 | INFO     | __main__:<module>:203 - acoes_ibov.csv | WEGE3.SA | XGBoost -> MSE: 13.163191, MAE: 3.252761
2025-06-07 13:38:05.026 | INFO     | __main__:<module>:212 - acoes_ibov.csv | WEGE3.SA | LSTM -> MSE: 2.715689, MAE: 1.229367
2025-06-07 13:38:05.280 | INFO     | __main__:<module>:135 - Iniciando acoes_ibov.csv | YDUQ3.SA
2025-06-07 13:38:55.472 | INFO     | __main__:<module>:194 - acoes_ibov.csv | YDUQ3.SA | RandomForest -> MSE: 0.392808, MAE: 0.531623
2025-06-07 13:38:55.730 | INFO     | __main__:<module>:203 - acoes_ibov.csv | YDUQ3.SA | XGBoost -> MSE: 0.379857, MAE: 0.514152
2025-06-07 13:38:55.934 | INFO     | __main__:<module>:212 - acoes_ibov.csv | YDUQ3.SA | LSTM -> MSE: 0.272958, MAE: 0.416293
2025-06-07 13:38:57.150 | INFO     | __main__:<module>:135 - Iniciando bdrs.csv | AAPL34.SA
2025-06-07 13:39:34.942 | INFO     | __main__:<module>:194 - bdrs.csv | AAPL34.SA | RandomForest -> MSE: 1.988072, MAE: 1.134705
2025-06-07 13:39:35.207 | INFO     | __main__:<module>:203 - bdrs.csv | AAPL34.SA | XGBoost -> MSE: 2.270280, MAE: 1.273586
2025-06-07 13:39:35.420 | INFO     | __main__:<module>:212 - bdrs.csv | AAPL34.SA | LSTM -> MSE: 1.511694, MAE: 0.893404
2025-06-07 13:39:35.665 | INFO     | __main__:<module>:135 - Iniciando bdrs.csv | AIRB34.SA
2025-06-07 13:39:55.882 | INFO     | __main__:<module>:194 - bdrs.csv | AIRB34.SA | RandomForest -> MSE: 1.213071, MAE: 0.805770
2025-06-07 13:39:56.148 | INFO     | __main__:<module>:203 - bdrs.csv | AIRB34.SA | XGBoost -> MSE: 1.398369, MAE: 0.892688
2025-06-07 13:39:56.379 | INFO     | __main__:<module>:212 - bdrs.csv | AIRB34.SA | LSTM -> MSE: 0.768316, MAE: 0.620366
2025-06-07 13:39:56.628 | INFO     | __main__:<module>:135 - Iniciando bdrs.csv | AMGN34.SA
2025-06-07 13:40:38.799 | INFO     | __main__:<module>:194 - bdrs.csv | AMGN34.SA | RandomForest -> MSE: 1.389980, MAE: 0.956072
2025-06-07 13:40:39.012 | INFO     | __main__:<module>:203 - bdrs.csv | AMGN34.SA | XGBoost -> MSE: 1.866465, MAE: 1.124411
2025-06-07 13:40:39.231 | INFO     | __main__:<module>:212 - bdrs.csv | AMGN34.SA | LSTM -> MSE: 1.707718, MAE: 1.062663
2025-06-07 13:40:39.495 | INFO     | __main__:<module>:135 - Iniciando bdrs.csv | AMZO34.SA
2025-06-07 13:41:13.357 | INFO     | __main__:<module>:194 - bdrs.csv | AMZO34.SA | RandomForest -> MSE: 1.837642, MAE: 0.982327
2025-06-07 13:41:13.619 | INFO     | __main__:<module>:203 - bdrs.csv | AMZO34.SA | XGBoost -> MSE: 2.010879, MAE: 1.041449
2025-06-07 13:41:13.858 | INFO     | __main__:<module>:212 - bdrs.csv | AMZO34.SA | LSTM -> MSE: 2.119221, MAE: 0.994554
2025-06-07 13:41:14.136 | INFO     | __main__:<module>:135 - Iniciando bdrs.csv | AURA33.SA
2025-06-07 13:41:37.215 | INFO     | __main__:<module>:194 - bdrs.csv | AURA33.SA | RandomForest -> MSE: 124.593221, MAE: 10.182514
2025-06-07 13:41:37.458 | INFO     | __main__:<module>:203 - bdrs.csv | AURA33.SA | XGBoost -> MSE: 133.895804, MAE: 10.629496
2025-06-07 13:41:37.684 | INFO     | __main__:<module>:212 - bdrs.csv | AURA33.SA | LSTM -> MSE: 3.146586, MAE: 1.483735
2025-06-07 13:41:37.936 | INFO     | __main__:<module>:135 - Iniciando bdrs.csv | BABA34.SA
2025-06-07 13:41:53.240 | INFO     | __main__:<module>:194 - bdrs.csv | BABA34.SA | RandomForest -> MSE: 0.498566, MAE: 0.487587
2025-06-07 13:41:53.473 | INFO     | __main__:<module>:203 - bdrs.csv | BABA34.SA | XGBoost -> MSE: 0.542956, MAE: 0.509190
2025-06-07 13:41:53.678 | INFO     | __main__:<module>:212 - bdrs.csv | BABA34.SA | LSTM -> MSE: 0.523086, MAE: 0.614783
2025-06-07 13:41:53.937 | INFO     | __main__:<module>:135 - Iniciando bdrs.csv | BERK34.SA
2025-06-07 13:42:10.848 | INFO     | __main__:<module>:194 - bdrs.csv | BERK34.SA | RandomForest -> MSE: 10.629903, MAE: 2.411641
2025-06-07 13:42:11.071 | INFO     | __main__:<module>:203 - bdrs.csv | BERK34.SA | XGBoost -> MSE: 11.523767, MAE: 2.407244
2025-06-07 13:42:11.288 | INFO     | __main__:<module>:212 - bdrs.csv | BERK34.SA | LSTM -> MSE: 31.572112, MAE: 5.208041
2025-06-07 13:42:11.543 | INFO     | __main__:<module>:135 - Iniciando bdrs.csv | BKNG34.SA
2025-06-07 13:42:33.538 | INFO     | __main__:<module>:194 - bdrs.csv | BKNG34.SA | RandomForest -> MSE: 13.014267, MAE: 2.695296
2025-06-07 13:42:33.818 | INFO     | __main__:<module>:203 - bdrs.csv | BKNG34.SA | XGBoost -> MSE: 16.166976, MAE: 3.348421
2025-06-07 13:42:34.073 | INFO     | __main__:<module>:212 - bdrs.csv | BKNG34.SA | LSTM -> MSE: 16.153536, MAE: 3.172939
2025-06-07 13:42:34.414 | INFO     | __main__:<module>:135 - Iniciando bdrs.csv | BOAC34.SA
2025-06-07 13:43:19.706 | INFO     | __main__:<module>:194 - bdrs.csv | BOAC34.SA | RandomForest -> MSE: 0.940629, MAE: 0.733728
2025-06-07 13:43:19.932 | INFO     | __main__:<module>:203 - bdrs.csv | BOAC34.SA | XGBoost -> MSE: 0.858811, MAE: 0.630877
2025-06-07 13:43:20.148 | INFO     | __main__:<module>:212 - bdrs.csv | BOAC34.SA | LSTM -> MSE: 0.809667, MAE: 0.586482
2025-06-07 13:43:20.405 | INFO     | __main__:<module>:135 - Iniciando bdrs.csv | CHVX34.SA
2025-06-07 13:44:05.884 | INFO     | __main__:<module>:194 - bdrs.csv | CHVX34.SA | RandomForest -> MSE: 1.102799, MAE: 0.803579
2025-06-07 13:44:06.114 | INFO     | __main__:<module>:203 - bdrs.csv | CHVX34.SA | XGBoost -> MSE: 1.565185, MAE: 0.986160
2025-06-07 13:44:06.341 | INFO     | __main__:<module>:212 - bdrs.csv | CHVX34.SA | LSTM -> MSE: 1.038806, MAE: 0.796314
2025-06-07 13:44:06.651 | INFO     | __main__:<module>:135 - Iniciando bdrs.csv | CMCS34.SA
2025-06-07 13:44:54.637 | INFO     | __main__:<module>:194 - bdrs.csv | CMCS34.SA | RandomForest -> MSE: 0.269991, MAE: 0.439247
2025-06-07 13:44:54.907 | INFO     | __main__:<module>:203 - bdrs.csv | CMCS34.SA | XGBoost -> MSE: 0.615389, MAE: 0.595498
2025-06-07 13:44:55.177 | INFO     | __main__:<module>:212 - bdrs.csv | CMCS34.SA | LSTM -> MSE: 0.263824, MAE: 0.425657
2025-06-07 13:44:55.491 | INFO     | __main__:<module>:135 - Iniciando bdrs.csv | COCA34.SA
2025-06-07 13:45:33.357 | INFO     | __main__:<module>:194 - bdrs.csv | COCA34.SA | RandomForest -> MSE: 1.026143, MAE: 0.798959
2025-06-07 13:45:33.599 | INFO     | __main__:<module>:203 - bdrs.csv | COCA34.SA | XGBoost -> MSE: 1.613727, MAE: 1.027197
2025-06-07 13:45:33.807 | INFO     | __main__:<module>:212 - bdrs.csv | COCA34.SA | LSTM -> MSE: 1.141395, MAE: 0.826257
2025-06-07 13:45:34.066 | INFO     | __main__:<module>:135 - Iniciando bdrs.csv | DISB34.SA
2025-06-07 13:46:16.342 | INFO     | __main__:<module>:194 - bdrs.csv | DISB34.SA | RandomForest -> MSE: 0.935944, MAE: 0.693274
2025-06-07 13:46:16.593 | INFO     | __main__:<module>:203 - bdrs.csv | DISB34.SA | XGBoost -> MSE: 1.010703, MAE: 0.733151
2025-06-07 13:46:16.825 | INFO     | __main__:<module>:212 - bdrs.csv | DISB34.SA | LSTM -> MSE: 1.206735, MAE: 0.753499
2025-06-07 13:46:17.080 | INFO     | __main__:<module>:135 - Iniciando bdrs.csv | GMCO34.SA
2025-06-07 13:47:00.839 | INFO     | __main__:<module>:194 - bdrs.csv | GMCO34.SA | RandomForest -> MSE: 3.147112, MAE: 1.506666
2025-06-07 13:47:01.110 | INFO     | __main__:<module>:203 - bdrs.csv | GMCO34.SA | XGBoost -> MSE: 3.217382, MAE: 1.488426
2025-06-07 13:47:01.332 | INFO     | __main__:<module>:212 - bdrs.csv | GMCO34.SA | LSTM -> MSE: 2.950102, MAE: 1.322662
2025-06-07 13:47:01.593 | INFO     | __main__:<module>:135 - Iniciando bdrs.csv | GOGL34.SA
2025-06-07 13:47:41.971 | INFO     | __main__:<module>:194 - bdrs.csv | GOGL34.SA | RandomForest -> MSE: 2.840817, MAE: 1.272011
2025-06-07 13:47:42.230 | INFO     | __main__:<module>:203 - bdrs.csv | GOGL34.SA | XGBoost -> MSE: 4.593082, MAE: 1.667808
2025-06-07 13:47:42.446 | INFO     | __main__:<module>:212 - bdrs.csv | GOGL34.SA | LSTM -> MSE: 3.440279, MAE: 1.466395
2025-06-07 13:47:42.689 | INFO     | __main__:<module>:135 - Iniciando bdrs.csv | HOME34.SA
2025-06-07 13:48:19.668 | INFO     | __main__:<module>:194 - bdrs.csv | HOME34.SA | RandomForest -> MSE: 1.703434, MAE: 0.928067
2025-06-07 13:48:19.927 | INFO     | __main__:<module>:203 - bdrs.csv | HOME34.SA | XGBoost -> MSE: 1.778009, MAE: 0.942552
2025-06-07 13:48:20.175 | INFO     | __main__:<module>:212 - bdrs.csv | HOME34.SA | LSTM -> MSE: 1.436569, MAE: 0.802474
2025-06-07 13:48:20.477 | INFO     | __main__:<module>:135 - Iniciando bdrs.csv | INBR32.SA
2025-06-07 13:48:34.141 | INFO     | __main__:<module>:194 - bdrs.csv | INBR32.SA | RandomForest -> MSE: 0.894270, MAE: 0.748110
2025-06-07 13:48:34.370 | INFO     | __main__:<module>:203 - bdrs.csv | INBR32.SA | XGBoost -> MSE: 1.279816, MAE: 0.889735
2025-06-07 13:48:34.619 | INFO     | __main__:<module>:212 - bdrs.csv | INBR32.SA | LSTM -> MSE: 1.413662, MAE: 1.060976
2025-06-07 13:48:34.911 | INFO     | __main__:<module>:135 - Iniciando bdrs.csv | ITLC34.SA
2025-06-07 13:49:23.614 | INFO     | __main__:<module>:194 - bdrs.csv | ITLC34.SA | RandomForest -> MSE: 0.180202, MAE: 0.335957
2025-06-07 13:49:23.912 | INFO     | __main__:<module>:203 - bdrs.csv | ITLC34.SA | XGBoost -> MSE: 0.285475, MAE: 0.409133
2025-06-07 13:49:24.117 | INFO     | __main__:<module>:212 - bdrs.csv | ITLC34.SA | LSTM -> MSE: 0.128142, MAE: 0.281574
2025-06-07 13:49:24.364 | INFO     | __main__:<module>:135 - Iniciando bdrs.csv | IVVB11.SA
2025-06-07 13:50:11.952 | INFO     | __main__:<module>:194 - bdrs.csv | IVVB11.SA | RandomForest -> MSE: 22.038436, MAE: 4.012733
2025-06-07 13:50:12.231 | INFO     | __main__:<module>:203 - bdrs.csv | IVVB11.SA | XGBoost -> MSE: 39.103267, MAE: 4.778736
2025-06-07 13:50:12.461 | INFO     | __main__:<module>:212 - bdrs.csv | IVVB11.SA | LSTM -> MSE: 17.681983, MAE: 3.262295
2025-06-07 13:50:12.714 | INFO     | __main__:<module>:135 - Iniciando bdrs.csv | JNJB34.SA
2025-06-07 13:50:57.809 | INFO     | __main__:<module>:194 - bdrs.csv | JNJB34.SA | RandomForest -> MSE: 0.680682, MAE: 0.627887
2025-06-07 13:50:58.026 | INFO     | __main__:<module>:203 - bdrs.csv | JNJB34.SA | XGBoost -> MSE: 0.877099, MAE: 0.662308
2025-06-07 13:50:58.263 | INFO     | __main__:<module>:212 - bdrs.csv | JNJB34.SA | LSTM -> MSE: 0.774349, MAE: 0.633976
2025-06-07 13:50:58.564 | INFO     | __main__:<module>:135 - Iniciando bdrs.csv | JPMC34.SA
2025-06-07 13:51:44.553 | INFO     | __main__:<module>:194 - bdrs.csv | JPMC34.SA | RandomForest -> MSE: 4.623028, MAE: 1.857896
2025-06-07 13:51:44.815 | INFO     | __main__:<module>:203 - bdrs.csv | JPMC34.SA | XGBoost -> MSE: 8.844562, MAE: 2.464316
2025-06-07 13:51:45.029 | INFO     | __main__:<module>:212 - bdrs.csv | JPMC34.SA | LSTM -> MSE: 5.665540, MAE: 1.806069
2025-06-07 13:51:45.285 | INFO     | __main__:<module>:135 - Iniciando bdrs.csv | M1TA34.SA
2025-06-07 13:52:36.191 | INFO     | __main__:<module>:194 - bdrs.csv | M1TA34.SA | RandomForest -> MSE: 14.947776, MAE: 3.270505
2025-06-07 13:52:36.463 | INFO     | __main__:<module>:203 - bdrs.csv | M1TA34.SA | XGBoost -> MSE: 19.797372, MAE: 3.281815
2025-06-07 13:52:36.706 | INFO     | __main__:<module>:212 - bdrs.csv | M1TA34.SA | LSTM -> MSE: 7.052588, MAE: 2.031535
2025-06-07 13:52:36.988 | INFO     | __main__:<module>:135 - Iniciando bdrs.csv | MELI34.SA
2025-06-07 13:53:08.617 | INFO     | __main__:<module>:194 - bdrs.csv | MELI34.SA | RandomForest -> MSE: 185.102435, MAE: 12.288568
2025-06-07 13:53:08.890 | INFO     | __main__:<module>:203 - bdrs.csv | MELI34.SA | XGBoost -> MSE: 361.722647, MAE: 17.641358
2025-06-07 13:53:09.105 | INFO     | __main__:<module>:212 - bdrs.csv | MELI34.SA | LSTM -> MSE: 11.131517, MAE: 2.291818
2025-06-07 13:53:09.368 | INFO     | __main__:<module>:135 - Iniciando bdrs.csv | MSCD34.SA
2025-06-07 13:53:36.253 | INFO     | __main__:<module>:194 - bdrs.csv | MSCD34.SA | RandomForest -> MSE: 3.367985, MAE: 1.454316
2025-06-07 13:53:36.478 | INFO     | __main__:<module>:203 - bdrs.csv | MSCD34.SA | XGBoost -> MSE: 4.796423, MAE: 1.734763
2025-06-07 13:53:36.702 | INFO     | __main__:<module>:212 - bdrs.csv | MSCD34.SA | LSTM -> MSE: 3.300404, MAE: 1.478014
2025-06-07 13:53:37.011 | INFO     | __main__:<module>:135 - Iniciando bdrs.csv | MSFT34.SA
2025-06-07 13:54:23.944 | INFO     | __main__:<module>:194 - bdrs.csv | MSFT34.SA | RandomForest -> MSE: 2.847730, MAE: 1.245983
2025-06-07 13:54:24.172 | INFO     | __main__:<module>:203 - bdrs.csv | MSFT34.SA | XGBoost -> MSE: 4.740548, MAE: 1.821767
2025-06-07 13:54:24.412 | INFO     | __main__:<module>:212 - bdrs.csv | MSFT34.SA | LSTM -> MSE: 6.510028, MAE: 1.864406
2025-06-07 13:54:24.671 | INFO     | __main__:<module>:135 - Iniciando bdrs.csv | NFLX34.SA
2025-06-07 13:54:52.131 | INFO     | __main__:<module>:194 - bdrs.csv | NFLX34.SA | RandomForest -> MSE: 241.922088, MAE: 14.825189
2025-06-07 13:54:52.428 | INFO     | __main__:<module>:203 - bdrs.csv | NFLX34.SA | XGBoost -> MSE: 318.455789, MAE: 17.120789
2025-06-07 13:54:52.660 | INFO     | __main__:<module>:212 - bdrs.csv | NFLX34.SA | LSTM -> MSE: 5.111453, MAE: 1.815692
2025-06-07 13:54:52.937 | INFO     | __main__:<module>:135 - Iniciando bdrs.csv | NIKE34.SA
2025-06-07 13:55:37.932 | INFO     | __main__:<module>:194 - bdrs.csv | NIKE34.SA | RandomForest -> MSE: 0.758414, MAE: 0.617824
2025-06-07 13:55:38.194 | INFO     | __main__:<module>:203 - bdrs.csv | NIKE34.SA | XGBoost -> MSE: 1.012557, MAE: 0.680128
2025-06-07 13:55:38.404 | INFO     | __main__:<module>:212 - bdrs.csv | NIKE34.SA | LSTM -> MSE: 1.144917, MAE: 0.896073
2025-06-07 13:55:38.648 | INFO     | __main__:<module>:135 - Iniciando bdrs.csv | NVDC34.SA
2025-06-07 13:55:55.528 | INFO     | __main__:<module>:194 - bdrs.csv | NVDC34.SA | RandomForest -> MSE: 0.127739, MAE: 0.290289
2025-06-07 13:55:55.843 | INFO     | __main__:<module>:203 - bdrs.csv | NVDC34.SA | XGBoost -> MSE: 0.175632, MAE: 0.306810
2025-06-07 13:55:56.075 | INFO     | __main__:<module>:212 - bdrs.csv | NVDC34.SA | LSTM -> MSE: 0.249764, MAE: 0.364209
2025-06-07 13:55:56.349 | INFO     | __main__:<module>:135 - Iniciando bdrs.csv | PFIZ34.SA
2025-06-07 13:56:42.955 | INFO     | __main__:<module>:194 - bdrs.csv | PFIZ34.SA | RandomForest -> MSE: 0.407414, MAE: 0.495139
2025-06-07 13:56:43.228 | INFO     | __main__:<module>:203 - bdrs.csv | PFIZ34.SA | XGBoost -> MSE: 0.388167, MAE: 0.498334
2025-06-07 13:56:43.455 | INFO     | __main__:<module>:212 - bdrs.csv | PFIZ34.SA | LSTM -> MSE: 0.391196, MAE: 0.487435
2025-06-07 13:56:43.709 | INFO     | __main__:<module>:135 - Iniciando bdrs.csv | RIGG34.SA
2025-06-07 13:57:25.609 | INFO     | __main__:<module>:194 - bdrs.csv | RIGG34.SA | RandomForest -> MSE: 0.644215, MAE: 0.657603
2025-06-07 13:57:25.888 | INFO     | __main__:<module>:203 - bdrs.csv | RIGG34.SA | XGBoost -> MSE: 0.623819, MAE: 0.625465
2025-06-07 13:57:26.124 | INFO     | __main__:<module>:212 - bdrs.csv | RIGG34.SA | LSTM -> MSE: 0.263665, MAE: 0.419223
2025-06-07 13:57:26.404 | INFO     | __main__:<module>:135 - Iniciando bdrs.csv | SSFO34.SA
2025-06-07 13:57:55.715 | INFO     | __main__:<module>:194 - bdrs.csv | SSFO34.SA | RandomForest -> MSE: 4.111665, MAE: 1.432415
2025-06-07 13:57:55.976 | INFO     | __main__:<module>:203 - bdrs.csv | SSFO34.SA | XGBoost -> MSE: 4.093252, MAE: 1.429578
2025-06-07 13:57:56.185 | INFO     | __main__:<module>:212 - bdrs.csv | SSFO34.SA | LSTM -> MSE: 3.695486, MAE: 1.516359
2025-06-07 13:57:56.431 | INFO     | __main__:<module>:135 - Iniciando bdrs.csv | TSLA34.SA
2025-06-07 13:58:29.043 | INFO     | __main__:<module>:194 - bdrs.csv | TSLA34.SA | RandomForest -> MSE: 9.049867, MAE: 2.187466
2025-06-07 13:58:29.316 | INFO     | __main__:<module>:203 - bdrs.csv | TSLA34.SA | XGBoost -> MSE: 9.593764, MAE: 2.334271
2025-06-07 13:58:29.545 | INFO     | __main__:<module>:212 - bdrs.csv | TSLA34.SA | LSTM -> MSE: 7.773857, MAE: 1.927135
2025-06-07 13:58:30.846 | INFO     | __main__:<module>:135 - Iniciando bdrs.csv | TSMC34.SA
2025-06-07 13:58:53.341 | INFO     | __main__:<module>:194 - bdrs.csv | TSMC34.SA | RandomForest -> MSE: 9.380226, MAE: 2.257573
2025-06-07 13:58:53.595 | INFO     | __main__:<module>:203 - bdrs.csv | TSMC34.SA | XGBoost -> MSE: 11.425749, MAE: 2.590591
2025-06-07 13:58:53.797 | INFO     | __main__:<module>:212 - bdrs.csv | TSMC34.SA | LSTM -> MSE: 10.729940, MAE: 2.260624
2025-06-07 13:58:54.032 | INFO     | __main__:<module>:135 - Iniciando bdrs.csv | UNHH34.SA
2025-06-07 13:59:20.184 | INFO     | __main__:<module>:194 - bdrs.csv | UNHH34.SA | RandomForest -> MSE: 2.027324, MAE: 0.848548
2025-06-07 13:59:20.443 | INFO     | __main__:<module>:203 - bdrs.csv | UNHH34.SA | XGBoost -> MSE: 3.294064, MAE: 1.223867
2025-06-07 13:59:20.651 | INFO     | __main__:<module>:212 - bdrs.csv | UNHH34.SA | LSTM -> MSE: 2.831402, MAE: 1.108681
2025-06-07 13:59:20.894 | INFO     | __main__:<module>:135 - Iniciando bdrs.csv | VERZ34.SA
2025-06-07 14:00:09.499 | INFO     | __main__:<module>:194 - bdrs.csv | VERZ34.SA | RandomForest -> MSE: 0.401881, MAE: 0.500835
2025-06-07 14:00:09.772 | INFO     | __main__:<module>:203 - bdrs.csv | VERZ34.SA | XGBoost -> MSE: 0.745083, MAE: 0.699517
2025-06-07 14:00:10.008 | INFO     | __main__:<module>:212 - bdrs.csv | VERZ34.SA | LSTM -> MSE: 0.348927, MAE: 0.489365
2025-06-07 14:00:10.259 | INFO     | __main__:<module>:135 - Iniciando bdrs.csv | VISA34.SA
2025-06-07 14:00:59.317 | INFO     | __main__:<module>:194 - bdrs.csv | VISA34.SA | RandomForest -> MSE: 2.963379, MAE: 1.373733
2025-06-07 14:00:59.573 | INFO     | __main__:<module>:203 - bdrs.csv | VISA34.SA | XGBoost -> MSE: 6.524235, MAE: 2.154848
2025-06-07 14:00:59.778 | INFO     | __main__:<module>:212 - bdrs.csv | VISA34.SA | LSTM -> MSE: 1.769114, MAE: 1.008461
2025-06-07 14:01:00.321 | INFO     | __main__:<module>:135 - Iniciando commodities.csv | BZ=F
2025-06-07 14:01:48.713 | INFO     | __main__:<module>:194 - commodities.csv | BZ=F | RandomForest -> MSE: 1.018036, MAE: 0.897840
2025-06-07 14:01:48.989 | INFO     | __main__:<module>:203 - commodities.csv | BZ=F | XGBoost -> MSE: 1.184457, MAE: 0.943668
2025-06-07 14:01:49.201 | INFO     | __main__:<module>:212 - commodities.csv | BZ=F | LSTM -> MSE: 1.200997, MAE: 0.926058
2025-06-07 14:01:49.461 | INFO     | __main__:<module>:135 - Iniciando commodities.csv | GC=F
2025-06-07 14:02:38.663 | INFO     | __main__:<module>:194 - commodities.csv | GC=F | RandomForest -> MSE: 156151.496907, MAE: 390.709989
2025-06-07 14:02:38.928 | INFO     | __main__:<module>:203 - commodities.csv | GC=F | XGBoost -> MSE: 154657.186280, MAE: 388.792985
2025-06-07 14:02:39.144 | INFO     | __main__:<module>:212 - commodities.csv | GC=F | LSTM -> MSE: 9691.851925, MAE: 85.859595
2025-06-07 14:02:39.408 | INFO     | __main__:<module>:135 - Iniciando commodities.csv | KC=F
2025-06-07 14:03:27.462 | INFO     | __main__:<module>:194 - commodities.csv | KC=F | RandomForest -> MSE: 270.836073, MAE: 12.988600
2025-06-07 14:03:27.729 | INFO     | __main__:<module>:203 - commodities.csv | KC=F | XGBoost -> MSE: 554.256518, MAE: 19.842486
2025-06-07 14:03:27.951 | INFO     | __main__:<module>:212 - commodities.csv | KC=F | LSTM -> MSE: 66.458588, MAE: 6.427217
2025-06-07 14:03:28.204 | INFO     | __main__:<module>:135 - Iniciando commodities.csv | LE=F
2025-06-07 14:04:16.604 | INFO     | __main__:<module>:194 - commodities.csv | LE=F | RandomForest -> MSE: 152.294764, MAE: 11.926055
2025-06-07 14:04:16.816 | INFO     | __main__:<module>:203 - commodities.csv | LE=F | XGBoost -> MSE: 211.449858, MAE: 14.179240
2025-06-07 14:04:17.027 | INFO     | __main__:<module>:212 - commodities.csv | LE=F | LSTM -> MSE: 4.212992, MAE: 1.438505
2025-06-07 14:04:17.279 | INFO     | __main__:<module>:135 - Iniciando commodities.csv | SI=F
2025-06-07 14:05:09.257 | INFO     | __main__:<module>:194 - commodities.csv | SI=F | RandomForest -> MSE: 0.798149, MAE: 0.560541
2025-06-07 14:05:09.525 | INFO     | __main__:<module>:203 - commodities.csv | SI=F | XGBoost -> MSE: 1.444259, MAE: 0.719791
2025-06-07 14:05:09.724 | INFO     | __main__:<module>:212 - commodities.csv | SI=F | LSTM -> MSE: 0.298932, MAE: 0.437539
2025-06-07 14:05:09.985 | INFO     | __main__:<module>:135 - Iniciando commodities.csv | ZC=F
2025-06-07 14:05:57.865 | INFO     | __main__:<module>:194 - commodities.csv | ZC=F | RandomForest -> MSE: 51.576065, MAE: 6.136583
2025-06-07 14:05:58.111 | INFO     | __main__:<module>:203 - commodities.csv | ZC=F | XGBoost -> MSE: 39.387161, MAE: 4.969549
2025-06-07 14:05:58.347 | INFO     | __main__:<module>:212 - commodities.csv | ZC=F | LSTM -> MSE: 54.374516, MAE: 5.758321
2025-06-07 14:05:58.637 | INFO     | __main__:<module>:135 - Iniciando commodities.csv | ZS=F
2025-06-07 14:06:46.397 | INFO     | __main__:<module>:194 - commodities.csv | ZS=F | RandomForest -> MSE: 81.891579, MAE: 7.261500
2025-06-07 14:06:46.730 | INFO     | __main__:<module>:203 - commodities.csv | ZS=F | XGBoost -> MSE: 80.664390, MAE: 6.985221
2025-06-07 14:06:47.074 | INFO     | __main__:<module>:212 - commodities.csv | ZS=F | LSTM -> MSE: 70.405783, MAE: 6.946261
2025-06-07 14:06:48.393 | INFO     | __main__:<module>:135 - Iniciando criptos.csv | ADA-USD
2025-06-07 14:07:36.629 | INFO     | __main__:<module>:194 - criptos.csv | ADA-USD | RandomForest -> MSE: 0.001675, MAE: 0.033188
2025-06-07 14:07:36.891 | INFO     | __main__:<module>:203 - criptos.csv | ADA-USD | XGBoost -> MSE: 0.001598, MAE: 0.034825
2025-06-07 14:07:37.131 | INFO     | __main__:<module>:212 - criptos.csv | ADA-USD | LSTM -> MSE: 0.000920, MAE: 0.022767
2025-06-07 14:07:37.416 | INFO     | __main__:<module>:135 - Iniciando criptos.csv | AVAX-USD
2025-06-07 14:08:01.581 | INFO     | __main__:<module>:194 - criptos.csv | AVAX-USD | RandomForest -> MSE: 1.386334, MAE: 0.958012
2025-06-07 14:08:01.881 | INFO     | __main__:<module>:203 - criptos.csv | AVAX-USD | XGBoost -> MSE: 1.608589, MAE: 0.989038
2025-06-07 14:08:02.114 | INFO     | __main__:<module>:212 - criptos.csv | AVAX-USD | LSTM -> MSE: 1.725200, MAE: 0.987895
2025-06-07 14:08:02.420 | INFO     | __main__:<module>:135 - Iniciando criptos.csv | BNB-USD
2025-06-07 14:08:47.965 | INFO     | __main__:<module>:194 - criptos.csv | BNB-USD | RandomForest -> MSE: 299.567849, MAE: 13.652847
2025-06-07 14:08:48.355 | INFO     | __main__:<module>:203 - criptos.csv | BNB-USD | XGBoost -> MSE: 331.937357, MAE: 13.622640
2025-06-07 14:08:48.703 | INFO     | __main__:<module>:212 - criptos.csv | BNB-USD | LSTM -> MSE: 201.317391, MAE: 10.025682
2025-06-07 14:08:49.125 | INFO     | __main__:<module>:135 - Iniciando criptos.csv | BTC-USD
2025-06-07 14:09:33.137 | INFO     | __main__:<module>:194 - criptos.csv | BTC-USD | RandomForest -> MSE: 19292332.136537, MAE: 3504.005117
2025-06-07 14:09:33.395 | INFO     | __main__:<module>:203 - criptos.csv | BTC-USD | XGBoost -> MSE: 24234366.513084, MAE: 4222.248698
2025-06-07 14:09:33.609 | INFO     | __main__:<module>:212 - criptos.csv | BTC-USD | LSTM -> MSE: 5258749.897614, MAE: 1926.226302
2025-06-07 14:09:33.873 | INFO     | __main__:<module>:135 - Iniciando criptos.csv | DOGE-USD
2025-06-07 14:10:20.809 | INFO     | __main__:<module>:194 - criptos.csv | DOGE-USD | RandomForest -> MSE: 0.000194, MAE: 0.010078
2025-06-07 14:10:21.077 | INFO     | __main__:<module>:203 - criptos.csv | DOGE-USD | XGBoost -> MSE: 0.000221, MAE: 0.010263
2025-06-07 14:10:21.314 | INFO     | __main__:<module>:212 - criptos.csv | DOGE-USD | LSTM -> MSE: 0.000184, MAE: 0.010338
2025-06-07 14:10:21.634 | INFO     | __main__:<module>:135 - Iniciando criptos.csv | DOT-USD
2025-06-07 14:10:59.477 | INFO     | __main__:<module>:194 - criptos.csv | DOT-USD | RandomForest -> MSE: 0.042417, MAE: 0.160317
2025-06-07 14:10:59.746 | INFO     | __main__:<module>:203 - criptos.csv | DOT-USD | XGBoost -> MSE: 0.048584, MAE: 0.170226
2025-06-07 14:10:59.962 | INFO     | __main__:<module>:212 - criptos.csv | DOT-USD | LSTM -> MSE: 0.061704, MAE: 0.173205
2025-06-07 14:11:00.258 | INFO     | __main__:<module>:135 - Iniciando criptos.csv | ETH-USD
2025-06-07 14:11:51.376 | INFO     | __main__:<module>:194 - criptos.csv | ETH-USD | RandomForest -> MSE: 8299.390139, MAE: 62.855785
2025-06-07 14:11:51.629 | INFO     | __main__:<module>:203 - criptos.csv | ETH-USD | XGBoost -> MSE: 13018.430273, MAE: 88.831038
2025-06-07 14:11:51.880 | INFO     | __main__:<module>:212 - criptos.csv | ETH-USD | LSTM -> MSE: 9309.775990, MAE: 66.157772
2025-06-07 14:11:52.179 | INFO     | __main__:<module>:135 - Iniciando criptos.csv | LINK-USD
2025-06-07 14:12:41.835 | INFO     | __main__:<module>:194 - criptos.csv | LINK-USD | RandomForest -> MSE: 0.427191, MAE: 0.508075
2025-06-07 14:12:42.054 | INFO     | __main__:<module>:203 - criptos.csv | LINK-USD | XGBoost -> MSE: 0.518279, MAE: 0.550774
2025-06-07 14:12:42.265 | INFO     | __main__:<module>:212 - criptos.csv | LINK-USD | LSTM -> MSE: 0.469786, MAE: 0.549138
2025-06-07 14:12:42.520 | INFO     | __main__:<module>:135 - Iniciando criptos.csv | LTC-USD
2025-06-07 14:13:57.893 | INFO     | __main__:<module>:194 - criptos.csv | LTC-USD | RandomForest -> MSE: 13.304115, MAE: 2.984950
2025-06-07 14:13:58.113 | INFO     | __main__:<module>:203 - criptos.csv | LTC-USD | XGBoost -> MSE: 17.493443, MAE: 3.429923
2025-06-07 14:13:58.320 | INFO     | __main__:<module>:212 - criptos.csv | LTC-USD | LSTM -> MSE: 10.273953, MAE: 2.518275
2025-06-07 14:13:58.577 | INFO     | __main__:<module>:135 - Iniciando criptos.csv | MATIC-USD
2025-06-07 14:14:41.791 | INFO     | __main__:<module>:194 - criptos.csv | MATIC-USD | RandomForest -> MSE: 0.005649, MAE: 0.064588
2025-06-07 14:14:42.018 | INFO     | __main__:<module>:203 - criptos.csv | MATIC-USD | XGBoost -> MSE: 0.003425, MAE: 0.053469
2025-06-07 14:14:42.236 | INFO     | __main__:<module>:212 - criptos.csv | MATIC-USD | LSTM -> MSE: 0.000779, MAE: 0.025244
2025-06-07 14:14:42.488 | INFO     | __main__:<module>:135 - Iniciando criptos.csv | NEAR-USD
2025-06-07 14:15:13.171 | INFO     | __main__:<module>:194 - criptos.csv | NEAR-USD | RandomForest -> MSE: 0.026611, MAE: 0.110866
2025-06-07 14:15:13.445 | INFO     | __main__:<module>:203 - criptos.csv | NEAR-USD | XGBoost -> MSE: 0.054266, MAE: 0.178817
2025-06-07 14:15:13.672 | INFO     | __main__:<module>:212 - criptos.csv | NEAR-USD | LSTM -> MSE: 0.032914, MAE: 0.128037
2025-06-07 14:15:13.937 | INFO     | __main__:<module>:135 - Iniciando criptos.csv | SHIB-USD
2025-06-07 14:15:43.044 | INFO     | __main__:<module>:194 - criptos.csv | SHIB-USD | RandomForest -> MSE: 0.000000, MAE: 0.000001
2025-06-07 14:15:43.310 | INFO     | __main__:<module>:203 - criptos.csv | SHIB-USD | XGBoost -> MSE: 0.000000, MAE: 0.000001
2025-06-07 14:15:43.523 | INFO     | __main__:<module>:212 - criptos.csv | SHIB-USD | LSTM -> MSE: 0.000000, MAE: 0.000001
2025-06-07 14:15:43.776 | INFO     | __main__:<module>:135 - Iniciando criptos.csv | SOL-USD
2025-06-07 14:16:20.652 | INFO     | __main__:<module>:194 - criptos.csv | SOL-USD | RandomForest -> MSE: 25.761551, MAE: 4.030035
2025-06-07 14:16:20.962 | INFO     | __main__:<module>:203 - criptos.csv | SOL-USD | XGBoost -> MSE: 22.311740, MAE: 3.662667
2025-06-07 14:16:21.194 | INFO     | __main__:<module>:212 - criptos.csv | SOL-USD | LSTM -> MSE: 41.560605, MAE: 5.425254
2025-06-07 14:16:21.464 | INFO     | __main__:<module>:135 - Iniciando criptos.csv | SUI-USD
2025-06-07 14:16:36.001 | INFO     | __main__:<module>:194 - criptos.csv | SUI-USD | RandomForest -> MSE: 0.000000, MAE: 0.000074
2025-06-07 14:16:36.296 | INFO     | __main__:<module>:203 - criptos.csv | SUI-USD | XGBoost -> MSE: 0.000000, MAE: 0.000079
2025-06-07 14:16:36.554 | INFO     | __main__:<module>:212 - criptos.csv | SUI-USD | LSTM -> MSE: 0.000000, MAE: 0.000068
2025-06-07 14:16:36.850 | INFO     | __main__:<module>:135 - Iniciando criptos.csv | TON-USD
2025-06-07 14:16:58.524 | INFO     | __main__:<module>:194 - criptos.csv | TON-USD | RandomForest -> MSE: 0.996469, MAE: 0.600452
2025-06-07 14:16:58.744 | INFO     | __main__:<module>:203 - criptos.csv | TON-USD | XGBoost -> MSE: 1.178228, MAE: 0.663548
2025-06-07 14:16:58.992 | INFO     | __main__:<module>:212 - criptos.csv | TON-USD | LSTM -> MSE: 0.874147, MAE: 0.716450
2025-06-07 14:16:59.265 | INFO     | __main__:<module>:135 - Iniciando criptos.csv | UNI-USD
2025-06-07 14:17:37.362 | INFO     | __main__:<module>:194 - criptos.csv | UNI-USD | RandomForest -> MSE: 0.000000, MAE: 0.000004
2025-06-07 14:17:37.634 | INFO     | __main__:<module>:203 - criptos.csv | UNI-USD | XGBoost -> MSE: 0.000000, MAE: 0.000006
2025-06-07 14:17:37.849 | INFO     | __main__:<module>:212 - criptos.csv | UNI-USD | LSTM -> MSE: 0.000039, MAE: 0.006262
2025-06-07 14:17:38.090 | INFO     | __main__:<module>:135 - Iniciando criptos.csv | XRP-USD
2025-06-07 14:18:23.624 | INFO     | __main__:<module>:194 - criptos.csv | XRP-USD | RandomForest -> MSE: 0.006741, MAE: 0.064124
2025-06-07 14:18:23.891 | INFO     | __main__:<module>:203 - criptos.csv | XRP-USD | XGBoost -> MSE: 0.009192, MAE: 0.074656
2025-06-07 14:18:24.102 | INFO     | __main__:<module>:212 - criptos.csv | XRP-USD | LSTM -> MSE: 0.005963, MAE: 0.062085
2025-06-07 14:18:24.578 | INFO     | __main__:<module>:135 - Iniciando juros.csv | EDV
2025-06-07 14:19:19.603 | INFO     | __main__:<module>:194 - juros.csv | EDV | RandomForest -> MSE: 0.777924, MAE: 0.701386
2025-06-07 14:19:19.825 | INFO     | __main__:<module>:203 - juros.csv | EDV | XGBoost -> MSE: 1.646980, MAE: 0.976290
2025-06-07 14:19:20.033 | INFO     | __main__:<module>:212 - juros.csv | EDV | LSTM -> MSE: 0.772174, MAE: 0.756230
2025-06-07 14:19:20.294 | INFO     | __main__:<module>:135 - Iniciando juros.csv | ^FVX
2025-06-07 14:19:58.940 | INFO     | __main__:<module>:194 - juros.csv | ^FVX | RandomForest -> MSE: 0.004392, MAE: 0.053848
2025-06-07 14:19:59.198 | INFO     | __main__:<module>:203 - juros.csv | ^FVX | XGBoost -> MSE: 0.004984, MAE: 0.061561
2025-06-07 14:19:59.404 | INFO     | __main__:<module>:212 - juros.csv | ^FVX | LSTM -> MSE: 0.005201, MAE: 0.060134
2025-06-07 14:19:59.664 | INFO     | __main__:<module>:135 - Iniciando juros.csv | ^IRX
2025-06-07 14:20:42.278 | INFO     | __main__:<module>:194 - juros.csv | ^IRX | RandomForest -> MSE: 0.000354, MAE: 0.014604
2025-06-07 14:20:42.535 | INFO     | __main__:<module>:203 - juros.csv | ^IRX | XGBoost -> MSE: 0.000731, MAE: 0.018582
2025-06-07 14:20:42.761 | INFO     | __main__:<module>:212 - juros.csv | ^IRX | LSTM -> MSE: 0.001276, MAE: 0.031103
2025-06-07 14:20:43.015 | INFO     | __main__:<module>:135 - Iniciando juros.csv | ^TNX
2025-06-07 14:21:35.760 | INFO     | __main__:<module>:194 - juros.csv | ^TNX | RandomForest -> MSE: 0.003227, MAE: 0.047798
2025-06-07 14:21:36.018 | INFO     | __main__:<module>:203 - juros.csv | ^TNX | XGBoost -> MSE: 0.004256, MAE: 0.055516
2025-06-07 14:21:36.230 | INFO     | __main__:<module>:212 - juros.csv | ^TNX | LSTM -> MSE: 0.003856, MAE: 0.049883
2025-06-07 14:21:36.519 | INFO     | __main__:<module>:135 - Iniciando juros.csv | ^TYX
2025-06-07 14:22:27.943 | INFO     | __main__:<module>:194 - juros.csv | ^TYX | RandomForest -> MSE: 0.003289, MAE: 0.047195
2025-06-07 14:22:28.176 | INFO     | __main__:<module>:203 - juros.csv | ^TYX | XGBoost -> MSE: 0.005918, MAE: 0.064870
2025-06-07 14:22:28.398 | INFO     | __main__:<module>:212 - juros.csv | ^TYX | LSTM -> MSE: 0.002766, MAE: 0.044452
2025-06-07 14:22:28.769 | INFO     | __main__:<module>:135 - Iniciando moedas.csv | EURBRL=X
2025-06-07 14:23:25.711 | INFO     | __main__:<module>:194 - moedas.csv | EURBRL=X | RandomForest -> MSE: 0.002721, MAE: 0.041066
2025-06-07 14:23:25.935 | INFO     | __main__:<module>:203 - moedas.csv | EURBRL=X | XGBoost -> MSE: 0.002926, MAE: 0.043018
2025-06-07 14:23:26.154 | INFO     | __main__:<module>:212 - moedas.csv | EURBRL=X | LSTM -> MSE: 0.002062, MAE: 0.034988
2025-06-07 14:23:26.410 | INFO     | __main__:<module>:135 - Iniciando moedas.csv | USDBRL=X
2025-06-07 14:24:21.255 | INFO     | __main__:<module>:194 - moedas.csv | USDBRL=X | RandomForest -> MSE: 0.001450, MAE: 0.030457
2025-06-07 14:24:21.557 | INFO     | __main__:<module>:203 - moedas.csv | USDBRL=X | XGBoost -> MSE: 0.003466, MAE: 0.050036
2025-06-07 14:24:21.801 | INFO     | __main__:<module>:212 - moedas.csv | USDBRL=X | LSTM -> MSE: 0.001987, MAE: 0.037164
2025-06-07 14:24:22.209 | INFO     | __main__:<module>:235 - Pipeline de forecasting DEEP (ML models) finalizado!
