2025-06-08 18:57:37.962 | INFO     | __main__:<module>:45 - Iniciando geração de ranking e previsões dos melhores modelos (ARIMA + Prophet)...
2025-06-08 18:57:37.990 | INFO     | __main__:<module>:58 - [OK] Ranking global salvo em resultados\forecasting_arima_prophet\metricas\ranking_modelos.csv
2025-06-08 18:57:37.991 | INFO     | __main__:<module>:64 - Processando ranking e previsões para arquivo: criptos.csv
2025-06-08 18:57:37.993 | INFO     | __main__:<module>:76 - [OK] Ranking local salvo em ranking_modelos_criptos.csv
2025-06-08 18:57:37.999 | INFO     | __main__:<module>:86 - Prevendo 15 dias: criptos.csv | SHIB-USD | Prophet(False, False)
2025-06-08 18:57:40.251 | INFO     | __main__:<module>:86 - Prevendo 15 dias: criptos.csv | SUI-USD | ARIMA(1, 1, 0)
2025-06-08 18:57:41.866 | INFO     | __main__:<module>:86 - Prevendo 15 dias: criptos.csv | UNI-USD | Prophet(False, False)
2025-06-08 18:57:43.034 | INFO     | __main__:<module>:86 - Prevendo 15 dias: criptos.csv | DOGE-USD | ARIMA(5, 1, 2)
2025-06-08 18:57:43.491 | INFO     | __main__:<module>:86 - Prevendo 15 dias: criptos.csv | MATIC-USD | Prophet(False, False)
2025-06-08 18:57:44.595 | INFO     | __main__:<module>:86 - Prevendo 15 dias: criptos.csv | ADA-USD | Prophet(True, True)
2025-06-08 18:57:45.791 | INFO     | __main__:<module>:86 - Prevendo 15 dias: criptos.csv | XRP-USD | Prophet(False, True)
2025-06-08 18:57:47.272 | INFO     | __main__:<module>:86 - Prevendo 15 dias: criptos.csv | NEAR-USD | Prophet(False, False)
2025-06-08 18:57:48.531 | INFO     | __main__:<module>:86 - Prevendo 15 dias: criptos.csv | DOT-USD | Prophet(False, True)
2025-06-08 18:57:49.659 | INFO     | __main__:<module>:86 - Prevendo 15 dias: criptos.csv | TON-USD | ARIMA(5, 1, 2)
2025-06-08 18:57:50.091 | INFO     | __main__:<module>:86 - Prevendo 15 dias: criptos.csv | LINK-USD | Prophet(True, True)
2025-06-08 18:57:51.355 | INFO     | __main__:<module>:86 - Prevendo 15 dias: criptos.csv | AVAX-USD | Prophet(False, True)
2025-06-08 18:57:52.554 | INFO     | __main__:<module>:86 - Prevendo 15 dias: criptos.csv | LTC-USD | Prophet(False, False)
2025-06-08 18:57:53.874 | INFO     | __main__:<module>:86 - Prevendo 15 dias: criptos.csv | SOL-USD | Prophet(False, False)
2025-06-08 18:57:54.927 | INFO     | __main__:<module>:86 - Prevendo 15 dias: criptos.csv | BNB-USD | ARIMA(5, 1, 0)
2025-06-08 18:57:55.375 | INFO     | __main__:<module>:86 - Prevendo 15 dias: criptos.csv | ETH-USD | ARIMA(4, 1, 2)
2025-06-08 18:57:55.877 | INFO     | __main__:<module>:86 - Prevendo 15 dias: criptos.csv | BTC-USD | ARIMA(1, 1, 0)
2025-06-08 18:57:56.347 | INFO     | __main__:<module>:140 - [OK] Previsões 15 dias salvas em previsoes_top_modelos_15dias_criptos.csv
2025-06-08 18:57:56.347 | INFO     | __main__:<module>:64 - Processando ranking e previsões para arquivo: juros.csv
2025-06-08 18:57:56.349 | INFO     | __main__:<module>:76 - [OK] Ranking local salvo em ranking_modelos_juros.csv
2025-06-08 18:57:56.350 | INFO     | __main__:<module>:86 - Prevendo 15 dias: juros.csv | ^IRX | ARIMA(5, 1, 1)
2025-06-08 18:57:56.571 | INFO     | __main__:<module>:86 - Prevendo 15 dias: juros.csv | ^TNX | Prophet(False, False)
2025-06-08 18:57:57.696 | INFO     | __main__:<module>:86 - Prevendo 15 dias: juros.csv | ^TYX | ARIMA(2, 1, 0)
2025-06-08 18:57:57.880 | INFO     | __main__:<module>:86 - Prevendo 15 dias: juros.csv | ^FVX | Prophet(True, False)
2025-06-08 18:57:58.761 | INFO     | __main__:<module>:86 - Prevendo 15 dias: juros.csv | EDV | ARIMA(5, 0, 2)
2025-06-08 18:57:58.926 | INFO     | __main__:<module>:140 - [OK] Previsões 15 dias salvas em previsoes_top_modelos_15dias_juros.csv
2025-06-08 18:57:58.926 | INFO     | __main__:<module>:64 - Processando ranking e previsões para arquivo: moedas.csv
2025-06-08 18:57:58.928 | INFO     | __main__:<module>:76 - [OK] Ranking local salvo em ranking_modelos_moedas.csv
2025-06-08 18:57:58.929 | INFO     | __main__:<module>:86 - Prevendo 15 dias: moedas.csv | EURBRL=X | Prophet(False, False)
2025-06-08 18:57:59.974 | INFO     | __main__:<module>:86 - Prevendo 15 dias: moedas.csv | USDBRL=X | ARIMA(1, 1, 0)
2025-06-08 18:58:00.065 | INFO     | __main__:<module>:140 - [OK] Previsões 15 dias salvas em previsoes_top_modelos_15dias_moedas.csv
2025-06-08 18:58:00.065 | INFO     | __main__:<module>:64 - Processando ranking e previsões para arquivo: acoes_ibov.csv
2025-06-08 18:58:00.070 | INFO     | __main__:<module>:76 - [OK] Ranking local salvo em ranking_modelos_acoes_ibov.csv
2025-06-08 18:58:00.072 | INFO     | __main__:<module>:86 - Prevendo 15 dias: acoes_ibov.csv | CRFB3.SA | ARIMA(1, 1, 0)
2025-06-08 18:58:02.367 | INFO     | __main__:<module>:86 - Prevendo 15 dias: acoes_ibov.csv | STBP3.SA | ARIMA(2, 1, 2)
2025-06-08 18:58:04.496 | INFO     | __main__:<module>:86 - Prevendo 15 dias: acoes_ibov.csv | AZUL4.SA | Prophet(False, False)
2025-06-08 18:58:07.634 | INFO     | __main__:<module>:86 - Prevendo 15 dias: acoes_ibov.csv | RAIZ4.SA | ARIMA(1, 1, 0)
2025-06-08 18:58:09.661 | INFO     | __main__:<module>:86 - Prevendo 15 dias: acoes_ibov.csv | USIM5.SA | Prophet(True, False)
2025-06-08 18:58:11.998 | INFO     | __main__:<module>:86 - Prevendo 15 dias: acoes_ibov.csv | COGN3.SA | ARIMA(3, 1, 0)
2025-06-08 18:58:14.037 | INFO     | __main__:<module>:86 - Prevendo 15 dias: acoes_ibov.csv | FLRY3.SA | Prophet(False, False)
2025-06-08 18:58:16.346 | INFO     | __main__:<module>:86 - Prevendo 15 dias: acoes_ibov.csv | ABEV3.SA | ARIMA(1, 0, 2)
2025-06-08 18:58:18.360 | INFO     | __main__:<module>:86 - Prevendo 15 dias: acoes_ibov.csv | PETZ3.SA | ARIMA(1, 1, 2)
2025-06-08 18:58:20.327 | INFO     | __main__:<module>:86 - Prevendo 15 dias: acoes_ibov.csv | LWSA3.SA | ARIMA(1, 1, 0)
2025-06-08 18:58:22.571 | INFO     | __main__:<module>:86 - Prevendo 15 dias: acoes_ibov.csv | CMIG4.SA | ARIMA(4, 0, 2)
2025-06-08 18:58:24.539 | INFO     | __main__:<module>:86 - Prevendo 15 dias: acoes_ibov.csv | CSAN3.SA | ARIMA(2, 1, 0)
2025-06-08 18:58:26.654 | INFO     | __main__:<module>:86 - Prevendo 15 dias: acoes_ibov.csv | ITSA4.SA | ARIMA(5, 1, 2)
2025-06-08 18:58:28.864 | INFO     | __main__:<module>:86 - Prevendo 15 dias: acoes_ibov.csv | SLCE3.SA | ARIMA(3, 1, 2)
2025-06-08 18:58:30.835 | INFO     | __main__:<module>:86 - Prevendo 15 dias: acoes_ibov.csv | CVCB3.SA | ARIMA(3, 0, 2)
2025-06-08 18:58:33.997 | INFO     | __main__:<module>:86 - Prevendo 15 dias: acoes_ibov.csv | MRVE3.SA | Prophet(True, True)
2025-06-08 18:58:38.557 | INFO     | __main__:<module>:86 - Prevendo 15 dias: acoes_ibov.csv | CCRO3.SA | ARIMA(3, 0, 2)
2025-06-08 18:58:40.642 | INFO     | __main__:<module>:86 - Prevendo 15 dias: acoes_ibov.csv | VAMO3.SA | ARIMA(4, 1, 1)
2025-06-08 18:58:42.629 | INFO     | __main__:<module>:86 - Prevendo 15 dias: acoes_ibov.csv | CMIN3.SA | Prophet(False, False)
2025-06-08 18:58:44.787 | INFO     | __main__:<module>:86 - Prevendo 15 dias: acoes_ibov.csv | POMO4.SA | ARIMA(5, 1, 0)
2025-06-08 18:58:46.779 | INFO     | __main__:<module>:86 - Prevendo 15 dias: acoes_ibov.csv | ISAE4.SA | ARIMA(2, 1, 0)
2025-06-08 18:58:48.840 | INFO     | __main__:<module>:86 - Prevendo 15 dias: acoes_ibov.csv | ENEV3.SA | ARIMA(1, 1, 0)
2025-06-08 18:58:50.878 | INFO     | __main__:<module>:86 - Prevendo 15 dias: acoes_ibov.csv | CXSE3.SA | Prophet(True, False)
2025-06-08 18:58:53.248 | INFO     | __main__:<module>:86 - Prevendo 15 dias: acoes_ibov.csv | MGLU3.SA | ARIMA(1, 1, 0)
2025-06-08 18:58:55.219 | INFO     | __main__:<module>:86 - Prevendo 15 dias: acoes_ibov.csv | ALOS3.SA | ARIMA(5, 0, 2)
2025-06-08 18:58:57.323 | INFO     | __main__:<module>:86 - Prevendo 15 dias: acoes_ibov.csv | CPLE6.SA | ARIMA(5, 1, 2)
2025-06-08 18:58:59.318 | INFO     | __main__:<module>:86 - Prevendo 15 dias: acoes_ibov.csv | PCAR3.SA | ARIMA(2, 1, 0)
2025-06-08 18:59:01.396 | INFO     | __main__:<module>:86 - Prevendo 15 dias: acoes_ibov.csv | BRAP4.SA | ARIMA(1, 1, 0)
2025-06-08 18:59:03.730 | INFO     | __main__:<module>:86 - Prevendo 15 dias: acoes_ibov.csv | MULT3.SA | ARIMA(5, 0, 1)
2025-06-08 18:59:05.776 | INFO     | __main__:<module>:86 - Prevendo 15 dias: acoes_ibov.csv | BRKM5.SA | ARIMA(1, 1, 0)
2025-06-08 18:59:08.038 | INFO     | __main__:<module>:86 - Prevendo 15 dias: acoes_ibov.csv | EQTL3.SA | ARIMA(2, 1, 0)
2025-06-08 18:59:09.990 | INFO     | __main__:<module>:86 - Prevendo 15 dias: acoes_ibov.csv | RAIL3.SA | Prophet(False, True)
2025-06-08 18:59:12.261 | INFO     | __main__:<module>:86 - Prevendo 15 dias: acoes_ibov.csv | AURE3.SA | ARIMA(2, 1, 0)
2025-06-08 18:59:14.809 | INFO     | __main__:<module>:86 - Prevendo 15 dias: acoes_ibov.csv | NTCO3.SA | Prophet(False, False)
2025-06-08 18:59:17.204 | INFO     | __main__:<module>:86 - Prevendo 15 dias: acoes_ibov.csv | BEEF3.SA | ARIMA(4, 0, 0)
2025-06-08 18:59:19.240 | INFO     | __main__:<module>:86 - Prevendo 15 dias: acoes_ibov.csv | CYRE3.SA | ARIMA(3, 0, 2)
2025-06-08 18:59:21.395 | INFO     | __main__:<module>:86 - Prevendo 15 dias: acoes_ibov.csv | KLBN11.SA | ARIMA(2, 1, 1)
2025-06-08 18:59:24.229 | INFO     | __main__:<module>:86 - Prevendo 15 dias: acoes_ibov.csv | GOAU4.SA | ARIMA(1, 1, 0)
2025-06-08 18:59:26.700 | INFO     | __main__:<module>:86 - Prevendo 15 dias: acoes_ibov.csv | B3SA3.SA | ARIMA(1, 1, 0)
2025-06-08 18:59:29.319 | INFO     | __main__:<module>:86 - Prevendo 15 dias: acoes_ibov.csv | GGBR4.SA | Prophet(True, False)
2025-06-08 18:59:31.868 | INFO     | __main__:<module>:86 - Prevendo 15 dias: acoes_ibov.csv | EGIE3.SA | ARIMA(3, 0, 2)
2025-06-08 18:59:33.867 | INFO     | __main__:<module>:86 - Prevendo 15 dias: acoes_ibov.csv | SMTO3.SA | ARIMA(1, 0, 0)
2025-06-08 18:59:35.831 | INFO     | __main__:<module>:86 - Prevendo 15 dias: acoes_ibov.csv | VIVT3.SA | Prophet(False, True)
2025-06-08 18:59:38.451 | INFO     | __main__:<module>:86 - Prevendo 15 dias: acoes_ibov.csv | CSNA3.SA | ARIMA(3, 0, 2)
2025-06-08 18:59:40.444 | INFO     | __main__:<module>:86 - Prevendo 15 dias: acoes_ibov.csv | AMOB3.SA | Prophet(False, False)
2025-06-08 18:59:42.430 | INFO     | __main__:<module>:86 - Prevendo 15 dias: acoes_ibov.csv | VBBR3.SA | Prophet(False, False)
2025-06-08 18:59:44.836 | INFO     | __main__:<module>:86 - Prevendo 15 dias: acoes_ibov.csv | TIMS3.SA | ARIMA(3, 1, 0)
2025-06-08 18:59:46.856 | INFO     | __main__:<module>:86 - Prevendo 15 dias: acoes_ibov.csv | PETR4.SA | ARIMA(4, 1, 0)
2025-06-08 18:59:48.896 | INFO     | __main__:<module>:86 - Prevendo 15 dias: acoes_ibov.csv | TAEE11.SA | ARIMA(1, 1, 2)
2025-06-08 18:59:50.910 | INFO     | __main__:<module>:86 - Prevendo 15 dias: acoes_ibov.csv | RECV3.SA | Prophet(True, False)
2025-06-08 18:59:53.388 | INFO     | __main__:<module>:86 - Prevendo 15 dias: acoes_ibov.csv | BBDC3.SA | ARIMA(5, 1, 2)
2025-06-08 18:59:55.369 | INFO     | __main__:<module>:86 - Prevendo 15 dias: acoes_ibov.csv | BRFS3.SA | ARIMA(1, 1, 0)
2025-06-08 18:59:57.329 | INFO     | __main__:<module>:86 - Prevendo 15 dias: acoes_ibov.csv | ELET6.SA | ARIMA(1, 1, 0)
2025-06-08 18:59:59.422 | INFO     | __main__:<module>:86 - Prevendo 15 dias: acoes_ibov.csv | PETR3.SA | ARIMA(4, 1, 0)
2025-06-08 19:00:01.526 | INFO     | __main__:<module>:86 - Prevendo 15 dias: acoes_ibov.csv | UGPA3.SA | ARIMA(1, 0, 1)
2025-06-08 19:00:03.798 | INFO     | __main__:<module>:86 - Prevendo 15 dias: acoes_ibov.csv | SANB11.SA | ARIMA(1, 1, 0)
2025-06-08 19:00:05.779 | INFO     | __main__:<module>:86 - Prevendo 15 dias: acoes_ibov.csv | IGTI11.SA | ARIMA(3, 0, 2)
2025-06-08 19:00:07.944 | INFO     | __main__:<module>:86 - Prevendo 15 dias: acoes_ibov.csv | ITUB4.SA | ARIMA(3, 0, 2)
2025-06-08 19:00:09.943 | INFO     | __main__:<module>:86 - Prevendo 15 dias: acoes_ibov.csv | ENGI11.SA | ARIMA(1, 1, 0)
2025-06-08 19:00:11.874 | INFO     | __main__:<module>:86 - Prevendo 15 dias: acoes_ibov.csv | VALE3.SA | ARIMA(1, 1, 0)
2025-06-08 19:00:13.867 | INFO     | __main__:<module>:86 - Prevendo 15 dias: acoes_ibov.csv | ELET3.SA | ARIMA(1, 1, 2)
2025-06-08 19:00:15.851 | INFO     | __main__:<module>:86 - Prevendo 15 dias: acoes_ibov.csv | IRBR3.SA | Prophet(False, False)
2025-06-08 19:00:18.062 | INFO     | __main__:<module>:86 - Prevendo 15 dias: acoes_ibov.csv | BPAC11.SA | ARIMA(1, 1, 0)
2025-06-08 19:00:20.105 | INFO     | __main__:<module>:86 - Prevendo 15 dias: acoes_ibov.csv | BBDC4.SA | ARIMA(2, 1, 2)
2025-06-08 19:00:22.531 | INFO     | __main__:<module>:86 - Prevendo 15 dias: acoes_ibov.csv | ASAI3.SA | ARIMA(1, 0, 0)
2025-06-08 19:00:24.638 | INFO     | __main__:<module>:86 - Prevendo 15 dias: acoes_ibov.csv | CPFE3.SA | ARIMA(1, 1, 0)
2025-06-08 19:00:26.588 | INFO     | __main__:<module>:86 - Prevendo 15 dias: acoes_ibov.csv | LREN3.SA | ARIMA(5, 0, 2)
2025-06-08 19:00:28.557 | INFO     | __main__:<module>:86 - Prevendo 15 dias: acoes_ibov.csv | RENT3.SA | ARIMA(5, 1, 2)
2025-06-08 19:00:30.549 | INFO     | __main__:<module>:86 - Prevendo 15 dias: acoes_ibov.csv | YDUQ3.SA | ARIMA(2, 0, 1)
2025-06-08 19:00:33.370 | INFO     | __main__:<module>:86 - Prevendo 15 dias: acoes_ibov.csv | HYPE3.SA | ARIMA(4, 1, 0)
2025-06-08 19:00:37.431 | INFO     | __main__:<module>:86 - Prevendo 15 dias: acoes_ibov.csv | BRAV3.SA | Prophet(False, False)
2025-06-08 19:00:40.118 | INFO     | __main__:<module>:86 - Prevendo 15 dias: acoes_ibov.csv | VIVA3.SA | ARIMA(3, 0, 2)
2025-06-08 19:00:42.083 | INFO     | __main__:<module>:86 - Prevendo 15 dias: acoes_ibov.csv | BBSE3.SA | Prophet(True, False)
2025-06-08 19:00:44.370 | INFO     | __main__:<module>:86 - Prevendo 15 dias: acoes_ibov.csv | EMBR3.SA | Prophet(True, True)
2025-06-08 19:00:46.786 | INFO     | __main__:<module>:86 - Prevendo 15 dias: acoes_ibov.csv | SUZB3.SA | ARIMA(5, 1, 0)
2025-06-08 19:00:48.820 | INFO     | __main__:<module>:86 - Prevendo 15 dias: acoes_ibov.csv | TOTS3.SA | ARIMA(4, 1, 2)
2025-06-08 19:00:50.901 | INFO     | __main__:<module>:86 - Prevendo 15 dias: acoes_ibov.csv | JBSS3.SA | Prophet(False, True)
2025-06-08 19:00:53.588 | INFO     | __main__:<module>:86 - Prevendo 15 dias: acoes_ibov.csv | RADL3.SA | ARIMA(1, 1, 0)
2025-06-08 19:00:55.626 | INFO     | __main__:<module>:86 - Prevendo 15 dias: acoes_ibov.csv | RDOR3.SA | ARIMA(1, 1, 0)
2025-06-08 19:00:57.580 | INFO     | __main__:<module>:86 - Prevendo 15 dias: acoes_ibov.csv | MRFG3.SA | ARIMA(4, 1, 2)
2025-06-08 19:00:59.573 | INFO     | __main__:<module>:86 - Prevendo 15 dias: acoes_ibov.csv | SBSP3.SA | ARIMA(4, 0, 2)
2025-06-08 19:01:01.700 | INFO     | __main__:<module>:86 - Prevendo 15 dias: acoes_ibov.csv | WEGE3.SA | ARIMA(1, 1, 1)
2025-06-08 19:01:03.799 | INFO     | __main__:<module>:86 - Prevendo 15 dias: acoes_ibov.csv | PRIO3.SA | Prophet(True, False)
2025-06-08 19:01:06.096 | INFO     | __main__:<module>:86 - Prevendo 15 dias: acoes_ibov.csv | BBAS3.SA | Prophet(True, False)
2025-06-08 19:01:08.636 | INFO     | __main__:<module>:86 - Prevendo 15 dias: acoes_ibov.csv | HAPV3.SA | ARIMA(3, 1, 0)
2025-06-08 19:01:10.695 | INFO     | __main__:<module>:86 - Prevendo 15 dias: acoes_ibov.csv | PSSA3.SA | ARIMA(1, 1, 0)
2025-06-08 19:01:12.619 | INFO     | __main__:<module>:86 - Prevendo 15 dias: acoes_ibov.csv | AZZA3.SA | ARIMA(5, 1, 2)
2025-06-08 19:01:14.642 | INFO     | __main__:<module>:140 - [OK] Previsões 15 dias salvas em previsoes_top_modelos_15dias_acoes_ibov.csv
2025-06-08 19:01:14.642 | INFO     | __main__:<module>:64 - Processando ranking e previsões para arquivo: bdrs.csv
2025-06-08 19:01:14.645 | INFO     | __main__:<module>:76 - [OK] Ranking local salvo em ranking_modelos_bdrs.csv
2025-06-08 19:01:14.646 | INFO     | __main__:<module>:86 - Prevendo 15 dias: bdrs.csv | PFIZ34.SA | ARIMA(2, 1, 0)
2025-06-08 19:01:15.488 | INFO     | __main__:<module>:86 - Prevendo 15 dias: bdrs.csv | CMCS34.SA | ARIMA(4, 1, 2)
2025-06-08 19:01:16.380 | INFO     | __main__:<module>:86 - Prevendo 15 dias: bdrs.csv | VERZ34.SA | ARIMA(1, 1, 2)
2025-06-08 19:01:17.185 | INFO     | __main__:<module>:86 - Prevendo 15 dias: bdrs.csv | CHVX34.SA | ARIMA(4, 1, 0)
2025-06-08 19:01:17.983 | INFO     | __main__:<module>:86 - Prevendo 15 dias: bdrs.csv | JNJB34.SA | ARIMA(3, 1, 0)
2025-06-08 19:01:18.892 | INFO     | __main__:<module>:86 - Prevendo 15 dias: bdrs.csv | ITLC34.SA | ARIMA(1, 1, 0)
2025-06-08 19:01:20.129 | INFO     | __main__:<module>:86 - Prevendo 15 dias: bdrs.csv | COCA34.SA | ARIMA(5, 1, 0)
2025-06-08 19:01:21.259 | INFO     | __main__:<module>:86 - Prevendo 15 dias: bdrs.csv | INBR32.SA | Prophet(True, False)
2025-06-08 19:01:22.554 | INFO     | __main__:<module>:86 - Prevendo 15 dias: bdrs.csv | NIKE34.SA | ARIMA(1, 1, 0)
2025-06-08 19:01:23.765 | INFO     | __main__:<module>:86 - Prevendo 15 dias: bdrs.csv | BABA34.SA | ARIMA(2, 1, 0)
2025-06-08 19:01:25.006 | INFO     | __main__:<module>:86 - Prevendo 15 dias: bdrs.csv | AAPL34.SA | ARIMA(3, 1, 0)
2025-06-08 19:01:25.934 | INFO     | __main__:<module>:86 - Prevendo 15 dias: bdrs.csv | AIRB34.SA | Prophet(False, True)
2025-06-08 19:01:27.035 | INFO     | __main__:<module>:86 - Prevendo 15 dias: bdrs.csv | NVDC34.SA | ARIMA(3, 0, 2)
2025-06-08 19:01:27.907 | INFO     | __main__:<module>:86 - Prevendo 15 dias: bdrs.csv | HOME34.SA | ARIMA(3, 1, 0)
2025-06-08 19:01:28.895 | INFO     | __main__:<module>:86 - Prevendo 15 dias: bdrs.csv | RIGG34.SA | Prophet(True, True)
2025-06-08 19:01:30.355 | INFO     | __main__:<module>:86 - Prevendo 15 dias: bdrs.csv | VISA34.SA | Prophet(False, False)
2025-06-08 19:01:31.649 | INFO     | __main__:<module>:86 - Prevendo 15 dias: bdrs.csv | BOAC34.SA | ARIMA(1, 1, 0)
2025-06-08 19:01:32.765 | INFO     | __main__:<module>:86 - Prevendo 15 dias: bdrs.csv | MSCD34.SA | Prophet(True, True)
2025-06-08 19:01:34.308 | INFO     | __main__:<module>:86 - Prevendo 15 dias: bdrs.csv | GMCO34.SA | ARIMA(4, 0, 2)
2025-06-08 19:01:35.415 | INFO     | __main__:<module>:86 - Prevendo 15 dias: bdrs.csv | SSFO34.SA | ARIMA(1, 1, 0)
2025-06-08 19:01:36.793 | INFO     | __main__:<module>:86 - Prevendo 15 dias: bdrs.csv | AMGN34.SA | ARIMA(5, 1, 0)
2025-06-08 19:01:38.049 | INFO     | __main__:<module>:86 - Prevendo 15 dias: bdrs.csv | DISB34.SA | Prophet(False, False)
2025-06-08 19:01:39.671 | INFO     | __main__:<module>:86 - Prevendo 15 dias: bdrs.csv | AMZO34.SA | ARIMA(1, 1, 0)
2025-06-08 19:01:40.727 | INFO     | __main__:<module>:86 - Prevendo 15 dias: bdrs.csv | GOGL34.SA | ARIMA(4, 1, 0)
2025-06-08 19:01:41.705 | INFO     | __main__:<module>:86 - Prevendo 15 dias: bdrs.csv | AURA33.SA | Prophet(False, True)
2025-06-08 19:01:42.979 | INFO     | __main__:<module>:86 - Prevendo 15 dias: bdrs.csv | JPMC34.SA | ARIMA(5, 1, 2)
2025-06-08 19:01:43.839 | INFO     | __main__:<module>:86 - Prevendo 15 dias: bdrs.csv | TSLA34.SA | Prophet(True, True)
2025-06-08 19:01:45.120 | INFO     | __main__:<module>:86 - Prevendo 15 dias: bdrs.csv | UNHH34.SA | ARIMA(1, 1, 0)
2025-06-08 19:01:46.051 | INFO     | __main__:<module>:86 - Prevendo 15 dias: bdrs.csv | MELI34.SA | Prophet(False, True)
2025-06-08 19:01:47.137 | INFO     | __main__:<module>:86 - Prevendo 15 dias: bdrs.csv | MSFT34.SA | ARIMA(1, 1, 0)
2025-06-08 19:01:48.258 | INFO     | __main__:<module>:86 - Prevendo 15 dias: bdrs.csv | NFLX34.SA | ARIMA(1, 1, 0)
2025-06-08 19:01:49.136 | INFO     | __main__:<module>:86 - Prevendo 15 dias: bdrs.csv | BERK34.SA | Prophet(True, True)
2025-06-08 19:01:50.557 | INFO     | __main__:<module>:86 - Prevendo 15 dias: bdrs.csv | BKNG34.SA | Prophet(True, True)
2025-06-08 19:01:51.896 | INFO     | __main__:<module>:86 - Prevendo 15 dias: bdrs.csv | IVVB11.SA | ARIMA(4, 1, 0)
2025-06-08 19:01:52.911 | INFO     | __main__:<module>:86 - Prevendo 15 dias: bdrs.csv | TSMC34.SA | ARIMA(4, 1, 0)
2025-06-08 19:01:53.833 | INFO     | __main__:<module>:86 - Prevendo 15 dias: bdrs.csv | M1TA34.SA | ARIMA(4, 1, 2)
2025-06-08 19:01:54.713 | INFO     | __main__:<module>:140 - [OK] Previsões 15 dias salvas em previsoes_top_modelos_15dias_bdrs.csv
2025-06-08 19:01:54.714 | INFO     | __main__:<module>:64 - Processando ranking e previsões para arquivo: commodities.csv
2025-06-08 19:01:54.716 | INFO     | __main__:<module>:76 - [OK] Ranking local salvo em ranking_modelos_commodities.csv
2025-06-08 19:01:54.717 | INFO     | __main__:<module>:86 - Prevendo 15 dias: commodities.csv | SI=F | Prophet(False, False)
2025-06-08 19:01:55.276 | INFO     | __main__:<module>:86 - Prevendo 15 dias: commodities.csv | BZ=F | ARIMA(5, 1, 0)
2025-06-08 19:01:55.520 | INFO     | __main__:<module>:86 - Prevendo 15 dias: commodities.csv | LE=F | Prophet(False, True)
2025-06-08 19:01:56.142 | INFO     | __main__:<module>:86 - Prevendo 15 dias: commodities.csv | ZS=F | ARIMA(5, 1, 0)
2025-06-08 19:01:56.392 | INFO     | __main__:<module>:86 - Prevendo 15 dias: commodities.csv | ZC=F | ARIMA(4, 1, 0)
2025-06-08 19:01:56.647 | INFO     | __main__:<module>:86 - Prevendo 15 dias: commodities.csv | KC=F | Prophet(True, True)
2025-06-08 19:01:57.240 | INFO     | __main__:<module>:86 - Prevendo 15 dias: commodities.csv | GC=F | ARIMA(4, 1, 0)
2025-06-08 19:01:57.498 | INFO     | __main__:<module>:140 - [OK] Previsões 15 dias salvas em previsoes_top_modelos_15dias_commodities.csv
2025-06-08 19:01:57.499 | INFO     | __main__:<module>:142 - Processo finalizado.
