2025-06-06 18:55:48.161 | INFO     | __main__:<module>:303 - Iniciando pipeline para finanças...
2025-06-06 18:55:52.129 | INFO     | __main__:preparar_dados:58 - Janela usada: 6m (180 dias)
2025-06-06 18:55:52.194 | INFO     | __main__:preparar_dados:96 - Features selecionadas: 21 de 26
2025-06-06 18:55:52.210 | INFO     | __main__:treinar_modelo:187 - Usando 50 trials para otimização
2025-06-06 18:59:56.217 | INFO     | __main__:treinar_modelo:198 - Melhores parâmetros para xgb (modelo 1): {'max_depth': 5, 'learning_rate': 0.01821553074023065, 'n_estimators': 231, 'subsample': 0.6203785698529387, 'colsample_bytree': 0.6217545987292907, 'min_child_weight': 10, 'gamma': 0.418840365040853, 'reg_alpha': 2.6083588975689294, 'reg_lambda': 1.5885090855082193}
2025-06-06 19:03:05.733 | INFO     | __main__:treinar_modelo:198 - Melhores parâmetros para xgb (modelo 2): {'max_depth': 4, 'learning_rate': 0.02770129279901639, 'n_estimators': 125, 'subsample': 0.5285356044858835, 'colsample_bytree': 0.5893199760645967, 'min_child_weight': 7, 'gamma': 0.5584399494451966, 'reg_alpha': 2.2988323370699897, 'reg_lambda': 2.106339910490864}
2025-06-06 19:05:56.724 | INFO     | __main__:treinar_modelo:198 - Melhores parâmetros para xgb (modelo 3): {'max_depth': 5, 'learning_rate': 0.018254342707317, 'n_estimators': 240, 'subsample': 0.5933410912865485, 'colsample_bytree': 0.5694959556115718, 'min_child_weight': 6, 'gamma': 0.6432523999631957, 'reg_alpha': 1.356403086187041, 'reg_lambda': 1.7949186709651317}
2025-06-06 19:08:56.934 | INFO     | __main__:treinar_modelo:198 - Melhores parâmetros para xgb (modelo 4): {'max_depth': 5, 'learning_rate': 0.023770765547173736, 'n_estimators': 242, 'subsample': 0.6256961437661671, 'colsample_bytree': 0.6172931758585679, 'min_child_weight': 12, 'gamma': 0.9090551748003204, 'reg_alpha': 2.193856876730986, 'reg_lambda': 2.1035298985195254}
2025-06-06 19:11:58.269 | INFO     | __main__:treinar_modelo:198 - Melhores parâmetros para xgb (modelo 5): {'max_depth': 5, 'learning_rate': 0.02796504920184003, 'n_estimators': 201, 'subsample': 0.5292966660079917, 'colsample_bytree': 0.5329449208249832, 'min_child_weight': 11, 'gamma': 0.4942306006987224, 'reg_alpha': 1.1275401254079571, 'reg_lambda': 1.279714307605401}
2025-06-06 19:11:59.008 | INFO     | __main__:treinar_modelo:234 - Pesos dos modelos: [0.20214644 0.18362189 0.20472569 0.20540369 0.2041023 ]
2025-06-06 19:12:02.824 | INFO     | __main__:avaliar_modelo:265 - Walk-forward 1 - Acurácia: 0.5029 | AUC: 0.5154
2025-06-06 19:12:06.275 | INFO     | __main__:avaliar_modelo:265 - Walk-forward 2 - Acurácia: 0.5366 | AUC: 0.5685
2025-06-06 19:12:10.117 | INFO     | __main__:avaliar_modelo:265 - Walk-forward 3 - Acurácia: 0.5328 | AUC: 0.5562
2025-06-06 19:12:13.760 | INFO     | __main__:avaliar_modelo:265 - Walk-forward 4 - Acurácia: 0.5366 | AUC: 0.5450
2025-06-06 19:12:17.469 | INFO     | __main__:avaliar_modelo:265 - Walk-forward 5 - Acurácia: 0.5557 | AUC: 0.5799
2025-06-06 19:12:17.469 | INFO     | __main__:avaliar_modelo:272 - Média Walk-forward - Acurácia: 0.5329 (±0.0170) | AUC: 0.5530 (±0.0222)
2025-06-06 19:12:17.618 | INFO     | __main__:avaliar_modelo:283 - Avaliação Final - Acurácia: 0.6962 | AUC: 0.7656
2025-06-06 19:12:17.618 | INFO     | __main__:avaliar_modelo:288 - Indicador de Overfitting - Acurácia: 0.1633 | AUC: 0.2126
2025-06-06 19:12:17.668 | INFO     | __main__:<module>:343 - Modelo salvo: resultados\financeiro\modelos\acoes_ibov_modelo.pkl | Tempo total: 985.42s
2025-06-06 19:12:18.851 | INFO     | __main__:preparar_dados:58 - Janela usada: 6m (180 dias)
2025-06-06 19:12:18.865 | INFO     | __main__:preparar_dados:96 - Features selecionadas: 11 de 16
2025-06-06 19:12:18.872 | INFO     | __main__:treinar_modelo:187 - Usando 43 trials para otimização
2025-06-06 19:13:09.771 | INFO     | __main__:treinar_modelo:198 - Melhores parâmetros para xgb (modelo 1): {'max_depth': 5, 'learning_rate': 0.017865435052495188, 'n_estimators': 231, 'subsample': 0.6246946175554347, 'colsample_bytree': 0.651278912954514, 'min_child_weight': 15, 'gamma': 0.596786130217994, 'reg_alpha': 2.5258476569383252, 'reg_lambda': 1.4208254127578668}
2025-06-06 19:13:47.131 | INFO     | __main__:treinar_modelo:198 - Melhores parâmetros para xgb (modelo 2): {'max_depth': 3, 'learning_rate': 0.02556827497577042, 'n_estimators': 168, 'subsample': 0.601313987457619, 'colsample_bytree': 0.6336957309794168, 'min_child_weight': 5, 'gamma': 0.3749435492381171, 'reg_alpha': 2.741001436856979, 'reg_lambda': 2.8357842926009558}
2025-06-06 19:14:33.970 | INFO     | __main__:treinar_modelo:198 - Melhores parâmetros para xgb (modelo 3): {'max_depth': 5, 'learning_rate': 0.017161522171374587, 'n_estimators': 292, 'subsample': 0.6308274936887227, 'colsample_bytree': 0.6487178563167347, 'min_child_weight': 9, 'gamma': 0.5531182757258652, 'reg_alpha': 2.651027537395046, 'reg_lambda': 1.381385173931467}
2025-06-06 19:15:25.644 | INFO     | __main__:treinar_modelo:198 - Melhores parâmetros para xgb (modelo 4): {'max_depth': 5, 'learning_rate': 0.029322621817223487, 'n_estimators': 178, 'subsample': 0.5235803303445294, 'colsample_bytree': 0.5638532936783655, 'min_child_weight': 9, 'gamma': 0.40672317376014633, 'reg_alpha': 2.1248782769191337, 'reg_lambda': 1.6398061880661268}
2025-06-06 19:16:04.997 | INFO     | __main__:treinar_modelo:198 - Melhores parâmetros para xgb (modelo 5): {'max_depth': 3, 'learning_rate': 0.020671849067202902, 'n_estimators': 147, 'subsample': 0.6279851845439184, 'colsample_bytree': 0.6545569285564845, 'min_child_weight': 15, 'gamma': 0.6579966642752135, 'reg_alpha': 2.1840677281332495, 'reg_lambda': 1.9892325569042737}
2025-06-06 19:16:05.253 | INFO     | __main__:treinar_modelo:234 - Pesos dos modelos: [0.20463527 0.18617591 0.21582422 0.21193566 0.18142895]
2025-06-06 19:16:07.969 | INFO     | __main__:avaliar_modelo:265 - Walk-forward 1 - Acurácia: 0.5012 | AUC: 0.5303
2025-06-06 19:16:10.098 | INFO     | __main__:avaliar_modelo:265 - Walk-forward 2 - Acurácia: 0.4873 | AUC: 0.4952
2025-06-06 19:16:12.244 | INFO     | __main__:avaliar_modelo:265 - Walk-forward 3 - Acurácia: 0.5000 | AUC: 0.5098
2025-06-06 19:16:14.561 | INFO     | __main__:avaliar_modelo:265 - Walk-forward 4 - Acurácia: 0.5266 | AUC: 0.5428
2025-06-06 19:16:17.209 | INFO     | __main__:avaliar_modelo:265 - Walk-forward 5 - Acurácia: 0.5278 | AUC: 0.5069
2025-06-06 19:16:17.211 | INFO     | __main__:avaliar_modelo:272 - Média Walk-forward - Acurácia: 0.5086 (±0.0160) | AUC: 0.5170 (±0.0171)
2025-06-06 19:16:17.313 | INFO     | __main__:avaliar_modelo:283 - Avaliação Final - Acurácia: 0.6676 | AUC: 0.7239
2025-06-06 19:16:17.314 | INFO     | __main__:avaliar_modelo:288 - Indicador de Overfitting - Acurácia: 0.1590 | AUC: 0.2069
2025-06-06 19:16:17.372 | INFO     | __main__:<module>:343 - Modelo salvo: resultados\financeiro\modelos\bdrs_modelo.pkl | Tempo total: 238.46s
2025-06-06 19:16:17.847 | INFO     | __main__:preparar_dados:58 - Janela usada: 9m (3650 dias)
2025-06-06 19:16:17.891 | INFO     | __main__:preparar_dados:96 - Features selecionadas: 14 de 26
2025-06-06 19:16:17.906 | INFO     | __main__:treinar_modelo:187 - Usando 50 trials para otimização
2025-06-06 19:17:56.432 | INFO     | __main__:treinar_modelo:198 - Melhores parâmetros para xgb (modelo 1): {'max_depth': 4, 'learning_rate': 0.020712625180094965, 'n_estimators': 283, 'subsample': 0.6172677874213844, 'colsample_bytree': 0.5005211893572791, 'min_child_weight': 10, 'gamma': 0.6808631317983511, 'reg_alpha': 1.9498968378107882, 'reg_lambda': 1.7922517300216434}
2025-06-06 19:19:31.237 | INFO     | __main__:treinar_modelo:198 - Melhores parâmetros para xgb (modelo 2): {'max_depth': 5, 'learning_rate': 0.02837475959147336, 'n_estimators': 205, 'subsample': 0.5279453596774227, 'colsample_bytree': 0.5003525260192806, 'min_child_weight': 8, 'gamma': 0.6039976854237317, 'reg_alpha': 2.524399351223912, 'reg_lambda': 2.1199987458617744}
2025-06-06 19:21:09.461 | INFO     | __main__:treinar_modelo:198 - Melhores parâmetros para xgb (modelo 3): {'max_depth': 3, 'learning_rate': 0.022108692072485534, 'n_estimators': 199, 'subsample': 0.6205318898144913, 'colsample_bytree': 0.5609437456611924, 'min_child_weight': 7, 'gamma': 0.4660068044370872, 'reg_alpha': 1.9484336329258798, 'reg_lambda': 2.201133621093489}
2025-06-06 19:22:31.825 | INFO     | __main__:treinar_modelo:198 - Melhores parâmetros para xgb (modelo 4): {'max_depth': 3, 'learning_rate': 0.023349930843237433, 'n_estimators': 226, 'subsample': 0.6340935079434484, 'colsample_bytree': 0.6067710728218689, 'min_child_weight': 11, 'gamma': 0.9056050925083933, 'reg_alpha': 1.872244727147766, 'reg_lambda': 1.1623548587930197}
2025-06-06 19:24:04.142 | INFO     | __main__:treinar_modelo:198 - Melhores parâmetros para xgb (modelo 5): {'max_depth': 3, 'learning_rate': 0.01917428527304275, 'n_estimators': 215, 'subsample': 0.6012226895878275, 'colsample_bytree': 0.6059718817480173, 'min_child_weight': 9, 'gamma': 0.5613011428151558, 'reg_alpha': 2.031101083221619, 'reg_lambda': 2.4612102856919322}
2025-06-06 19:24:04.718 | INFO     | __main__:treinar_modelo:234 - Pesos dos modelos: [0.20900316 0.22156021 0.18908158 0.19229016 0.18806489]
2025-06-06 19:24:07.989 | INFO     | __main__:avaliar_modelo:265 - Walk-forward 1 - Acurácia: 0.4908 | AUC: 0.4821
2025-06-06 19:24:10.837 | INFO     | __main__:avaliar_modelo:265 - Walk-forward 2 - Acurácia: 0.5009 | AUC: 0.5017
2025-06-06 19:24:13.358 | INFO     | __main__:avaliar_modelo:265 - Walk-forward 3 - Acurácia: 0.4948 | AUC: 0.4950
2025-06-06 19:24:16.522 | INFO     | __main__:avaliar_modelo:265 - Walk-forward 4 - Acurácia: 0.5068 | AUC: 0.5169
2025-06-06 19:24:20.727 | INFO     | __main__:avaliar_modelo:265 - Walk-forward 5 - Acurácia: 0.5183 | AUC: 0.5253
2025-06-06 19:24:20.728 | INFO     | __main__:avaliar_modelo:272 - Média Walk-forward - Acurácia: 0.5023 (±0.0097) | AUC: 0.5042 (±0.0154)
2025-06-06 19:24:20.912 | INFO     | __main__:avaliar_modelo:283 - Avaliação Final - Acurácia: 0.5976 | AUC: 0.6584
2025-06-06 19:24:20.912 | INFO     | __main__:avaliar_modelo:288 - Indicador de Overfitting - Acurácia: 0.0953 | AUC: 0.1542
2025-06-06 19:24:20.969 | INFO     | __main__:<module>:343 - Modelo salvo: resultados\financeiro\modelos\commodities_modelo.pkl | Tempo total: 483.02s
2025-06-06 19:24:21.949 | INFO     | __main__:preparar_dados:58 - Janela usada: 1a (365 dias)
2025-06-06 19:24:21.970 | INFO     | __main__:preparar_dados:96 - Features selecionadas: 16 de 16
2025-06-06 19:24:21.985 | INFO     | __main__:treinar_modelo:187 - Usando 50 trials para otimização
2025-06-06 19:26:17.060 | INFO     | __main__:treinar_modelo:198 - Melhores parâmetros para xgb (modelo 1): {'max_depth': 5, 'learning_rate': 0.01910697903655011, 'n_estimators': 239, 'subsample': 0.6440566380026521, 'colsample_bytree': 0.6616939989549204, 'min_child_weight': 11, 'gamma': 0.3158733454093572, 'reg_alpha': 2.301363275382851, 'reg_lambda': 1.738180645710935}
2025-06-06 19:28:11.392 | INFO     | __main__:treinar_modelo:198 - Melhores parâmetros para xgb (modelo 2): {'max_depth': 5, 'learning_rate': 0.02071653658245665, 'n_estimators': 248, 'subsample': 0.627218454861648, 'colsample_bytree': 0.6218544529116664, 'min_child_weight': 12, 'gamma': 0.4984356967168056, 'reg_alpha': 2.6662617127616772, 'reg_lambda': 1.5361943582638689}
2025-06-06 19:30:17.234 | INFO     | __main__:treinar_modelo:198 - Melhores parâmetros para xgb (modelo 3): {'max_depth': 5, 'learning_rate': 0.029256317652087603, 'n_estimators': 254, 'subsample': 0.6050129682588328, 'colsample_bytree': 0.5595331480662362, 'min_child_weight': 6, 'gamma': 0.5215927000610614, 'reg_alpha': 2.6605979657428867, 'reg_lambda': 2.3900108542225262}
2025-06-06 19:32:47.814 | INFO     | __main__:treinar_modelo:198 - Melhores parâmetros para xgb (modelo 4): {'max_depth': 5, 'learning_rate': 0.023876863393929703, 'n_estimators': 266, 'subsample': 0.6961696934482623, 'colsample_bytree': 0.5998865080155912, 'min_child_weight': 7, 'gamma': 0.5507111719874427, 'reg_alpha': 1.05425839182911, 'reg_lambda': 1.9364792998395004}
2025-06-06 19:35:08.098 | INFO     | __main__:treinar_modelo:198 - Melhores parâmetros para xgb (modelo 5): {'max_depth': 5, 'learning_rate': 0.020247193214027046, 'n_estimators': 181, 'subsample': 0.5852966266265578, 'colsample_bytree': 0.5912778771747049, 'min_child_weight': 5, 'gamma': 0.5253620016176003, 'reg_alpha': 2.4363747770629316, 'reg_lambda': 2.0836358564285193}
2025-06-06 19:35:08.900 | INFO     | __main__:treinar_modelo:234 - Pesos dos modelos: [0.19562775 0.19648625 0.20636377 0.20679121 0.19473102]
2025-06-06 19:35:12.079 | INFO     | __main__:avaliar_modelo:265 - Walk-forward 1 - Acurácia: 0.5474 | AUC: 0.5580
2025-06-06 19:35:15.280 | INFO     | __main__:avaliar_modelo:265 - Walk-forward 2 - Acurácia: 0.6053 | AUC: 0.6279
2025-06-06 19:35:18.393 | INFO     | __main__:avaliar_modelo:265 - Walk-forward 3 - Acurácia: 0.5833 | AUC: 0.6156
2025-06-06 19:35:22.748 | INFO     | __main__:avaliar_modelo:265 - Walk-forward 4 - Acurácia: 0.5289 | AUC: 0.5704
2025-06-06 19:35:27.147 | INFO     | __main__:avaliar_modelo:265 - Walk-forward 5 - Acurácia: 0.5415 | AUC: 0.5897
2025-06-06 19:35:27.148 | INFO     | __main__:avaliar_modelo:272 - Média Walk-forward - Acurácia: 0.5613 (±0.0285) | AUC: 0.5923 (±0.0264)
2025-06-06 19:35:27.259 | INFO     | __main__:avaliar_modelo:283 - Avaliação Final - Acurácia: 0.7259 | AUC: 0.7937
2025-06-06 19:35:27.260 | INFO     | __main__:avaliar_modelo:288 - Indicador de Overfitting - Acurácia: 0.1646 | AUC: 0.2014
2025-06-06 19:35:27.314 | INFO     | __main__:<module>:343 - Modelo salvo: resultados\financeiro\modelos\criptos_modelo.pkl | Tempo total: 665.29s
2025-06-06 19:35:27.583 | INFO     | __main__:preparar_dados:58 - Janela usada: 9m (3650 dias)
2025-06-06 19:35:27.635 | INFO     | __main__:preparar_dados:96 - Features selecionadas: 20 de 29
2025-06-06 19:35:27.649 | INFO     | __main__:treinar_modelo:187 - Usando 50 trials para otimização
2025-06-06 19:39:20.303 | INFO     | __main__:treinar_modelo:198 - Melhores parâmetros para xgb (modelo 1): {'max_depth': 5, 'learning_rate': 0.027160071816825317, 'n_estimators': 294, 'subsample': 0.5761940402011435, 'colsample_bytree': 0.544621643567153, 'min_child_weight': 7, 'gamma': 0.6258881089982367, 'reg_alpha': 2.2675827343839714, 'reg_lambda': 1.885542730562375}
2025-06-06 19:43:52.291 | INFO     | __main__:treinar_modelo:198 - Melhores parâmetros para xgb (modelo 2): {'max_depth': 5, 'learning_rate': 0.027215117030115157, 'n_estimators': 270, 'subsample': 0.6821171694999926, 'colsample_bytree': 0.559299946925513, 'min_child_weight': 14, 'gamma': 0.6493662678594768, 'reg_alpha': 1.7137942826836465, 'reg_lambda': 2.218759328814793}
2025-06-06 19:47:35.976 | INFO     | __main__:treinar_modelo:198 - Melhores parâmetros para xgb (modelo 3): {'max_depth': 5, 'learning_rate': 0.026368393704937803, 'n_estimators': 291, 'subsample': 0.5771225811061327, 'colsample_bytree': 0.5752705799290713, 'min_child_weight': 14, 'gamma': 0.5791446061516198, 'reg_alpha': 1.5210958407797457, 'reg_lambda': 1.3784990050876713}
2025-06-06 19:51:35.026 | INFO     | __main__:treinar_modelo:198 - Melhores parâmetros para xgb (modelo 4): {'max_depth': 5, 'learning_rate': 0.028075074367905434, 'n_estimators': 270, 'subsample': 0.5889863194125079, 'colsample_bytree': 0.632660555210528, 'min_child_weight': 5, 'gamma': 0.33691091615492286, 'reg_alpha': 1.5894788670213238, 'reg_lambda': 1.6296189698012922}
2025-06-06 19:55:44.058 | INFO     | __main__:treinar_modelo:198 - Melhores parâmetros para xgb (modelo 5): {'max_depth': 5, 'learning_rate': 0.027320228697240413, 'n_estimators': 268, 'subsample': 0.6668299461372585, 'colsample_bytree': 0.5765022783369338, 'min_child_weight': 10, 'gamma': 0.9742956021857594, 'reg_alpha': 2.8893710060794024, 'reg_lambda': 2.763030721327607}
2025-06-06 19:55:45.263 | INFO     | __main__:treinar_modelo:234 - Pesos dos modelos: [0.20270749 0.19697335 0.19738358 0.20488772 0.19804786]
2025-06-06 19:55:49.650 | INFO     | __main__:avaliar_modelo:265 - Walk-forward 1 - Acurácia: 0.5032 | AUC: 0.4968
2025-06-06 19:55:55.439 | INFO     | __main__:avaliar_modelo:265 - Walk-forward 2 - Acurácia: 0.5080 | AUC: 0.5077
2025-06-06 19:56:00.733 | INFO     | __main__:avaliar_modelo:265 - Walk-forward 3 - Acurácia: 0.5984 | AUC: 0.6295
2025-06-06 19:56:06.846 | INFO     | __main__:avaliar_modelo:265 - Walk-forward 4 - Acurácia: 0.5821 | AUC: 0.6198
2025-06-06 19:56:12.301 | INFO     | __main__:avaliar_modelo:265 - Walk-forward 5 - Acurácia: 0.5752 | AUC: 0.6052
2025-06-06 19:56:12.302 | INFO     | __main__:avaliar_modelo:272 - Média Walk-forward - Acurácia: 0.5534 (±0.0398) | AUC: 0.5718 (±0.0574)
2025-06-06 19:56:12.492 | INFO     | __main__:avaliar_modelo:283 - Avaliação Final - Acurácia: 0.7192 | AUC: 0.7897
2025-06-06 19:56:12.493 | INFO     | __main__:avaliar_modelo:288 - Indicador de Overfitting - Acurácia: 0.1658 | AUC: 0.2179
2025-06-06 19:56:12.565 | INFO     | __main__:<module>:343 - Modelo salvo: resultados\financeiro\modelos\juros_modelo.pkl | Tempo total: 1244.86s
2025-06-06 19:56:12.699 | INFO     | __main__:preparar_dados:58 - Janela usada: 3a (1095 dias)
2025-06-06 19:56:12.713 | INFO     | __main__:preparar_dados:96 - Features selecionadas: 8 de 21
2025-06-06 19:56:12.722 | INFO     | __main__:treinar_modelo:187 - Usando 15 trials para otimização
2025-06-06 19:56:27.357 | INFO     | __main__:treinar_modelo:198 - Melhores parâmetros para xgb (modelo 1): {'max_depth': 3, 'learning_rate': 0.011168219024967367, 'n_estimators': 200, 'subsample': 0.6357538776320201, 'colsample_bytree': 0.5049064912928248, 'min_child_weight': 15, 'gamma': 0.9741596011215296, 'reg_alpha': 2.3275026093422313, 'reg_lambda': 2.1059530797445576}
2025-06-06 19:56:41.173 | INFO     | __main__:treinar_modelo:198 - Melhores parâmetros para xgb (modelo 2): {'max_depth': 3, 'learning_rate': 0.01819670213849894, 'n_estimators': 275, 'subsample': 0.5527839515521412, 'colsample_bytree': 0.50141170067296, 'min_child_weight': 12, 'gamma': 0.6383384162077597, 'reg_alpha': 2.495266557153224, 'reg_lambda': 1.0203238612236254}
2025-06-06 19:57:03.665 | INFO     | __main__:treinar_modelo:198 - Melhores parâmetros para xgb (modelo 3): {'max_depth': 3, 'learning_rate': 0.015090078502022002, 'n_estimators': 252, 'subsample': 0.6509037783580377, 'colsample_bytree': 0.54386005004112, 'min_child_weight': 15, 'gamma': 0.47325351193018417, 'reg_alpha': 2.4422240878098633, 'reg_lambda': 2.2834734760699114}
2025-06-06 19:57:17.121 | INFO     | __main__:treinar_modelo:198 - Melhores parâmetros para xgb (modelo 4): {'max_depth': 3, 'learning_rate': 0.01661956391389295, 'n_estimators': 229, 'subsample': 0.6578511465196366, 'colsample_bytree': 0.6205186678431203, 'min_child_weight': 13, 'gamma': 0.7003695609743982, 'reg_alpha': 1.541411779667258, 'reg_lambda': 2.002607190900436}
2025-06-06 19:57:32.418 | INFO     | __main__:treinar_modelo:198 - Melhores parâmetros para xgb (modelo 5): {'max_depth': 3, 'learning_rate': 0.025522188632036546, 'n_estimators': 139, 'subsample': 0.54099744612814, 'colsample_bytree': 0.6461529683883845, 'min_child_weight': 12, 'gamma': 0.7608283417589627, 'reg_alpha': 2.6041819767392984, 'reg_lambda': 1.6177424990858242}
2025-06-06 19:57:32.781 | INFO     | __main__:treinar_modelo:234 - Pesos dos modelos: [0.1915856  0.20582401 0.20058141 0.20339993 0.19860904]
2025-06-06 19:57:34.929 | INFO     | __main__:avaliar_modelo:265 - Walk-forward 1 - Acurácia: 0.5449 | AUC: 0.4885
2025-06-06 19:57:40.657 | INFO     | __main__:avaliar_modelo:265 - Walk-forward 2 - Acurácia: 0.5160 | AUC: 0.5083
2025-06-06 19:57:44.326 | INFO     | __main__:avaliar_modelo:265 - Walk-forward 3 - Acurácia: 0.5577 | AUC: 0.5665
2025-06-06 19:57:47.679 | INFO     | __main__:avaliar_modelo:265 - Walk-forward 4 - Acurácia: 0.5192 | AUC: 0.4854
2025-06-06 19:57:50.548 | INFO     | __main__:avaliar_modelo:265 - Walk-forward 5 - Acurácia: 0.5462 | AUC: 0.5333
2025-06-06 19:57:50.549 | INFO     | __main__:avaliar_modelo:272 - Média Walk-forward - Acurácia: 0.5368 (±0.0163) | AUC: 0.5164 (±0.0303)
2025-06-06 19:57:50.630 | INFO     | __main__:avaliar_modelo:283 - Avaliação Final - Acurácia: 0.6231 | AUC: 0.6830
2025-06-06 19:57:50.638 | INFO     | __main__:avaliar_modelo:288 - Indicador de Overfitting - Acurácia: 0.0863 | AUC: 0.1666
2025-06-06 19:57:50.758 | INFO     | __main__:<module>:343 - Modelo salvo: resultados\financeiro\modelos\moedas_modelo.pkl | Tempo total: 97.99s
2025-06-06 19:57:50.762 | INFO     | __main__:<module>:348 - Pipeline concluído com sucesso.
